memory[0]=8519697
memory[1]=8585234
memory[2]=8650768
memory[3]=8847379
memory[4]=4456452
memory[5]=4390915
memory[6]=6029317
memory[7]=19398657
memory[8]=1114113
memory[9]=4456452
memory[10]=4390915
memory[11]=1179650
memory[12]=2359300
memory[13]=20709377
memory[14]=16842741
memory[15]=25165824
memory[16]=1
memory[17]=6203
memory[18]=1429
memory[19]=32768

@@@
state:
	pc 0
	memory:
		mem[ 0 ] 8519697
		mem[ 1 ] 8585234
		mem[ 2 ] 8650768
		mem[ 3 ] 8847379
		mem[ 4 ] 4456452
		mem[ 5 ] 4390915
		mem[ 6 ] 6029317
		mem[ 7 ] 19398657
		mem[ 8 ] 1114113
		mem[ 9 ] 4456452
		mem[ 10 ] 4390915
		mem[ 11 ] 1179650
		mem[ 12 ] 2359300
		mem[ 13 ] 20709377
		mem[ 14 ] 16842741
		mem[ 15 ] 25165824
		mem[ 16 ] 1
		mem[ 17 ] 6203
		mem[ 18 ] 1429
		mem[ 19 ] 32768
	registers:
		reg[ 0 ] 0
		reg[ 1 ] 0
		reg[ 2 ] 0
		reg[ 3 ] 0
		reg[ 4 ] 0
		reg[ 5 ] 0
		reg[ 6 ] 0
		reg[ 7 ] 0
end state

@@@
state:
	pc 1
	memory:
		mem[ 0 ] 8519697
		mem[ 1 ] 8585234
		mem[ 2 ] 8650768
		mem[ 3 ] 8847379
		mem[ 4 ] 4456452
		mem[ 5 ] 4390915
		mem[ 6 ] 6029317
		mem[ 7 ] 19398657
		mem[ 8 ] 1114113
		mem[ 9 ] 4456452
		mem[ 10 ] 4390915
		mem[ 11 ] 1179650
		mem[ 12 ] 2359300
		mem[ 13 ] 20709377
		mem[ 14 ] 16842741
		mem[ 15 ] 25165824
		mem[ 16 ] 1
		mem[ 17 ] 6203
		mem[ 18 ] 1429
		mem[ 19 ] 32768
	registers:
		reg[ 0 ] 0
		reg[ 1 ] 0
		reg[ 2 ] 6203
		reg[ 3 ] 0
		reg[ 4 ] 0
		reg[ 5 ] 0
		reg[ 6 ] 0
		reg[ 7 ] 0
end state

@@@
state:
	pc 2
	memory:
		mem[ 0 ] 8519697
		mem[ 1 ] 8585234
		mem[ 2 ] 8650768
		mem[ 3 ] 8847379
		mem[ 4 ] 4456452
		mem[ 5 ] 4390915
		mem[ 6 ] 6029317
		mem[ 7 ] 19398657
		mem[ 8 ] 1114113
		mem[ 9 ] 4456452
		mem[ 10 ] 4390915
		mem[ 11 ] 1179650
		mem[ 12 ] 2359300
		mem[ 13 ] 20709377
		mem[ 14 ] 16842741
		mem[ 15 ] 25165824
		mem[ 16 ] 1
		mem[ 17 ] 6203
		mem[ 18 ] 1429
		mem[ 19 ] 32768
	registers:
		reg[ 0 ] 0
		reg[ 1 ] 0
		reg[ 2 ] 6203
		reg[ 3 ] 1429
		reg[ 4 ] 0
		reg[ 5 ] 0
		reg[ 6 ] 0
		reg[ 7 ] 0
end state

@@@
state:
	pc 3
	memory:
		mem[ 0 ] 8519697
		mem[ 1 ] 8585234
		mem[ 2 ] 8650768
		mem[ 3 ] 8847379
		mem[ 4 ] 4456452
		mem[ 5 ] 4390915
		mem[ 6 ] 6029317
		mem[ 7 ] 19398657
		mem[ 8 ] 1114113
		mem[ 9 ] 4456452
		mem[ 10 ] 4390915
		mem[ 11 ] 1179650
		mem[ 12 ] 2359300
		mem[ 13 ] 20709377
		mem[ 14 ] 16842741
		mem[ 15 ] 25165824
		mem[ 16 ] 1
		mem[ 17 ] 6203
		mem[ 18 ] 1429
		mem[ 19 ] 32768
	registers:
		reg[ 0 ] 0
		reg[ 1 ] 0
		reg[ 2 ] 6203
		reg[ 3 ] 1429
		reg[ 4 ] 1
		reg[ 5 ] 0
		reg[ 6 ] 0
		reg[ 7 ] 0
end state

@@@
state:
	pc 4
	memory:
		mem[ 0 ] 8519697
		mem[ 1 ] 8585234
		mem[ 2 ] 8650768
		mem[ 3 ] 8847379
		mem[ 4 ] 4456452
		mem[ 5 ] 4390915
		mem[ 6 ] 6029317
		mem[ 7 ] 19398657
		mem[ 8 ] 1114113
		mem[ 9 ] 4456452
		mem[ 10 ] 4390915
		mem[ 11 ] 1179650
		mem[ 12 ] 2359300
		mem[ 13 ] 20709377
		mem[ 14 ] 16842741
		mem[ 15 ] 25165824
		mem[ 16 ] 1
		mem[ 17 ] 6203
		mem[ 18 ] 1429
		mem[ 19 ] 32768
	registers:
		reg[ 0 ] 0
		reg[ 1 ] 0
		reg[ 2 ] 6203
		reg[ 3 ] 1429
		reg[ 4 ] 1
		reg[ 5 ] 0
		reg[ 6 ] 0
		reg[ 7 ] 32768
end state

@@@
state:
	pc 5
	memory:
		mem[ 0 ] 8519697
		mem[ 1 ] 8585234
		mem[ 2 ] 8650768
		mem[ 3 ] 8847379
		mem[ 4 ] 4456452
		mem[ 5 ] 4390915
		mem[ 6 ] 6029317
		mem[ 7 ] 19398657
		mem[ 8 ] 1114113
		mem[ 9 ] 4456452
		mem[ 10 ] 4390915
		mem[ 11 ] 1179650
		mem[ 12 ] 2359300
		mem[ 13 ] 20709377
		mem[ 14 ] 16842741
		mem[ 15 ] 25165824
		mem[ 16 ] 1
		mem[ 17 ] 6203
		mem[ 18 ] 1429
		mem[ 19 ] 32768
	registers:
		reg[ 0 ] 0
		reg[ 1 ] 0
		reg[ 2 ] 6203
		reg[ 3 ] 1429
		reg[ 4 ] -2
		reg[ 5 ] 0
		reg[ 6 ] 0
		reg[ 7 ] 32768
end state

@@@
state:
	pc 6
	memory:
		mem[ 0 ] 8519697
		mem[ 1 ] 8585234
		mem[ 2 ] 8650768
		mem[ 3 ] 8847379
		mem[ 4 ] 4456452
		mem[ 5 ] 4390915
		mem[ 6 ] 6029317
		mem[ 7 ] 19398657
		mem[ 8 ] 1114113
		mem[ 9 ] 4456452
		mem[ 10 ] 4390915
		mem[ 11 ] 1179650
		mem[ 12 ] 2359300
		mem[ 13 ] 20709377
		mem[ 14 ] 16842741
		mem[ 15 ] 25165824
		mem[ 16 ] 1
		mem[ 17 ] 6203
		mem[ 18 ] 1429
		mem[ 19 ] 32768
	registers:
		reg[ 0 ] 0
		reg[ 1 ] 0
		reg[ 2 ] 6203
		reg[ 3 ] -1430
		reg[ 4 ] -2
		reg[ 5 ] 0
		reg[ 6 ] 0
		reg[ 7 ] 32768
end state

@@@
state:
	pc 7
	memory:
		mem[ 0 ] 8519697
		mem[ 1 ] 8585234
		mem[ 2 ] 8650768
		mem[ 3 ] 8847379
		mem[ 4 ] 4456452
		mem[ 5 ] 4390915
		mem[ 6 ] 6029317
		mem[ 7 ] 19398657
		mem[ 8 ] 1114113
		mem[ 9 ] 4456452
		mem[ 10 ] 4390915
		mem[ 11 ] 1179650
		mem[ 12 ] 2359300
		mem[ 13 ] 20709377
		mem[ 14 ] 16842741
		mem[ 15 ] 25165824
		mem[ 16 ] 1
		mem[ 17 ] 6203
		mem[ 18 ] 1429
		mem[ 19 ] 32768
	registers:
		reg[ 0 ] 0
		reg[ 1 ] 0
		reg[ 2 ] 6203
		reg[ 3 ] -1430
		reg[ 4 ] -2
		reg[ 5 ] 1
		reg[ 6 ] 0
		reg[ 7 ] 32768
end state

@@@
state:
	pc 8
	memory:
		mem[ 0 ] 8519697
		mem[ 1 ] 8585234
		mem[ 2 ] 8650768
		mem[ 3 ] 8847379
		mem[ 4 ] 4456452
		mem[ 5 ] 4390915
		mem[ 6 ] 6029317
		mem[ 7 ] 19398657
		mem[ 8 ] 1114113
		mem[ 9 ] 4456452
		mem[ 10 ] 4390915
		mem[ 11 ] 1179650
		mem[ 12 ] 2359300
		mem[ 13 ] 20709377
		mem[ 14 ] 16842741
		mem[ 15 ] 25165824
		mem[ 16 ] 1
		mem[ 17 ] 6203
		mem[ 18 ] 1429
		mem[ 19 ] 32768
	registers:
		reg[ 0 ] 0
		reg[ 1 ] 0
		reg[ 2 ] 6203
		reg[ 3 ] -1430
		reg[ 4 ] -2
		reg[ 5 ] 1
		reg[ 6 ] 0
		reg[ 7 ] 32768
end state

@@@
state:
	pc 9
	memory:
		mem[ 0 ] 8519697
		mem[ 1 ] 8585234
		mem[ 2 ] 8650768
		mem[ 3 ] 8847379
		mem[ 4 ] 4456452
		mem[ 5 ] 4390915
		mem[ 6 ] 6029317
		mem[ 7 ] 19398657
		mem[ 8 ] 1114113
		mem[ 9 ] 4456452
		mem[ 10 ] 4390915
		mem[ 11 ] 1179650
		mem[ 12 ] 2359300
		mem[ 13 ] 20709377
		mem[ 14 ] 16842741
		mem[ 15 ] 25165824
		mem[ 16 ] 1
		mem[ 17 ] 6203
		mem[ 18 ] 1429
		mem[ 19 ] 32768
	registers:
		reg[ 0 ] 0
		reg[ 1 ] 6203
		reg[ 2 ] 6203
		reg[ 3 ] -1430
		reg[ 4 ] -2
		reg[ 5 ] 1
		reg[ 6 ] 0
		reg[ 7 ] 32768
end state

@@@
state:
	pc 10
	memory:
		mem[ 0 ] 8519697
		mem[ 1 ] 8585234
		mem[ 2 ] 8650768
		mem[ 3 ] 8847379
		mem[ 4 ] 4456452
		mem[ 5 ] 4390915
		mem[ 6 ] 6029317
		mem[ 7 ] 19398657
		mem[ 8 ] 1114113
		mem[ 9 ] 4456452
		mem[ 10 ] 4390915
		mem[ 11 ] 1179650
		mem[ 12 ] 2359300
		mem[ 13 ] 20709377
		mem[ 14 ] 16842741
		mem[ 15 ] 25165824
		mem[ 16 ] 1
		mem[ 17 ] 6203
		mem[ 18 ] 1429
		mem[ 19 ] 32768
	registers:
		reg[ 0 ] 0
		reg[ 1 ] 6203
		reg[ 2 ] 6203
		reg[ 3 ] -1430
		reg[ 4 ] 1
		reg[ 5 ] 1
		reg[ 6 ] 0
		reg[ 7 ] 32768
end state

@@@
state:
	pc 11
	memory:
		mem[ 0 ] 8519697
		mem[ 1 ] 8585234
		mem[ 2 ] 8650768
		mem[ 3 ] 8847379
		mem[ 4 ] 4456452
		mem[ 5 ] 4390915
		mem[ 6 ] 6029317
		mem[ 7 ] 19398657
		mem[ 8 ] 1114113
		mem[ 9 ] 4456452
		mem[ 10 ] 4390915
		mem[ 11 ] 1179650
		mem[ 12 ] 2359300
		mem[ 13 ] 20709377
		mem[ 14 ] 16842741
		mem[ 15 ] 25165824
		mem[ 16 ] 1
		mem[ 17 ] 6203
		mem[ 18 ] 1429
		mem[ 19 ] 32768
	registers:
		reg[ 0 ] 0
		reg[ 1 ] 6203
		reg[ 2 ] 6203
		reg[ 3 ] 1429
		reg[ 4 ] 1
		reg[ 5 ] 1
		reg[ 6 ] 0
		reg[ 7 ] 32768
end state

@@@
state:
	pc 12
	memory:
		mem[ 0 ] 8519697
		mem[ 1 ] 8585234
		mem[ 2 ] 8650768
		mem[ 3 ] 8847379
		mem[ 4 ] 4456452
		mem[ 5 ] 4390915
		mem[ 6 ] 6029317
		mem[ 7 ] 19398657
		mem[ 8 ] 1114113
		mem[ 9 ] 4456452
		mem[ 10 ] 4390915
		mem[ 11 ] 1179650
		mem[ 12 ] 2359300
		mem[ 13 ] 20709377
		mem[ 14 ] 16842741
		mem[ 15 ] 25165824
		mem[ 16 ] 1
		mem[ 17 ] 6203
		mem[ 18 ] 1429
		mem[ 19 ] 32768
	registers:
		reg[ 0 ] 0
		reg[ 1 ] 6203
		reg[ 2 ] 12406
		reg[ 3 ] 1429
		reg[ 4 ] 1
		reg[ 5 ] 1
		reg[ 6 ] 0
		reg[ 7 ] 32768
end state

@@@
state:
	pc 13
	memory:
		mem[ 0 ] 8519697
		mem[ 1 ] 8585234
		mem[ 2 ] 8650768
		mem[ 3 ] 8847379
		mem[ 4 ] 4456452
		mem[ 5 ] 4390915
		mem[ 6 ] 6029317
		mem[ 7 ] 19398657
		mem[ 8 ] 1114113
		mem[ 9 ] 4456452
		mem[ 10 ] 4390915
		mem[ 11 ] 1179650
		mem[ 12 ] 2359300
		mem[ 13 ] 20709377
		mem[ 14 ] 16842741
		mem[ 15 ] 25165824
		mem[ 16 ] 1
		mem[ 17 ] 6203
		mem[ 18 ] 1429
		mem[ 19 ] 32768
	registers:
		reg[ 0 ] 0
		reg[ 1 ] 6203
		reg[ 2 ] 12406
		reg[ 3 ] 1429
		reg[ 4 ] 2
		reg[ 5 ] 1
		reg[ 6 ] 0
		reg[ 7 ] 32768
end state

@@@
state:
	pc 14
	memory:
		mem[ 0 ] 8519697
		mem[ 1 ] 8585234
		mem[ 2 ] 8650768
		mem[ 3 ] 8847379
		mem[ 4 ] 4456452
		mem[ 5 ] 4390915
		mem[ 6 ] 6029317
		mem[ 7 ] 19398657
		mem[ 8 ] 1114113
		mem[ 9 ] 4456452
		mem[ 10 ] 4390915
		mem[ 11 ] 1179650
		mem[ 12 ] 2359300
		mem[ 13 ] 20709377
		mem[ 14 ] 16842741
		mem[ 15 ] 25165824
		mem[ 16 ] 1
		mem[ 17 ] 6203
		mem[ 18 ] 1429
		mem[ 19 ] 32768
	registers:
		reg[ 0 ] 0
		reg[ 1 ] 6203
		reg[ 2 ] 12406
		reg[ 3 ] 1429
		reg[ 4 ] 2
		reg[ 5 ] 1
		reg[ 6 ] 0
		reg[ 7 ] 32768
end state

@@@
state:
	pc 4
	memory:
		mem[ 0 ] 8519697
		mem[ 1 ] 8585234
		mem[ 2 ] 8650768
		mem[ 3 ] 8847379
		mem[ 4 ] 4456452
		mem[ 5 ] 4390915
		mem[ 6 ] 6029317
		mem[ 7 ] 19398657
		mem[ 8 ] 1114113
		mem[ 9 ] 4456452
		mem[ 10 ] 4390915
		mem[ 11 ] 1179650
		mem[ 12 ] 2359300
		mem[ 13 ] 20709377
		mem[ 14 ] 16842741
		mem[ 15 ] 25165824
		mem[ 16 ] 1
		mem[ 17 ] 6203
		mem[ 18 ] 1429
		mem[ 19 ] 32768
	registers:
		reg[ 0 ] 0
		reg[ 1 ] 6203
		reg[ 2 ] 12406
		reg[ 3 ] 1429
		reg[ 4 ] 2
		reg[ 5 ] 1
		reg[ 6 ] 0
		reg[ 7 ] 32768
end state

@@@
state:
	pc 5
	memory:
		mem[ 0 ] 8519697
		mem[ 1 ] 8585234
		mem[ 2 ] 8650768
		mem[ 3 ] 8847379
		mem[ 4 ] 4456452
		mem[ 5 ] 4390915
		mem[ 6 ] 6029317
		mem[ 7 ] 19398657
		mem[ 8 ] 1114113
		mem[ 9 ] 4456452
		mem[ 10 ] 4390915
		mem[ 11 ] 1179650
		mem[ 12 ] 2359300
		mem[ 13 ] 20709377
		mem[ 14 ] 16842741
		mem[ 15 ] 25165824
		mem[ 16 ] 1
		mem[ 17 ] 6203
		mem[ 18 ] 1429
		mem[ 19 ] 32768
	registers:
		reg[ 0 ] 0
		reg[ 1 ] 6203
		reg[ 2 ] 12406
		reg[ 3 ] 1429
		reg[ 4 ] -3
		reg[ 5 ] 1
		reg[ 6 ] 0
		reg[ 7 ] 32768
end state

@@@
state:
	pc 6
	memory:
		mem[ 0 ] 8519697
		mem[ 1 ] 8585234
		mem[ 2 ] 8650768
		mem[ 3 ] 8847379
		mem[ 4 ] 4456452
		mem[ 5 ] 4390915
		mem[ 6 ] 6029317
		mem[ 7 ] 19398657
		mem[ 8 ] 1114113
		mem[ 9 ] 4456452
		mem[ 10 ] 4390915
		mem[ 11 ] 1179650
		mem[ 12 ] 2359300
		mem[ 13 ] 20709377
		mem[ 14 ] 16842741
		mem[ 15 ] 25165824
		mem[ 16 ] 1
		mem[ 17 ] 6203
		mem[ 18 ] 1429
		mem[ 19 ] 32768
	registers:
		reg[ 0 ] 0
		reg[ 1 ] 6203
		reg[ 2 ] 12406
		reg[ 3 ] -1430
		reg[ 4 ] -3
		reg[ 5 ] 1
		reg[ 6 ] 0
		reg[ 7 ] 32768
end state

@@@
state:
	pc 7
	memory:
		mem[ 0 ] 8519697
		mem[ 1 ] 8585234
		mem[ 2 ] 8650768
		mem[ 3 ] 8847379
		mem[ 4 ] 4456452
		mem[ 5 ] 4390915
		mem[ 6 ] 6029317
		mem[ 7 ] 19398657
		mem[ 8 ] 1114113
		mem[ 9 ] 4456452
		mem[ 10 ] 4390915
		mem[ 11 ] 1179650
		mem[ 12 ] 2359300
		mem[ 13 ] 20709377
		mem[ 14 ] 16842741
		mem[ 15 ] 25165824
		mem[ 16 ] 1
		mem[ 17 ] 6203
		mem[ 18 ] 1429
		mem[ 19 ] 32768
	registers:
		reg[ 0 ] 0
		reg[ 1 ] 6203
		reg[ 2 ] 12406
		reg[ 3 ] -1430
		reg[ 4 ] -3
		reg[ 5 ] 0
		reg[ 6 ] 0
		reg[ 7 ] 32768
end state

@@@
state:
	pc 9
	memory:
		mem[ 0 ] 8519697
		mem[ 1 ] 8585234
		mem[ 2 ] 8650768
		mem[ 3 ] 8847379
		mem[ 4 ] 4456452
		mem[ 5 ] 4390915
		mem[ 6 ] 6029317
		mem[ 7 ] 19398657
		mem[ 8 ] 1114113
		mem[ 9 ] 4456452
		mem[ 10 ] 4390915
		mem[ 11 ] 1179650
		mem[ 12 ] 2359300
		mem[ 13 ] 20709377
		mem[ 14 ] 16842741
		mem[ 15 ] 25165824
		mem[ 16 ] 1
		mem[ 17 ] 6203
		mem[ 18 ] 1429
		mem[ 19 ] 32768
	registers:
		reg[ 0 ] 0
		reg[ 1 ] 6203
		reg[ 2 ] 12406
		reg[ 3 ] -1430
		reg[ 4 ] -3
		reg[ 5 ] 0
		reg[ 6 ] 0
		reg[ 7 ] 32768
end state

@@@
state:
	pc 10
	memory:
		mem[ 0 ] 8519697
		mem[ 1 ] 8585234
		mem[ 2 ] 8650768
		mem[ 3 ] 8847379
		mem[ 4 ] 4456452
		mem[ 5 ] 4390915
		mem[ 6 ] 6029317
		mem[ 7 ] 19398657
		mem[ 8 ] 1114113
		mem[ 9 ] 4456452
		mem[ 10 ] 4390915
		mem[ 11 ] 1179650
		mem[ 12 ] 2359300
		mem[ 13 ] 20709377
		mem[ 14 ] 16842741
		mem[ 15 ] 25165824
		mem[ 16 ] 1
		mem[ 17 ] 6203
		mem[ 18 ] 1429
		mem[ 19 ] 32768
	registers:
		reg[ 0 ] 0
		reg[ 1 ] 6203
		reg[ 2 ] 12406
		reg[ 3 ] -1430
		reg[ 4 ] 2
		reg[ 5 ] 0
		reg[ 6 ] 0
		reg[ 7 ] 32768
end state

@@@
state:
	pc 11
	memory:
		mem[ 0 ] 8519697
		mem[ 1 ] 8585234
		mem[ 2 ] 8650768
		mem[ 3 ] 8847379
		mem[ 4 ] 4456452
		mem[ 5 ] 4390915
		mem[ 6 ] 6029317
		mem[ 7 ] 19398657
		mem[ 8 ] 1114113
		mem[ 9 ] 4456452
		mem[ 10 ] 4390915
		mem[ 11 ] 1179650
		mem[ 12 ] 2359300
		mem[ 13 ] 20709377
		mem[ 14 ] 16842741
		mem[ 15 ] 25165824
		mem[ 16 ] 1
		mem[ 17 ] 6203
		mem[ 18 ] 1429
		mem[ 19 ] 32768
	registers:
		reg[ 0 ] 0
		reg[ 1 ] 6203
		reg[ 2 ] 12406
		reg[ 3 ] 1429
		reg[ 4 ] 2
		reg[ 5 ] 0
		reg[ 6 ] 0
		reg[ 7 ] 32768
end state

@@@
state:
	pc 12
	memory:
		mem[ 0 ] 8519697
		mem[ 1 ] 8585234
		mem[ 2 ] 8650768
		mem[ 3 ] 8847379
		mem[ 4 ] 4456452
		mem[ 5 ] 4390915
		mem[ 6 ] 6029317
		mem[ 7 ] 19398657
		mem[ 8 ] 1114113
		mem[ 9 ] 4456452
		mem[ 10 ] 4390915
		mem[ 11 ] 1179650
		mem[ 12 ] 2359300
		mem[ 13 ] 20709377
		mem[ 14 ] 16842741
		mem[ 15 ] 25165824
		mem[ 16 ] 1
		mem[ 17 ] 6203
		mem[ 18 ] 1429
		mem[ 19 ] 32768
	registers:
		reg[ 0 ] 0
		reg[ 1 ] 6203
		reg[ 2 ] 24812
		reg[ 3 ] 1429
		reg[ 4 ] 2
		reg[ 5 ] 0
		reg[ 6 ] 0
		reg[ 7 ] 32768
end state

@@@
state:
	pc 13
	memory:
		mem[ 0 ] 8519697
		mem[ 1 ] 8585234
		mem[ 2 ] 8650768
		mem[ 3 ] 8847379
		mem[ 4 ] 4456452
		mem[ 5 ] 4390915
		mem[ 6 ] 6029317
		mem[ 7 ] 19398657
		mem[ 8 ] 1114113
		mem[ 9 ] 4456452
		mem[ 10 ] 4390915
		mem[ 11 ] 1179650
		mem[ 12 ] 2359300
		mem[ 13 ] 20709377
		mem[ 14 ] 16842741
		mem[ 15 ] 25165824
		mem[ 16 ] 1
		mem[ 17 ] 6203
		mem[ 18 ] 1429
		mem[ 19 ] 32768
	registers:
		reg[ 0 ] 0
		reg[ 1 ] 6203
		reg[ 2 ] 24812
		reg[ 3 ] 1429
		reg[ 4 ] 4
		reg[ 5 ] 0
		reg[ 6 ] 0
		reg[ 7 ] 32768
end state

@@@
state:
	pc 14
	memory:
		mem[ 0 ] 8519697
		mem[ 1 ] 8585234
		mem[ 2 ] 8650768
		mem[ 3 ] 8847379
		mem[ 4 ] 4456452
		mem[ 5 ] 4390915
		mem[ 6 ] 6029317
		mem[ 7 ] 19398657
		mem[ 8 ] 1114113
		mem[ 9 ] 4456452
		mem[ 10 ] 4390915
		mem[ 11 ] 1179650
		mem[ 12 ] 2359300
		mem[ 13 ] 20709377
		mem[ 14 ] 16842741
		mem[ 15 ] 25165824
		mem[ 16 ] 1
		mem[ 17 ] 6203
		mem[ 18 ] 1429
		mem[ 19 ] 32768
	registers:
		reg[ 0 ] 0
		reg[ 1 ] 6203
		reg[ 2 ] 24812
		reg[ 3 ] 1429
		reg[ 4 ] 4
		reg[ 5 ] 0
		reg[ 6 ] 0
		reg[ 7 ] 32768
end state

@@@
state:
	pc 4
	memory:
		mem[ 0 ] 8519697
		mem[ 1 ] 8585234
		mem[ 2 ] 8650768
		mem[ 3 ] 8847379
		mem[ 4 ] 4456452
		mem[ 5 ] 4390915
		mem[ 6 ] 6029317
		mem[ 7 ] 19398657
		mem[ 8 ] 1114113
		mem[ 9 ] 4456452
		mem[ 10 ] 4390915
		mem[ 11 ] 1179650
		mem[ 12 ] 2359300
		mem[ 13 ] 20709377
		mem[ 14 ] 16842741
		mem[ 15 ] 25165824
		mem[ 16 ] 1
		mem[ 17 ] 6203
		mem[ 18 ] 1429
		mem[ 19 ] 32768
	registers:
		reg[ 0 ] 0
		reg[ 1 ] 6203
		reg[ 2 ] 24812
		reg[ 3 ] 1429
		reg[ 4 ] 4
		reg[ 5 ] 0
		reg[ 6 ] 0
		reg[ 7 ] 32768
end state

@@@
state:
	pc 5
	memory:
		mem[ 0 ] 8519697
		mem[ 1 ] 8585234
		mem[ 2 ] 8650768
		mem[ 3 ] 8847379
		mem[ 4 ] 4456452
		mem[ 5 ] 4390915
		mem[ 6 ] 6029317
		mem[ 7 ] 19398657
		mem[ 8 ] 1114113
		mem[ 9 ] 4456452
		mem[ 10 ] 4390915
		mem[ 11 ] 1179650
		mem[ 12 ] 2359300
		mem[ 13 ] 20709377
		mem[ 14 ] 16842741
		mem[ 15 ] 25165824
		mem[ 16 ] 1
		mem[ 17 ] 6203
		mem[ 18 ] 1429
		mem[ 19 ] 32768
	registers:
		reg[ 0 ] 0
		reg[ 1 ] 6203
		reg[ 2 ] 24812
		reg[ 3 ] 1429
		reg[ 4 ] -5
		reg[ 5 ] 0
		reg[ 6 ] 0
		reg[ 7 ] 32768
end state

@@@
state:
	pc 6
	memory:
		mem[ 0 ] 8519697
		mem[ 1 ] 8585234
		mem[ 2 ] 8650768
		mem[ 3 ] 8847379
		mem[ 4 ] 4456452
		mem[ 5 ] 4390915
		mem[ 6 ] 6029317
		mem[ 7 ] 19398657
		mem[ 8 ] 1114113
		mem[ 9 ] 4456452
		mem[ 10 ] 4390915
		mem[ 11 ] 1179650
		mem[ 12 ] 2359300
		mem[ 13 ] 20709377
		mem[ 14 ] 16842741
		mem[ 15 ] 25165824
		mem[ 16 ] 1
		mem[ 17 ] 6203
		mem[ 18 ] 1429
		mem[ 19 ] 32768
	registers:
		reg[ 0 ] 0
		reg[ 1 ] 6203
		reg[ 2 ] 24812
		reg[ 3 ] -1430
		reg[ 4 ] -5
		reg[ 5 ] 0
		reg[ 6 ] 0
		reg[ 7 ] 32768
end state

@@@
state:
	pc 7
	memory:
		mem[ 0 ] 8519697
		mem[ 1 ] 8585234
		mem[ 2 ] 8650768
		mem[ 3 ] 8847379
		mem[ 4 ] 4456452
		mem[ 5 ] 4390915
		mem[ 6 ] 6029317
		mem[ 7 ] 19398657
		mem[ 8 ] 1114113
		mem[ 9 ] 4456452
		mem[ 10 ] 4390915
		mem[ 11 ] 1179650
		mem[ 12 ] 2359300
		mem[ 13 ] 20709377
		mem[ 14 ] 16842741
		mem[ 15 ] 25165824
		mem[ 16 ] 1
		mem[ 17 ] 6203
		mem[ 18 ] 1429
		mem[ 19 ] 32768
	registers:
		reg[ 0 ] 0
		reg[ 1 ] 6203
		reg[ 2 ] 24812
		reg[ 3 ] -1430
		reg[ 4 ] -5
		reg[ 5 ] 4
		reg[ 6 ] 0
		reg[ 7 ] 32768
end state

@@@
state:
	pc 8
	memory:
		mem[ 0 ] 8519697
		mem[ 1 ] 8585234
		mem[ 2 ] 8650768
		mem[ 3 ] 8847379
		mem[ 4 ] 4456452
		mem[ 5 ] 4390915
		mem[ 6 ] 6029317
		mem[ 7 ] 19398657
		mem[ 8 ] 1114113
		mem[ 9 ] 4456452
		mem[ 10 ] 4390915
		mem[ 11 ] 1179650
		mem[ 12 ] 2359300
		mem[ 13 ] 20709377
		mem[ 14 ] 16842741
		mem[ 15 ] 25165824
		mem[ 16 ] 1
		mem[ 17 ] 6203
		mem[ 18 ] 1429
		mem[ 19 ] 32768
	registers:
		reg[ 0 ] 0
		reg[ 1 ] 6203
		reg[ 2 ] 24812
		reg[ 3 ] -1430
		reg[ 4 ] -5
		reg[ 5 ] 4
		reg[ 6 ] 0
		reg[ 7 ] 32768
end state

@@@
state:
	pc 9
	memory:
		mem[ 0 ] 8519697
		mem[ 1 ] 8585234
		mem[ 2 ] 8650768
		mem[ 3 ] 8847379
		mem[ 4 ] 4456452
		mem[ 5 ] 4390915
		mem[ 6 ] 6029317
		mem[ 7 ] 19398657
		mem[ 8 ] 1114113
		mem[ 9 ] 4456452
		mem[ 10 ] 4390915
		mem[ 11 ] 1179650
		mem[ 12 ] 2359300
		mem[ 13 ] 20709377
		mem[ 14 ] 16842741
		mem[ 15 ] 25165824
		mem[ 16 ] 1
		mem[ 17 ] 6203
		mem[ 18 ] 1429
		mem[ 19 ] 32768
	registers:
		reg[ 0 ] 0
		reg[ 1 ] 31015
		reg[ 2 ] 24812
		reg[ 3 ] -1430
		reg[ 4 ] -5
		reg[ 5 ] 4
		reg[ 6 ] 0
		reg[ 7 ] 32768
end state

@@@
state:
	pc 10
	memory:
		mem[ 0 ] 8519697
		mem[ 1 ] 8585234
		mem[ 2 ] 8650768
		mem[ 3 ] 8847379
		mem[ 4 ] 4456452
		mem[ 5 ] 4390915
		mem[ 6 ] 6029317
		mem[ 7 ] 19398657
		mem[ 8 ] 1114113
		mem[ 9 ] 4456452
		mem[ 10 ] 4390915
		mem[ 11 ] 1179650
		mem[ 12 ] 2359300
		mem[ 13 ] 20709377
		mem[ 14 ] 16842741
		mem[ 15 ] 25165824
		mem[ 16 ] 1
		mem[ 17 ] 6203
		mem[ 18 ] 1429
		mem[ 19 ] 32768
	registers:
		reg[ 0 ] 0
		reg[ 1 ] 31015
		reg[ 2 ] 24812
		reg[ 3 ] -1430
		reg[ 4 ] 4
		reg[ 5 ] 4
		reg[ 6 ] 0
		reg[ 7 ] 32768
end state

@@@
state:
	pc 11
	memory:
		mem[ 0 ] 8519697
		mem[ 1 ] 8585234
		mem[ 2 ] 8650768
		mem[ 3 ] 8847379
		mem[ 4 ] 4456452
		mem[ 5 ] 4390915
		mem[ 6 ] 6029317
		mem[ 7 ] 19398657
		mem[ 8 ] 1114113
		mem[ 9 ] 4456452
		mem[ 10 ] 4390915
		mem[ 11 ] 1179650
		mem[ 12 ] 2359300
		mem[ 13 ] 20709377
		mem[ 14 ] 16842741
		mem[ 15 ] 25165824
		mem[ 16 ] 1
		mem[ 17 ] 6203
		mem[ 18 ] 1429
		mem[ 19 ] 32768
	registers:
		reg[ 0 ] 0
		reg[ 1 ] 31015
		reg[ 2 ] 24812
		reg[ 3 ] 1429
		reg[ 4 ] 4
		reg[ 5 ] 4
		reg[ 6 ] 0
		reg[ 7 ] 32768
end state

@@@
state:
	pc 12
	memory:
		mem[ 0 ] 8519697
		mem[ 1 ] 8585234
		mem[ 2 ] 8650768
		mem[ 3 ] 8847379
		mem[ 4 ] 4456452
		mem[ 5 ] 4390915
		mem[ 6 ] 6029317
		mem[ 7 ] 19398657
		mem[ 8 ] 1114113
		mem[ 9 ] 4456452
		mem[ 10 ] 4390915
		mem[ 11 ] 1179650
		mem[ 12 ] 2359300
		mem[ 13 ] 20709377
		mem[ 14 ] 16842741
		mem[ 15 ] 25165824
		mem[ 16 ] 1
		mem[ 17 ] 6203
		mem[ 18 ] 1429
		mem[ 19 ] 32768
	registers:
		reg[ 0 ] 0
		reg[ 1 ] 31015
		reg[ 2 ] 49624
		reg[ 3 ] 1429
		reg[ 4 ] 4
		reg[ 5 ] 4
		reg[ 6 ] 0
		reg[ 7 ] 32768
end state

@@@
state:
	pc 13
	memory:
		mem[ 0 ] 8519697
		mem[ 1 ] 8585234
		mem[ 2 ] 8650768
		mem[ 3 ] 8847379
		mem[ 4 ] 4456452
		mem[ 5 ] 4390915
		mem[ 6 ] 6029317
		mem[ 7 ] 19398657
		mem[ 8 ] 1114113
		mem[ 9 ] 4456452
		mem[ 10 ] 4390915
		mem[ 11 ] 1179650
		mem[ 12 ] 2359300
		mem[ 13 ] 20709377
		mem[ 14 ] 16842741
		mem[ 15 ] 25165824
		mem[ 16 ] 1
		mem[ 17 ] 6203
		mem[ 18 ] 1429
		mem[ 19 ] 32768
	registers:
		reg[ 0 ] 0
		reg[ 1 ] 31015
		reg[ 2 ] 49624
		reg[ 3 ] 1429
		reg[ 4 ] 8
		reg[ 5 ] 4
		reg[ 6 ] 0
		reg[ 7 ] 32768
end state

@@@
state:
	pc 14
	memory:
		mem[ 0 ] 8519697
		mem[ 1 ] 8585234
		mem[ 2 ] 8650768
		mem[ 3 ] 8847379
		mem[ 4 ] 4456452
		mem[ 5 ] 4390915
		mem[ 6 ] 6029317
		mem[ 7 ] 19398657
		mem[ 8 ] 1114113
		mem[ 9 ] 4456452
		mem[ 10 ] 4390915
		mem[ 11 ] 1179650
		mem[ 12 ] 2359300
		mem[ 13 ] 20709377
		mem[ 14 ] 16842741
		mem[ 15 ] 25165824
		mem[ 16 ] 1
		mem[ 17 ] 6203
		mem[ 18 ] 1429
		mem[ 19 ] 32768
	registers:
		reg[ 0 ] 0
		reg[ 1 ] 31015
		reg[ 2 ] 49624
		reg[ 3 ] 1429
		reg[ 4 ] 8
		reg[ 5 ] 4
		reg[ 6 ] 0
		reg[ 7 ] 32768
end state

@@@
state:
	pc 4
	memory:
		mem[ 0 ] 8519697
		mem[ 1 ] 8585234
		mem[ 2 ] 8650768
		mem[ 3 ] 8847379
		mem[ 4 ] 4456452
		mem[ 5 ] 4390915
		mem[ 6 ] 6029317
		mem[ 7 ] 19398657
		mem[ 8 ] 1114113
		mem[ 9 ] 4456452
		mem[ 10 ] 4390915
		mem[ 11 ] 1179650
		mem[ 12 ] 2359300
		mem[ 13 ] 20709377
		mem[ 14 ] 16842741
		mem[ 15 ] 25165824
		mem[ 16 ] 1
		mem[ 17 ] 6203
		mem[ 18 ] 1429
		mem[ 19 ] 32768
	registers:
		reg[ 0 ] 0
		reg[ 1 ] 31015
		reg[ 2 ] 49624
		reg[ 3 ] 1429
		reg[ 4 ] 8
		reg[ 5 ] 4
		reg[ 6 ] 0
		reg[ 7 ] 32768
end state

@@@
state:
	pc 5
	memory:
		mem[ 0 ] 8519697
		mem[ 1 ] 8585234
		mem[ 2 ] 8650768
		mem[ 3 ] 8847379
		mem[ 4 ] 4456452
		mem[ 5 ] 4390915
		mem[ 6 ] 6029317
		mem[ 7 ] 19398657
		mem[ 8 ] 1114113
		mem[ 9 ] 4456452
		mem[ 10 ] 4390915
		mem[ 11 ] 1179650
		mem[ 12 ] 2359300
		mem[ 13 ] 20709377
		mem[ 14 ] 16842741
		mem[ 15 ] 25165824
		mem[ 16 ] 1
		mem[ 17 ] 6203
		mem[ 18 ] 1429
		mem[ 19 ] 32768
	registers:
		reg[ 0 ] 0
		reg[ 1 ] 31015
		reg[ 2 ] 49624
		reg[ 3 ] 1429
		reg[ 4 ] -9
		reg[ 5 ] 4
		reg[ 6 ] 0
		reg[ 7 ] 32768
end state

@@@
state:
	pc 6
	memory:
		mem[ 0 ] 8519697
		mem[ 1 ] 8585234
		mem[ 2 ] 8650768
		mem[ 3 ] 8847379
		mem[ 4 ] 4456452
		mem[ 5 ] 4390915
		mem[ 6 ] 6029317
		mem[ 7 ] 19398657
		mem[ 8 ] 1114113
		mem[ 9 ] 4456452
		mem[ 10 ] 4390915
		mem[ 11 ] 1179650
		mem[ 12 ] 2359300
		mem[ 13 ] 20709377
		mem[ 14 ] 16842741
		mem[ 15 ] 25165824
		mem[ 16 ] 1
		mem[ 17 ] 6203
		mem[ 18 ] 1429
		mem[ 19 ] 32768
	registers:
		reg[ 0 ] 0
		reg[ 1 ] 31015
		reg[ 2 ] 49624
		reg[ 3 ] -1430
		reg[ 4 ] -9
		reg[ 5 ] 4
		reg[ 6 ] 0
		reg[ 7 ] 32768
end state

@@@
state:
	pc 7
	memory:
		mem[ 0 ] 8519697
		mem[ 1 ] 8585234
		mem[ 2 ] 8650768
		mem[ 3 ] 8847379
		mem[ 4 ] 4456452
		mem[ 5 ] 4390915
		mem[ 6 ] 6029317
		mem[ 7 ] 19398657
		mem[ 8 ] 1114113
		mem[ 9 ] 4456452
		mem[ 10 ] 4390915
		mem[ 11 ] 1179650
		mem[ 12 ] 2359300
		mem[ 13 ] 20709377
		mem[ 14 ] 16842741
		mem[ 15 ] 25165824
		mem[ 16 ] 1
		mem[ 17 ] 6203
		mem[ 18 ] 1429
		mem[ 19 ] 32768
	registers:
		reg[ 0 ] 0
		reg[ 1 ] 31015
		reg[ 2 ] 49624
		reg[ 3 ] -1430
		reg[ 4 ] -9
		reg[ 5 ] 0
		reg[ 6 ] 0
		reg[ 7 ] 32768
end state

@@@
state:
	pc 9
	memory:
		mem[ 0 ] 8519697
		mem[ 1 ] 8585234
		mem[ 2 ] 8650768
		mem[ 3 ] 8847379
		mem[ 4 ] 4456452
		mem[ 5 ] 4390915
		mem[ 6 ] 6029317
		mem[ 7 ] 19398657
		mem[ 8 ] 1114113
		mem[ 9 ] 4456452
		mem[ 10 ] 4390915
		mem[ 11 ] 1179650
		mem[ 12 ] 2359300
		mem[ 13 ] 20709377
		mem[ 14 ] 16842741
		mem[ 15 ] 25165824
		mem[ 16 ] 1
		mem[ 17 ] 6203
		mem[ 18 ] 1429
		mem[ 19 ] 32768
	registers:
		reg[ 0 ] 0
		reg[ 1 ] 31015
		reg[ 2 ] 49624
		reg[ 3 ] -1430
		reg[ 4 ] -9
		reg[ 5 ] 0
		reg[ 6 ] 0
		reg[ 7 ] 32768
end state

@@@
state:
	pc 10
	memory:
		mem[ 0 ] 8519697
		mem[ 1 ] 8585234
		mem[ 2 ] 8650768
		mem[ 3 ] 8847379
		mem[ 4 ] 4456452
		mem[ 5 ] 4390915
		mem[ 6 ] 6029317
		mem[ 7 ] 19398657
		mem[ 8 ] 1114113
		mem[ 9 ] 4456452
		mem[ 10 ] 4390915
		mem[ 11 ] 1179650
		mem[ 12 ] 2359300
		mem[ 13 ] 20709377
		mem[ 14 ] 16842741
		mem[ 15 ] 25165824
		mem[ 16 ] 1
		mem[ 17 ] 6203
		mem[ 18 ] 1429
		mem[ 19 ] 32768
	registers:
		reg[ 0 ] 0
		reg[ 1 ] 31015
		reg[ 2 ] 49624
		reg[ 3 ] -1430
		reg[ 4 ] 8
		reg[ 5 ] 0
		reg[ 6 ] 0
		reg[ 7 ] 32768
end state

@@@
state:
	pc 11
	memory:
		mem[ 0 ] 8519697
		mem[ 1 ] 8585234
		mem[ 2 ] 8650768
		mem[ 3 ] 8847379
		mem[ 4 ] 4456452
		mem[ 5 ] 4390915
		mem[ 6 ] 6029317
		mem[ 7 ] 19398657
		mem[ 8 ] 1114113
		mem[ 9 ] 4456452
		mem[ 10 ] 4390915
		mem[ 11 ] 1179650
		mem[ 12 ] 2359300
		mem[ 13 ] 20709377
		mem[ 14 ] 16842741
		mem[ 15 ] 25165824
		mem[ 16 ] 1
		mem[ 17 ] 6203
		mem[ 18 ] 1429
		mem[ 19 ] 32768
	registers:
		reg[ 0 ] 0
		reg[ 1 ] 31015
		reg[ 2 ] 49624
		reg[ 3 ] 1429
		reg[ 4 ] 8
		reg[ 5 ] 0
		reg[ 6 ] 0
		reg[ 7 ] 32768
end state

@@@
state:
	pc 12
	memory:
		mem[ 0 ] 8519697
		mem[ 1 ] 8585234
		mem[ 2 ] 8650768
		mem[ 3 ] 8847379
		mem[ 4 ] 4456452
		mem[ 5 ] 4390915
		mem[ 6 ] 6029317
		mem[ 7 ] 19398657
		mem[ 8 ] 1114113
		mem[ 9 ] 4456452
		mem[ 10 ] 4390915
		mem[ 11 ] 1179650
		mem[ 12 ] 2359300
		mem[ 13 ] 20709377
		mem[ 14 ] 16842741
		mem[ 15 ] 25165824
		mem[ 16 ] 1
		mem[ 17 ] 6203
		mem[ 18 ] 1429
		mem[ 19 ] 32768
	registers:
		reg[ 0 ] 0
		reg[ 1 ] 31015
		reg[ 2 ] 99248
		reg[ 3 ] 1429
		reg[ 4 ] 8
		reg[ 5 ] 0
		reg[ 6 ] 0
		reg[ 7 ] 32768
end state

@@@
state:
	pc 13
	memory:
		mem[ 0 ] 8519697
		mem[ 1 ] 8585234
		mem[ 2 ] 8650768
		mem[ 3 ] 8847379
		mem[ 4 ] 4456452
		mem[ 5 ] 4390915
		mem[ 6 ] 6029317
		mem[ 7 ] 19398657
		mem[ 8 ] 1114113
		mem[ 9 ] 4456452
		mem[ 10 ] 4390915
		mem[ 11 ] 1179650
		mem[ 12 ] 2359300
		mem[ 13 ] 20709377
		mem[ 14 ] 16842741
		mem[ 15 ] 25165824
		mem[ 16 ] 1
		mem[ 17 ] 6203
		mem[ 18 ] 1429
		mem[ 19 ] 32768
	registers:
		reg[ 0 ] 0
		reg[ 1 ] 31015
		reg[ 2 ] 99248
		reg[ 3 ] 1429
		reg[ 4 ] 16
		reg[ 5 ] 0
		reg[ 6 ] 0
		reg[ 7 ] 32768
end state

@@@
state:
	pc 14
	memory:
		mem[ 0 ] 8519697
		mem[ 1 ] 8585234
		mem[ 2 ] 8650768
		mem[ 3 ] 8847379
		mem[ 4 ] 4456452
		mem[ 5 ] 4390915
		mem[ 6 ] 6029317
		mem[ 7 ] 19398657
		mem[ 8 ] 1114113
		mem[ 9 ] 4456452
		mem[ 10 ] 4390915
		mem[ 11 ] 1179650
		mem[ 12 ] 2359300
		mem[ 13 ] 20709377
		mem[ 14 ] 16842741
		mem[ 15 ] 25165824
		mem[ 16 ] 1
		mem[ 17 ] 6203
		mem[ 18 ] 1429
		mem[ 19 ] 32768
	registers:
		reg[ 0 ] 0
		reg[ 1 ] 31015
		reg[ 2 ] 99248
		reg[ 3 ] 1429
		reg[ 4 ] 16
		reg[ 5 ] 0
		reg[ 6 ] 0
		reg[ 7 ] 32768
end state

@@@
state:
	pc 4
	memory:
		mem[ 0 ] 8519697
		mem[ 1 ] 8585234
		mem[ 2 ] 8650768
		mem[ 3 ] 8847379
		mem[ 4 ] 4456452
		mem[ 5 ] 4390915
		mem[ 6 ] 6029317
		mem[ 7 ] 19398657
		mem[ 8 ] 1114113
		mem[ 9 ] 4456452
		mem[ 10 ] 4390915
		mem[ 11 ] 1179650
		mem[ 12 ] 2359300
		mem[ 13 ] 20709377
		mem[ 14 ] 16842741
		mem[ 15 ] 25165824
		mem[ 16 ] 1
		mem[ 17 ] 6203
		mem[ 18 ] 1429
		mem[ 19 ] 32768
	registers:
		reg[ 0 ] 0
		reg[ 1 ] 31015
		reg[ 2 ] 99248
		reg[ 3 ] 1429
		reg[ 4 ] 16
		reg[ 5 ] 0
		reg[ 6 ] 0
		reg[ 7 ] 32768
end state

@@@
state:
	pc 5
	memory:
		mem[ 0 ] 8519697
		mem[ 1 ] 8585234
		mem[ 2 ] 8650768
		mem[ 3 ] 8847379
		mem[ 4 ] 4456452
		mem[ 5 ] 4390915
		mem[ 6 ] 6029317
		mem[ 7 ] 19398657
		mem[ 8 ] 1114113
		mem[ 9 ] 4456452
		mem[ 10 ] 4390915
		mem[ 11 ] 1179650
		mem[ 12 ] 2359300
		mem[ 13 ] 20709377
		mem[ 14 ] 16842741
		mem[ 15 ] 25165824
		mem[ 16 ] 1
		mem[ 17 ] 6203
		mem[ 18 ] 1429
		mem[ 19 ] 32768
	registers:
		reg[ 0 ] 0
		reg[ 1 ] 31015
		reg[ 2 ] 99248
		reg[ 3 ] 1429
		reg[ 4 ] -17
		reg[ 5 ] 0
		reg[ 6 ] 0
		reg[ 7 ] 32768
end state

@@@
state:
	pc 6
	memory:
		mem[ 0 ] 8519697
		mem[ 1 ] 8585234
		mem[ 2 ] 8650768
		mem[ 3 ] 8847379
		mem[ 4 ] 4456452
		mem[ 5 ] 4390915
		mem[ 6 ] 6029317
		mem[ 7 ] 19398657
		mem[ 8 ] 1114113
		mem[ 9 ] 4456452
		mem[ 10 ] 4390915
		mem[ 11 ] 1179650
		mem[ 12 ] 2359300
		mem[ 13 ] 20709377
		mem[ 14 ] 16842741
		mem[ 15 ] 25165824
		mem[ 16 ] 1
		mem[ 17 ] 6203
		mem[ 18 ] 1429
		mem[ 19 ] 32768
	registers:
		reg[ 0 ] 0
		reg[ 1 ] 31015
		reg[ 2 ] 99248
		reg[ 3 ] -1430
		reg[ 4 ] -17
		reg[ 5 ] 0
		reg[ 6 ] 0
		reg[ 7 ] 32768
end state

@@@
state:
	pc 7
	memory:
		mem[ 0 ] 8519697
		mem[ 1 ] 8585234
		mem[ 2 ] 8650768
		mem[ 3 ] 8847379
		mem[ 4 ] 4456452
		mem[ 5 ] 4390915
		mem[ 6 ] 6029317
		mem[ 7 ] 19398657
		mem[ 8 ] 1114113
		mem[ 9 ] 4456452
		mem[ 10 ] 4390915
		mem[ 11 ] 1179650
		mem[ 12 ] 2359300
		mem[ 13 ] 20709377
		mem[ 14 ] 16842741
		mem[ 15 ] 25165824
		mem[ 16 ] 1
		mem[ 17 ] 6203
		mem[ 18 ] 1429
		mem[ 19 ] 32768
	registers:
		reg[ 0 ] 0
		reg[ 1 ] 31015
		reg[ 2 ] 99248
		reg[ 3 ] -1430
		reg[ 4 ] -17
		reg[ 5 ] 16
		reg[ 6 ] 0
		reg[ 7 ] 32768
end state

@@@
state:
	pc 8
	memory:
		mem[ 0 ] 8519697
		mem[ 1 ] 8585234
		mem[ 2 ] 8650768
		mem[ 3 ] 8847379
		mem[ 4 ] 4456452
		mem[ 5 ] 4390915
		mem[ 6 ] 6029317
		mem[ 7 ] 19398657
		mem[ 8 ] 1114113
		mem[ 9 ] 4456452
		mem[ 10 ] 4390915
		mem[ 11 ] 1179650
		mem[ 12 ] 2359300
		mem[ 13 ] 20709377
		mem[ 14 ] 16842741
		mem[ 15 ] 25165824
		mem[ 16 ] 1
		mem[ 17 ] 6203
		mem[ 18 ] 1429
		mem[ 19 ] 32768
	registers:
		reg[ 0 ] 0
		reg[ 1 ] 31015
		reg[ 2 ] 99248
		reg[ 3 ] -1430
		reg[ 4 ] -17
		reg[ 5 ] 16
		reg[ 6 ] 0
		reg[ 7 ] 32768
end state

@@@
state:
	pc 9
	memory:
		mem[ 0 ] 8519697
		mem[ 1 ] 8585234
		mem[ 2 ] 8650768
		mem[ 3 ] 8847379
		mem[ 4 ] 4456452
		mem[ 5 ] 4390915
		mem[ 6 ] 6029317
		mem[ 7 ] 19398657
		mem[ 8 ] 1114113
		mem[ 9 ] 4456452
		mem[ 10 ] 4390915
		mem[ 11 ] 1179650
		mem[ 12 ] 2359300
		mem[ 13 ] 20709377
		mem[ 14 ] 16842741
		mem[ 15 ] 25165824
		mem[ 16 ] 1
		mem[ 17 ] 6203
		mem[ 18 ] 1429
		mem[ 19 ] 32768
	registers:
		reg[ 0 ] 0
		reg[ 1 ] 130263
		reg[ 2 ] 99248
		reg[ 3 ] -1430
		reg[ 4 ] -17
		reg[ 5 ] 16
		reg[ 6 ] 0
		reg[ 7 ] 32768
end state

@@@
state:
	pc 10
	memory:
		mem[ 0 ] 8519697
		mem[ 1 ] 8585234
		mem[ 2 ] 8650768
		mem[ 3 ] 8847379
		mem[ 4 ] 4456452
		mem[ 5 ] 4390915
		mem[ 6 ] 6029317
		mem[ 7 ] 19398657
		mem[ 8 ] 1114113
		mem[ 9 ] 4456452
		mem[ 10 ] 4390915
		mem[ 11 ] 1179650
		mem[ 12 ] 2359300
		mem[ 13 ] 20709377
		mem[ 14 ] 16842741
		mem[ 15 ] 25165824
		mem[ 16 ] 1
		mem[ 17 ] 6203
		mem[ 18 ] 1429
		mem[ 19 ] 32768
	registers:
		reg[ 0 ] 0
		reg[ 1 ] 130263
		reg[ 2 ] 99248
		reg[ 3 ] -1430
		reg[ 4 ] 16
		reg[ 5 ] 16
		reg[ 6 ] 0
		reg[ 7 ] 32768
end state

@@@
state:
	pc 11
	memory:
		mem[ 0 ] 8519697
		mem[ 1 ] 8585234
		mem[ 2 ] 8650768
		mem[ 3 ] 8847379
		mem[ 4 ] 4456452
		mem[ 5 ] 4390915
		mem[ 6 ] 6029317
		mem[ 7 ] 19398657
		mem[ 8 ] 1114113
		mem[ 9 ] 4456452
		mem[ 10 ] 4390915
		mem[ 11 ] 1179650
		mem[ 12 ] 2359300
		mem[ 13 ] 20709377
		mem[ 14 ] 16842741
		mem[ 15 ] 25165824
		mem[ 16 ] 1
		mem[ 17 ] 6203
		mem[ 18 ] 1429
		mem[ 19 ] 32768
	registers:
		reg[ 0 ] 0
		reg[ 1 ] 130263
		reg[ 2 ] 99248
		reg[ 3 ] 1429
		reg[ 4 ] 16
		reg[ 5 ] 16
		reg[ 6 ] 0
		reg[ 7 ] 32768
end state

@@@
state:
	pc 12
	memory:
		mem[ 0 ] 8519697
		mem[ 1 ] 8585234
		mem[ 2 ] 8650768
		mem[ 3 ] 8847379
		mem[ 4 ] 4456452
		mem[ 5 ] 4390915
		mem[ 6 ] 6029317
		mem[ 7 ] 19398657
		mem[ 8 ] 1114113
		mem[ 9 ] 4456452
		mem[ 10 ] 4390915
		mem[ 11 ] 1179650
		mem[ 12 ] 2359300
		mem[ 13 ] 20709377
		mem[ 14 ] 16842741
		mem[ 15 ] 25165824
		mem[ 16 ] 1
		mem[ 17 ] 6203
		mem[ 18 ] 1429
		mem[ 19 ] 32768
	registers:
		reg[ 0 ] 0
		reg[ 1 ] 130263
		reg[ 2 ] 198496
		reg[ 3 ] 1429
		reg[ 4 ] 16
		reg[ 5 ] 16
		reg[ 6 ] 0
		reg[ 7 ] 32768
end state

@@@
state:
	pc 13
	memory:
		mem[ 0 ] 8519697
		mem[ 1 ] 8585234
		mem[ 2 ] 8650768
		mem[ 3 ] 8847379
		mem[ 4 ] 4456452
		mem[ 5 ] 4390915
		mem[ 6 ] 6029317
		mem[ 7 ] 19398657
		mem[ 8 ] 1114113
		mem[ 9 ] 4456452
		mem[ 10 ] 4390915
		mem[ 11 ] 1179650
		mem[ 12 ] 2359300
		mem[ 13 ] 20709377
		mem[ 14 ] 16842741
		mem[ 15 ] 25165824
		mem[ 16 ] 1
		mem[ 17 ] 6203
		mem[ 18 ] 1429
		mem[ 19 ] 32768
	registers:
		reg[ 0 ] 0
		reg[ 1 ] 130263
		reg[ 2 ] 198496
		reg[ 3 ] 1429
		reg[ 4 ] 32
		reg[ 5 ] 16
		reg[ 6 ] 0
		reg[ 7 ] 32768
end state

@@@
state:
	pc 14
	memory:
		mem[ 0 ] 8519697
		mem[ 1 ] 8585234
		mem[ 2 ] 8650768
		mem[ 3 ] 8847379
		mem[ 4 ] 4456452
		mem[ 5 ] 4390915
		mem[ 6 ] 6029317
		mem[ 7 ] 19398657
		mem[ 8 ] 1114113
		mem[ 9 ] 4456452
		mem[ 10 ] 4390915
		mem[ 11 ] 1179650
		mem[ 12 ] 2359300
		mem[ 13 ] 20709377
		mem[ 14 ] 16842741
		mem[ 15 ] 25165824
		mem[ 16 ] 1
		mem[ 17 ] 6203
		mem[ 18 ] 1429
		mem[ 19 ] 32768
	registers:
		reg[ 0 ] 0
		reg[ 1 ] 130263
		reg[ 2 ] 198496
		reg[ 3 ] 1429
		reg[ 4 ] 32
		reg[ 5 ] 16
		reg[ 6 ] 0
		reg[ 7 ] 32768
end state

@@@
state:
	pc 4
	memory:
		mem[ 0 ] 8519697
		mem[ 1 ] 8585234
		mem[ 2 ] 8650768
		mem[ 3 ] 8847379
		mem[ 4 ] 4456452
		mem[ 5 ] 4390915
		mem[ 6 ] 6029317
		mem[ 7 ] 19398657
		mem[ 8 ] 1114113
		mem[ 9 ] 4456452
		mem[ 10 ] 4390915
		mem[ 11 ] 1179650
		mem[ 12 ] 2359300
		mem[ 13 ] 20709377
		mem[ 14 ] 16842741
		mem[ 15 ] 25165824
		mem[ 16 ] 1
		mem[ 17 ] 6203
		mem[ 18 ] 1429
		mem[ 19 ] 32768
	registers:
		reg[ 0 ] 0
		reg[ 1 ] 130263
		reg[ 2 ] 198496
		reg[ 3 ] 1429
		reg[ 4 ] 32
		reg[ 5 ] 16
		reg[ 6 ] 0
		reg[ 7 ] 32768
end state

@@@
state:
	pc 5
	memory:
		mem[ 0 ] 8519697
		mem[ 1 ] 8585234
		mem[ 2 ] 8650768
		mem[ 3 ] 8847379
		mem[ 4 ] 4456452
		mem[ 5 ] 4390915
		mem[ 6 ] 6029317
		mem[ 7 ] 19398657
		mem[ 8 ] 1114113
		mem[ 9 ] 4456452
		mem[ 10 ] 4390915
		mem[ 11 ] 1179650
		mem[ 12 ] 2359300
		mem[ 13 ] 20709377
		mem[ 14 ] 16842741
		mem[ 15 ] 25165824
		mem[ 16 ] 1
		mem[ 17 ] 6203
		mem[ 18 ] 1429
		mem[ 19 ] 32768
	registers:
		reg[ 0 ] 0
		reg[ 1 ] 130263
		reg[ 2 ] 198496
		reg[ 3 ] 1429
		reg[ 4 ] -33
		reg[ 5 ] 16
		reg[ 6 ] 0
		reg[ 7 ] 32768
end state

@@@
state:
	pc 6
	memory:
		mem[ 0 ] 8519697
		mem[ 1 ] 8585234
		mem[ 2 ] 8650768
		mem[ 3 ] 8847379
		mem[ 4 ] 4456452
		mem[ 5 ] 4390915
		mem[ 6 ] 6029317
		mem[ 7 ] 19398657
		mem[ 8 ] 1114113
		mem[ 9 ] 4456452
		mem[ 10 ] 4390915
		mem[ 11 ] 1179650
		mem[ 12 ] 2359300
		mem[ 13 ] 20709377
		mem[ 14 ] 16842741
		mem[ 15 ] 25165824
		mem[ 16 ] 1
		mem[ 17 ] 6203
		mem[ 18 ] 1429
		mem[ 19 ] 32768
	registers:
		reg[ 0 ] 0
		reg[ 1 ] 130263
		reg[ 2 ] 198496
		reg[ 3 ] -1430
		reg[ 4 ] -33
		reg[ 5 ] 16
		reg[ 6 ] 0
		reg[ 7 ] 32768
end state

@@@
state:
	pc 7
	memory:
		mem[ 0 ] 8519697
		mem[ 1 ] 8585234
		mem[ 2 ] 8650768
		mem[ 3 ] 8847379
		mem[ 4 ] 4456452
		mem[ 5 ] 4390915
		mem[ 6 ] 6029317
		mem[ 7 ] 19398657
		mem[ 8 ] 1114113
		mem[ 9 ] 4456452
		mem[ 10 ] 4390915
		mem[ 11 ] 1179650
		mem[ 12 ] 2359300
		mem[ 13 ] 20709377
		mem[ 14 ] 16842741
		mem[ 15 ] 25165824
		mem[ 16 ] 1
		mem[ 17 ] 6203
		mem[ 18 ] 1429
		mem[ 19 ] 32768
	registers:
		reg[ 0 ] 0
		reg[ 1 ] 130263
		reg[ 2 ] 198496
		reg[ 3 ] -1430
		reg[ 4 ] -33
		reg[ 5 ] 0
		reg[ 6 ] 0
		reg[ 7 ] 32768
end state

@@@
state:
	pc 9
	memory:
		mem[ 0 ] 8519697
		mem[ 1 ] 8585234
		mem[ 2 ] 8650768
		mem[ 3 ] 8847379
		mem[ 4 ] 4456452
		mem[ 5 ] 4390915
		mem[ 6 ] 6029317
		mem[ 7 ] 19398657
		mem[ 8 ] 1114113
		mem[ 9 ] 4456452
		mem[ 10 ] 4390915
		mem[ 11 ] 1179650
		mem[ 12 ] 2359300
		mem[ 13 ] 20709377
		mem[ 14 ] 16842741
		mem[ 15 ] 25165824
		mem[ 16 ] 1
		mem[ 17 ] 6203
		mem[ 18 ] 1429
		mem[ 19 ] 32768
	registers:
		reg[ 0 ] 0
		reg[ 1 ] 130263
		reg[ 2 ] 198496
		reg[ 3 ] -1430
		reg[ 4 ] -33
		reg[ 5 ] 0
		reg[ 6 ] 0
		reg[ 7 ] 32768
end state

@@@
state:
	pc 10
	memory:
		mem[ 0 ] 8519697
		mem[ 1 ] 8585234
		mem[ 2 ] 8650768
		mem[ 3 ] 8847379
		mem[ 4 ] 4456452
		mem[ 5 ] 4390915
		mem[ 6 ] 6029317
		mem[ 7 ] 19398657
		mem[ 8 ] 1114113
		mem[ 9 ] 4456452
		mem[ 10 ] 4390915
		mem[ 11 ] 1179650
		mem[ 12 ] 2359300
		mem[ 13 ] 20709377
		mem[ 14 ] 16842741
		mem[ 15 ] 25165824
		mem[ 16 ] 1
		mem[ 17 ] 6203
		mem[ 18 ] 1429
		mem[ 19 ] 32768
	registers:
		reg[ 0 ] 0
		reg[ 1 ] 130263
		reg[ 2 ] 198496
		reg[ 3 ] -1430
		reg[ 4 ] 32
		reg[ 5 ] 0
		reg[ 6 ] 0
		reg[ 7 ] 32768
end state

@@@
state:
	pc 11
	memory:
		mem[ 0 ] 8519697
		mem[ 1 ] 8585234
		mem[ 2 ] 8650768
		mem[ 3 ] 8847379
		mem[ 4 ] 4456452
		mem[ 5 ] 4390915
		mem[ 6 ] 6029317
		mem[ 7 ] 19398657
		mem[ 8 ] 1114113
		mem[ 9 ] 4456452
		mem[ 10 ] 4390915
		mem[ 11 ] 1179650
		mem[ 12 ] 2359300
		mem[ 13 ] 20709377
		mem[ 14 ] 16842741
		mem[ 15 ] 25165824
		mem[ 16 ] 1
		mem[ 17 ] 6203
		mem[ 18 ] 1429
		mem[ 19 ] 32768
	registers:
		reg[ 0 ] 0
		reg[ 1 ] 130263
		reg[ 2 ] 198496
		reg[ 3 ] 1429
		reg[ 4 ] 32
		reg[ 5 ] 0
		reg[ 6 ] 0
		reg[ 7 ] 32768
end state

@@@
state:
	pc 12
	memory:
		mem[ 0 ] 8519697
		mem[ 1 ] 8585234
		mem[ 2 ] 8650768
		mem[ 3 ] 8847379
		mem[ 4 ] 4456452
		mem[ 5 ] 4390915
		mem[ 6 ] 6029317
		mem[ 7 ] 19398657
		mem[ 8 ] 1114113
		mem[ 9 ] 4456452
		mem[ 10 ] 4390915
		mem[ 11 ] 1179650
		mem[ 12 ] 2359300
		mem[ 13 ] 20709377
		mem[ 14 ] 16842741
		mem[ 15 ] 25165824
		mem[ 16 ] 1
		mem[ 17 ] 6203
		mem[ 18 ] 1429
		mem[ 19 ] 32768
	registers:
		reg[ 0 ] 0
		reg[ 1 ] 130263
		reg[ 2 ] 396992
		reg[ 3 ] 1429
		reg[ 4 ] 32
		reg[ 5 ] 0
		reg[ 6 ] 0
		reg[ 7 ] 32768
end state

@@@
state:
	pc 13
	memory:
		mem[ 0 ] 8519697
		mem[ 1 ] 8585234
		mem[ 2 ] 8650768
		mem[ 3 ] 8847379
		mem[ 4 ] 4456452
		mem[ 5 ] 4390915
		mem[ 6 ] 6029317
		mem[ 7 ] 19398657
		mem[ 8 ] 1114113
		mem[ 9 ] 4456452
		mem[ 10 ] 4390915
		mem[ 11 ] 1179650
		mem[ 12 ] 2359300
		mem[ 13 ] 20709377
		mem[ 14 ] 16842741
		mem[ 15 ] 25165824
		mem[ 16 ] 1
		mem[ 17 ] 6203
		mem[ 18 ] 1429
		mem[ 19 ] 32768
	registers:
		reg[ 0 ] 0
		reg[ 1 ] 130263
		reg[ 2 ] 396992
		reg[ 3 ] 1429
		reg[ 4 ] 64
		reg[ 5 ] 0
		reg[ 6 ] 0
		reg[ 7 ] 32768
end state

@@@
state:
	pc 14
	memory:
		mem[ 0 ] 8519697
		mem[ 1 ] 8585234
		mem[ 2 ] 8650768
		mem[ 3 ] 8847379
		mem[ 4 ] 4456452
		mem[ 5 ] 4390915
		mem[ 6 ] 6029317
		mem[ 7 ] 19398657
		mem[ 8 ] 1114113
		mem[ 9 ] 4456452
		mem[ 10 ] 4390915
		mem[ 11 ] 1179650
		mem[ 12 ] 2359300
		mem[ 13 ] 20709377
		mem[ 14 ] 16842741
		mem[ 15 ] 25165824
		mem[ 16 ] 1
		mem[ 17 ] 6203
		mem[ 18 ] 1429
		mem[ 19 ] 32768
	registers:
		reg[ 0 ] 0
		reg[ 1 ] 130263
		reg[ 2 ] 396992
		reg[ 3 ] 1429
		reg[ 4 ] 64
		reg[ 5 ] 0
		reg[ 6 ] 0
		reg[ 7 ] 32768
end state

@@@
state:
	pc 4
	memory:
		mem[ 0 ] 8519697
		mem[ 1 ] 8585234
		mem[ 2 ] 8650768
		mem[ 3 ] 8847379
		mem[ 4 ] 4456452
		mem[ 5 ] 4390915
		mem[ 6 ] 6029317
		mem[ 7 ] 19398657
		mem[ 8 ] 1114113
		mem[ 9 ] 4456452
		mem[ 10 ] 4390915
		mem[ 11 ] 1179650
		mem[ 12 ] 2359300
		mem[ 13 ] 20709377
		mem[ 14 ] 16842741
		mem[ 15 ] 25165824
		mem[ 16 ] 1
		mem[ 17 ] 6203
		mem[ 18 ] 1429
		mem[ 19 ] 32768
	registers:
		reg[ 0 ] 0
		reg[ 1 ] 130263
		reg[ 2 ] 396992
		reg[ 3 ] 1429
		reg[ 4 ] 64
		reg[ 5 ] 0
		reg[ 6 ] 0
		reg[ 7 ] 32768
end state

@@@
state:
	pc 5
	memory:
		mem[ 0 ] 8519697
		mem[ 1 ] 8585234
		mem[ 2 ] 8650768
		mem[ 3 ] 8847379
		mem[ 4 ] 4456452
		mem[ 5 ] 4390915
		mem[ 6 ] 6029317
		mem[ 7 ] 19398657
		mem[ 8 ] 1114113
		mem[ 9 ] 4456452
		mem[ 10 ] 4390915
		mem[ 11 ] 1179650
		mem[ 12 ] 2359300
		mem[ 13 ] 20709377
		mem[ 14 ] 16842741
		mem[ 15 ] 25165824
		mem[ 16 ] 1
		mem[ 17 ] 6203
		mem[ 18 ] 1429
		mem[ 19 ] 32768
	registers:
		reg[ 0 ] 0
		reg[ 1 ] 130263
		reg[ 2 ] 396992
		reg[ 3 ] 1429
		reg[ 4 ] -65
		reg[ 5 ] 0
		reg[ 6 ] 0
		reg[ 7 ] 32768
end state

@@@
state:
	pc 6
	memory:
		mem[ 0 ] 8519697
		mem[ 1 ] 8585234
		mem[ 2 ] 8650768
		mem[ 3 ] 8847379
		mem[ 4 ] 4456452
		mem[ 5 ] 4390915
		mem[ 6 ] 6029317
		mem[ 7 ] 19398657
		mem[ 8 ] 1114113
		mem[ 9 ] 4456452
		mem[ 10 ] 4390915
		mem[ 11 ] 1179650
		mem[ 12 ] 2359300
		mem[ 13 ] 20709377
		mem[ 14 ] 16842741
		mem[ 15 ] 25165824
		mem[ 16 ] 1
		mem[ 17 ] 6203
		mem[ 18 ] 1429
		mem[ 19 ] 32768
	registers:
		reg[ 0 ] 0
		reg[ 1 ] 130263
		reg[ 2 ] 396992
		reg[ 3 ] -1430
		reg[ 4 ] -65
		reg[ 5 ] 0
		reg[ 6 ] 0
		reg[ 7 ] 32768
end state

@@@
state:
	pc 7
	memory:
		mem[ 0 ] 8519697
		mem[ 1 ] 8585234
		mem[ 2 ] 8650768
		mem[ 3 ] 8847379
		mem[ 4 ] 4456452
		mem[ 5 ] 4390915
		mem[ 6 ] 6029317
		mem[ 7 ] 19398657
		mem[ 8 ] 1114113
		mem[ 9 ] 4456452
		mem[ 10 ] 4390915
		mem[ 11 ] 1179650
		mem[ 12 ] 2359300
		mem[ 13 ] 20709377
		mem[ 14 ] 16842741
		mem[ 15 ] 25165824
		mem[ 16 ] 1
		mem[ 17 ] 6203
		mem[ 18 ] 1429
		mem[ 19 ] 32768
	registers:
		reg[ 0 ] 0
		reg[ 1 ] 130263
		reg[ 2 ] 396992
		reg[ 3 ] -1430
		reg[ 4 ] -65
		reg[ 5 ] 0
		reg[ 6 ] 0
		reg[ 7 ] 32768
end state

@@@
state:
	pc 9
	memory:
		mem[ 0 ] 8519697
		mem[ 1 ] 8585234
		mem[ 2 ] 8650768
		mem[ 3 ] 8847379
		mem[ 4 ] 4456452
		mem[ 5 ] 4390915
		mem[ 6 ] 6029317
		mem[ 7 ] 19398657
		mem[ 8 ] 1114113
		mem[ 9 ] 4456452
		mem[ 10 ] 4390915
		mem[ 11 ] 1179650
		mem[ 12 ] 2359300
		mem[ 13 ] 20709377
		mem[ 14 ] 16842741
		mem[ 15 ] 25165824
		mem[ 16 ] 1
		mem[ 17 ] 6203
		mem[ 18 ] 1429
		mem[ 19 ] 32768
	registers:
		reg[ 0 ] 0
		reg[ 1 ] 130263
		reg[ 2 ] 396992
		reg[ 3 ] -1430
		reg[ 4 ] -65
		reg[ 5 ] 0
		reg[ 6 ] 0
		reg[ 7 ] 32768
end state

@@@
state:
	pc 10
	memory:
		mem[ 0 ] 8519697
		mem[ 1 ] 8585234
		mem[ 2 ] 8650768
		mem[ 3 ] 8847379
		mem[ 4 ] 4456452
		mem[ 5 ] 4390915
		mem[ 6 ] 6029317
		mem[ 7 ] 19398657
		mem[ 8 ] 1114113
		mem[ 9 ] 4456452
		mem[ 10 ] 4390915
		mem[ 11 ] 1179650
		mem[ 12 ] 2359300
		mem[ 13 ] 20709377
		mem[ 14 ] 16842741
		mem[ 15 ] 25165824
		mem[ 16 ] 1
		mem[ 17 ] 6203
		mem[ 18 ] 1429
		mem[ 19 ] 32768
	registers:
		reg[ 0 ] 0
		reg[ 1 ] 130263
		reg[ 2 ] 396992
		reg[ 3 ] -1430
		reg[ 4 ] 64
		reg[ 5 ] 0
		reg[ 6 ] 0
		reg[ 7 ] 32768
end state

@@@
state:
	pc 11
	memory:
		mem[ 0 ] 8519697
		mem[ 1 ] 8585234
		mem[ 2 ] 8650768
		mem[ 3 ] 8847379
		mem[ 4 ] 4456452
		mem[ 5 ] 4390915
		mem[ 6 ] 6029317
		mem[ 7 ] 19398657
		mem[ 8 ] 1114113
		mem[ 9 ] 4456452
		mem[ 10 ] 4390915
		mem[ 11 ] 1179650
		mem[ 12 ] 2359300
		mem[ 13 ] 20709377
		mem[ 14 ] 16842741
		mem[ 15 ] 25165824
		mem[ 16 ] 1
		mem[ 17 ] 6203
		mem[ 18 ] 1429
		mem[ 19 ] 32768
	registers:
		reg[ 0 ] 0
		reg[ 1 ] 130263
		reg[ 2 ] 396992
		reg[ 3 ] 1429
		reg[ 4 ] 64
		reg[ 5 ] 0
		reg[ 6 ] 0
		reg[ 7 ] 32768
end state

@@@
state:
	pc 12
	memory:
		mem[ 0 ] 8519697
		mem[ 1 ] 8585234
		mem[ 2 ] 8650768
		mem[ 3 ] 8847379
		mem[ 4 ] 4456452
		mem[ 5 ] 4390915
		mem[ 6 ] 6029317
		mem[ 7 ] 19398657
		mem[ 8 ] 1114113
		mem[ 9 ] 4456452
		mem[ 10 ] 4390915
		mem[ 11 ] 1179650
		mem[ 12 ] 2359300
		mem[ 13 ] 20709377
		mem[ 14 ] 16842741
		mem[ 15 ] 25165824
		mem[ 16 ] 1
		mem[ 17 ] 6203
		mem[ 18 ] 1429
		mem[ 19 ] 32768
	registers:
		reg[ 0 ] 0
		reg[ 1 ] 130263
		reg[ 2 ] 793984
		reg[ 3 ] 1429
		reg[ 4 ] 64
		reg[ 5 ] 0
		reg[ 6 ] 0
		reg[ 7 ] 32768
end state

@@@
state:
	pc 13
	memory:
		mem[ 0 ] 8519697
		mem[ 1 ] 8585234
		mem[ 2 ] 8650768
		mem[ 3 ] 8847379
		mem[ 4 ] 4456452
		mem[ 5 ] 4390915
		mem[ 6 ] 6029317
		mem[ 7 ] 19398657
		mem[ 8 ] 1114113
		mem[ 9 ] 4456452
		mem[ 10 ] 4390915
		mem[ 11 ] 1179650
		mem[ 12 ] 2359300
		mem[ 13 ] 20709377
		mem[ 14 ] 16842741
		mem[ 15 ] 25165824
		mem[ 16 ] 1
		mem[ 17 ] 6203
		mem[ 18 ] 1429
		mem[ 19 ] 32768
	registers:
		reg[ 0 ] 0
		reg[ 1 ] 130263
		reg[ 2 ] 793984
		reg[ 3 ] 1429
		reg[ 4 ] 128
		reg[ 5 ] 0
		reg[ 6 ] 0
		reg[ 7 ] 32768
end state

@@@
state:
	pc 14
	memory:
		mem[ 0 ] 8519697
		mem[ 1 ] 8585234
		mem[ 2 ] 8650768
		mem[ 3 ] 8847379
		mem[ 4 ] 4456452
		mem[ 5 ] 4390915
		mem[ 6 ] 6029317
		mem[ 7 ] 19398657
		mem[ 8 ] 1114113
		mem[ 9 ] 4456452
		mem[ 10 ] 4390915
		mem[ 11 ] 1179650
		mem[ 12 ] 2359300
		mem[ 13 ] 20709377
		mem[ 14 ] 16842741
		mem[ 15 ] 25165824
		mem[ 16 ] 1
		mem[ 17 ] 6203
		mem[ 18 ] 1429
		mem[ 19 ] 32768
	registers:
		reg[ 0 ] 0
		reg[ 1 ] 130263
		reg[ 2 ] 793984
		reg[ 3 ] 1429
		reg[ 4 ] 128
		reg[ 5 ] 0
		reg[ 6 ] 0
		reg[ 7 ] 32768
end state

@@@
state:
	pc 4
	memory:
		mem[ 0 ] 8519697
		mem[ 1 ] 8585234
		mem[ 2 ] 8650768
		mem[ 3 ] 8847379
		mem[ 4 ] 4456452
		mem[ 5 ] 4390915
		mem[ 6 ] 6029317
		mem[ 7 ] 19398657
		mem[ 8 ] 1114113
		mem[ 9 ] 4456452
		mem[ 10 ] 4390915
		mem[ 11 ] 1179650
		mem[ 12 ] 2359300
		mem[ 13 ] 20709377
		mem[ 14 ] 16842741
		mem[ 15 ] 25165824
		mem[ 16 ] 1
		mem[ 17 ] 6203
		mem[ 18 ] 1429
		mem[ 19 ] 32768
	registers:
		reg[ 0 ] 0
		reg[ 1 ] 130263
		reg[ 2 ] 793984
		reg[ 3 ] 1429
		reg[ 4 ] 128
		reg[ 5 ] 0
		reg[ 6 ] 0
		reg[ 7 ] 32768
end state

@@@
state:
	pc 5
	memory:
		mem[ 0 ] 8519697
		mem[ 1 ] 8585234
		mem[ 2 ] 8650768
		mem[ 3 ] 8847379
		mem[ 4 ] 4456452
		mem[ 5 ] 4390915
		mem[ 6 ] 6029317
		mem[ 7 ] 19398657
		mem[ 8 ] 1114113
		mem[ 9 ] 4456452
		mem[ 10 ] 4390915
		mem[ 11 ] 1179650
		mem[ 12 ] 2359300
		mem[ 13 ] 20709377
		mem[ 14 ] 16842741
		mem[ 15 ] 25165824
		mem[ 16 ] 1
		mem[ 17 ] 6203
		mem[ 18 ] 1429
		mem[ 19 ] 32768
	registers:
		reg[ 0 ] 0
		reg[ 1 ] 130263
		reg[ 2 ] 793984
		reg[ 3 ] 1429
		reg[ 4 ] -129
		reg[ 5 ] 0
		reg[ 6 ] 0
		reg[ 7 ] 32768
end state

@@@
state:
	pc 6
	memory:
		mem[ 0 ] 8519697
		mem[ 1 ] 8585234
		mem[ 2 ] 8650768
		mem[ 3 ] 8847379
		mem[ 4 ] 4456452
		mem[ 5 ] 4390915
		mem[ 6 ] 6029317
		mem[ 7 ] 19398657
		mem[ 8 ] 1114113
		mem[ 9 ] 4456452
		mem[ 10 ] 4390915
		mem[ 11 ] 1179650
		mem[ 12 ] 2359300
		mem[ 13 ] 20709377
		mem[ 14 ] 16842741
		mem[ 15 ] 25165824
		mem[ 16 ] 1
		mem[ 17 ] 6203
		mem[ 18 ] 1429
		mem[ 19 ] 32768
	registers:
		reg[ 0 ] 0
		reg[ 1 ] 130263
		reg[ 2 ] 793984
		reg[ 3 ] -1430
		reg[ 4 ] -129
		reg[ 5 ] 0
		reg[ 6 ] 0
		reg[ 7 ] 32768
end state

@@@
state:
	pc 7
	memory:
		mem[ 0 ] 8519697
		mem[ 1 ] 8585234
		mem[ 2 ] 8650768
		mem[ 3 ] 8847379
		mem[ 4 ] 4456452
		mem[ 5 ] 4390915
		mem[ 6 ] 6029317
		mem[ 7 ] 19398657
		mem[ 8 ] 1114113
		mem[ 9 ] 4456452
		mem[ 10 ] 4390915
		mem[ 11 ] 1179650
		mem[ 12 ] 2359300
		mem[ 13 ] 20709377
		mem[ 14 ] 16842741
		mem[ 15 ] 25165824
		mem[ 16 ] 1
		mem[ 17 ] 6203
		mem[ 18 ] 1429
		mem[ 19 ] 32768
	registers:
		reg[ 0 ] 0
		reg[ 1 ] 130263
		reg[ 2 ] 793984
		reg[ 3 ] -1430
		reg[ 4 ] -129
		reg[ 5 ] 128
		reg[ 6 ] 0
		reg[ 7 ] 32768
end state

@@@
state:
	pc 8
	memory:
		mem[ 0 ] 8519697
		mem[ 1 ] 8585234
		mem[ 2 ] 8650768
		mem[ 3 ] 8847379
		mem[ 4 ] 4456452
		mem[ 5 ] 4390915
		mem[ 6 ] 6029317
		mem[ 7 ] 19398657
		mem[ 8 ] 1114113
		mem[ 9 ] 4456452
		mem[ 10 ] 4390915
		mem[ 11 ] 1179650
		mem[ 12 ] 2359300
		mem[ 13 ] 20709377
		mem[ 14 ] 16842741
		mem[ 15 ] 25165824
		mem[ 16 ] 1
		mem[ 17 ] 6203
		mem[ 18 ] 1429
		mem[ 19 ] 32768
	registers:
		reg[ 0 ] 0
		reg[ 1 ] 130263
		reg[ 2 ] 793984
		reg[ 3 ] -1430
		reg[ 4 ] -129
		reg[ 5 ] 128
		reg[ 6 ] 0
		reg[ 7 ] 32768
end state

@@@
state:
	pc 9
	memory:
		mem[ 0 ] 8519697
		mem[ 1 ] 8585234
		mem[ 2 ] 8650768
		mem[ 3 ] 8847379
		mem[ 4 ] 4456452
		mem[ 5 ] 4390915
		mem[ 6 ] 6029317
		mem[ 7 ] 19398657
		mem[ 8 ] 1114113
		mem[ 9 ] 4456452
		mem[ 10 ] 4390915
		mem[ 11 ] 1179650
		mem[ 12 ] 2359300
		mem[ 13 ] 20709377
		mem[ 14 ] 16842741
		mem[ 15 ] 25165824
		mem[ 16 ] 1
		mem[ 17 ] 6203
		mem[ 18 ] 1429
		mem[ 19 ] 32768
	registers:
		reg[ 0 ] 0
		reg[ 1 ] 924247
		reg[ 2 ] 793984
		reg[ 3 ] -1430
		reg[ 4 ] -129
		reg[ 5 ] 128
		reg[ 6 ] 0
		reg[ 7 ] 32768
end state

@@@
state:
	pc 10
	memory:
		mem[ 0 ] 8519697
		mem[ 1 ] 8585234
		mem[ 2 ] 8650768
		mem[ 3 ] 8847379
		mem[ 4 ] 4456452
		mem[ 5 ] 4390915
		mem[ 6 ] 6029317
		mem[ 7 ] 19398657
		mem[ 8 ] 1114113
		mem[ 9 ] 4456452
		mem[ 10 ] 4390915
		mem[ 11 ] 1179650
		mem[ 12 ] 2359300
		mem[ 13 ] 20709377
		mem[ 14 ] 16842741
		mem[ 15 ] 25165824
		mem[ 16 ] 1
		mem[ 17 ] 6203
		mem[ 18 ] 1429
		mem[ 19 ] 32768
	registers:
		reg[ 0 ] 0
		reg[ 1 ] 924247
		reg[ 2 ] 793984
		reg[ 3 ] -1430
		reg[ 4 ] 128
		reg[ 5 ] 128
		reg[ 6 ] 0
		reg[ 7 ] 32768
end state

@@@
state:
	pc 11
	memory:
		mem[ 0 ] 8519697
		mem[ 1 ] 8585234
		mem[ 2 ] 8650768
		mem[ 3 ] 8847379
		mem[ 4 ] 4456452
		mem[ 5 ] 4390915
		mem[ 6 ] 6029317
		mem[ 7 ] 19398657
		mem[ 8 ] 1114113
		mem[ 9 ] 4456452
		mem[ 10 ] 4390915
		mem[ 11 ] 1179650
		mem[ 12 ] 2359300
		mem[ 13 ] 20709377
		mem[ 14 ] 16842741
		mem[ 15 ] 25165824
		mem[ 16 ] 1
		mem[ 17 ] 6203
		mem[ 18 ] 1429
		mem[ 19 ] 32768
	registers:
		reg[ 0 ] 0
		reg[ 1 ] 924247
		reg[ 2 ] 793984
		reg[ 3 ] 1429
		reg[ 4 ] 128
		reg[ 5 ] 128
		reg[ 6 ] 0
		reg[ 7 ] 32768
end state

@@@
state:
	pc 12
	memory:
		mem[ 0 ] 8519697
		mem[ 1 ] 8585234
		mem[ 2 ] 8650768
		mem[ 3 ] 8847379
		mem[ 4 ] 4456452
		mem[ 5 ] 4390915
		mem[ 6 ] 6029317
		mem[ 7 ] 19398657
		mem[ 8 ] 1114113
		mem[ 9 ] 4456452
		mem[ 10 ] 4390915
		mem[ 11 ] 1179650
		mem[ 12 ] 2359300
		mem[ 13 ] 20709377
		mem[ 14 ] 16842741
		mem[ 15 ] 25165824
		mem[ 16 ] 1
		mem[ 17 ] 6203
		mem[ 18 ] 1429
		mem[ 19 ] 32768
	registers:
		reg[ 0 ] 0
		reg[ 1 ] 924247
		reg[ 2 ] 1587968
		reg[ 3 ] 1429
		reg[ 4 ] 128
		reg[ 5 ] 128
		reg[ 6 ] 0
		reg[ 7 ] 32768
end state

@@@
state:
	pc 13
	memory:
		mem[ 0 ] 8519697
		mem[ 1 ] 8585234
		mem[ 2 ] 8650768
		mem[ 3 ] 8847379
		mem[ 4 ] 4456452
		mem[ 5 ] 4390915
		mem[ 6 ] 6029317
		mem[ 7 ] 19398657
		mem[ 8 ] 1114113
		mem[ 9 ] 4456452
		mem[ 10 ] 4390915
		mem[ 11 ] 1179650
		mem[ 12 ] 2359300
		mem[ 13 ] 20709377
		mem[ 14 ] 16842741
		mem[ 15 ] 25165824
		mem[ 16 ] 1
		mem[ 17 ] 6203
		mem[ 18 ] 1429
		mem[ 19 ] 32768
	registers:
		reg[ 0 ] 0
		reg[ 1 ] 924247
		reg[ 2 ] 1587968
		reg[ 3 ] 1429
		reg[ 4 ] 256
		reg[ 5 ] 128
		reg[ 6 ] 0
		reg[ 7 ] 32768
end state

@@@
state:
	pc 14
	memory:
		mem[ 0 ] 8519697
		mem[ 1 ] 8585234
		mem[ 2 ] 8650768
		mem[ 3 ] 8847379
		mem[ 4 ] 4456452
		mem[ 5 ] 4390915
		mem[ 6 ] 6029317
		mem[ 7 ] 19398657
		mem[ 8 ] 1114113
		mem[ 9 ] 4456452
		mem[ 10 ] 4390915
		mem[ 11 ] 1179650
		mem[ 12 ] 2359300
		mem[ 13 ] 20709377
		mem[ 14 ] 16842741
		mem[ 15 ] 25165824
		mem[ 16 ] 1
		mem[ 17 ] 6203
		mem[ 18 ] 1429
		mem[ 19 ] 32768
	registers:
		reg[ 0 ] 0
		reg[ 1 ] 924247
		reg[ 2 ] 1587968
		reg[ 3 ] 1429
		reg[ 4 ] 256
		reg[ 5 ] 128
		reg[ 6 ] 0
		reg[ 7 ] 32768
end state

@@@
state:
	pc 4
	memory:
		mem[ 0 ] 8519697
		mem[ 1 ] 8585234
		mem[ 2 ] 8650768
		mem[ 3 ] 8847379
		mem[ 4 ] 4456452
		mem[ 5 ] 4390915
		mem[ 6 ] 6029317
		mem[ 7 ] 19398657
		mem[ 8 ] 1114113
		mem[ 9 ] 4456452
		mem[ 10 ] 4390915
		mem[ 11 ] 1179650
		mem[ 12 ] 2359300
		mem[ 13 ] 20709377
		mem[ 14 ] 16842741
		mem[ 15 ] 25165824
		mem[ 16 ] 1
		mem[ 17 ] 6203
		mem[ 18 ] 1429
		mem[ 19 ] 32768
	registers:
		reg[ 0 ] 0
		reg[ 1 ] 924247
		reg[ 2 ] 1587968
		reg[ 3 ] 1429
		reg[ 4 ] 256
		reg[ 5 ] 128
		reg[ 6 ] 0
		reg[ 7 ] 32768
end state

@@@
state:
	pc 5
	memory:
		mem[ 0 ] 8519697
		mem[ 1 ] 8585234
		mem[ 2 ] 8650768
		mem[ 3 ] 8847379
		mem[ 4 ] 4456452
		mem[ 5 ] 4390915
		mem[ 6 ] 6029317
		mem[ 7 ] 19398657
		mem[ 8 ] 1114113
		mem[ 9 ] 4456452
		mem[ 10 ] 4390915
		mem[ 11 ] 1179650
		mem[ 12 ] 2359300
		mem[ 13 ] 20709377
		mem[ 14 ] 16842741
		mem[ 15 ] 25165824
		mem[ 16 ] 1
		mem[ 17 ] 6203
		mem[ 18 ] 1429
		mem[ 19 ] 32768
	registers:
		reg[ 0 ] 0
		reg[ 1 ] 924247
		reg[ 2 ] 1587968
		reg[ 3 ] 1429
		reg[ 4 ] -257
		reg[ 5 ] 128
		reg[ 6 ] 0
		reg[ 7 ] 32768
end state

@@@
state:
	pc 6
	memory:
		mem[ 0 ] 8519697
		mem[ 1 ] 8585234
		mem[ 2 ] 8650768
		mem[ 3 ] 8847379
		mem[ 4 ] 4456452
		mem[ 5 ] 4390915
		mem[ 6 ] 6029317
		mem[ 7 ] 19398657
		mem[ 8 ] 1114113
		mem[ 9 ] 4456452
		mem[ 10 ] 4390915
		mem[ 11 ] 1179650
		mem[ 12 ] 2359300
		mem[ 13 ] 20709377
		mem[ 14 ] 16842741
		mem[ 15 ] 25165824
		mem[ 16 ] 1
		mem[ 17 ] 6203
		mem[ 18 ] 1429
		mem[ 19 ] 32768
	registers:
		reg[ 0 ] 0
		reg[ 1 ] 924247
		reg[ 2 ] 1587968
		reg[ 3 ] -1430
		reg[ 4 ] -257
		reg[ 5 ] 128
		reg[ 6 ] 0
		reg[ 7 ] 32768
end state

@@@
state:
	pc 7
	memory:
		mem[ 0 ] 8519697
		mem[ 1 ] 8585234
		mem[ 2 ] 8650768
		mem[ 3 ] 8847379
		mem[ 4 ] 4456452
		mem[ 5 ] 4390915
		mem[ 6 ] 6029317
		mem[ 7 ] 19398657
		mem[ 8 ] 1114113
		mem[ 9 ] 4456452
		mem[ 10 ] 4390915
		mem[ 11 ] 1179650
		mem[ 12 ] 2359300
		mem[ 13 ] 20709377
		mem[ 14 ] 16842741
		mem[ 15 ] 25165824
		mem[ 16 ] 1
		mem[ 17 ] 6203
		mem[ 18 ] 1429
		mem[ 19 ] 32768
	registers:
		reg[ 0 ] 0
		reg[ 1 ] 924247
		reg[ 2 ] 1587968
		reg[ 3 ] -1430
		reg[ 4 ] -257
		reg[ 5 ] 256
		reg[ 6 ] 0
		reg[ 7 ] 32768
end state

@@@
state:
	pc 8
	memory:
		mem[ 0 ] 8519697
		mem[ 1 ] 8585234
		mem[ 2 ] 8650768
		mem[ 3 ] 8847379
		mem[ 4 ] 4456452
		mem[ 5 ] 4390915
		mem[ 6 ] 6029317
		mem[ 7 ] 19398657
		mem[ 8 ] 1114113
		mem[ 9 ] 4456452
		mem[ 10 ] 4390915
		mem[ 11 ] 1179650
		mem[ 12 ] 2359300
		mem[ 13 ] 20709377
		mem[ 14 ] 16842741
		mem[ 15 ] 25165824
		mem[ 16 ] 1
		mem[ 17 ] 6203
		mem[ 18 ] 1429
		mem[ 19 ] 32768
	registers:
		reg[ 0 ] 0
		reg[ 1 ] 924247
		reg[ 2 ] 1587968
		reg[ 3 ] -1430
		reg[ 4 ] -257
		reg[ 5 ] 256
		reg[ 6 ] 0
		reg[ 7 ] 32768
end state

@@@
state:
	pc 9
	memory:
		mem[ 0 ] 8519697
		mem[ 1 ] 8585234
		mem[ 2 ] 8650768
		mem[ 3 ] 8847379
		mem[ 4 ] 4456452
		mem[ 5 ] 4390915
		mem[ 6 ] 6029317
		mem[ 7 ] 19398657
		mem[ 8 ] 1114113
		mem[ 9 ] 4456452
		mem[ 10 ] 4390915
		mem[ 11 ] 1179650
		mem[ 12 ] 2359300
		mem[ 13 ] 20709377
		mem[ 14 ] 16842741
		mem[ 15 ] 25165824
		mem[ 16 ] 1
		mem[ 17 ] 6203
		mem[ 18 ] 1429
		mem[ 19 ] 32768
	registers:
		reg[ 0 ] 0
		reg[ 1 ] 2512215
		reg[ 2 ] 1587968
		reg[ 3 ] -1430
		reg[ 4 ] -257
		reg[ 5 ] 256
		reg[ 6 ] 0
		reg[ 7 ] 32768
end state

@@@
state:
	pc 10
	memory:
		mem[ 0 ] 8519697
		mem[ 1 ] 8585234
		mem[ 2 ] 8650768
		mem[ 3 ] 8847379
		mem[ 4 ] 4456452
		mem[ 5 ] 4390915
		mem[ 6 ] 6029317
		mem[ 7 ] 19398657
		mem[ 8 ] 1114113
		mem[ 9 ] 4456452
		mem[ 10 ] 4390915
		mem[ 11 ] 1179650
		mem[ 12 ] 2359300
		mem[ 13 ] 20709377
		mem[ 14 ] 16842741
		mem[ 15 ] 25165824
		mem[ 16 ] 1
		mem[ 17 ] 6203
		mem[ 18 ] 1429
		mem[ 19 ] 32768
	registers:
		reg[ 0 ] 0
		reg[ 1 ] 2512215
		reg[ 2 ] 1587968
		reg[ 3 ] -1430
		reg[ 4 ] 256
		reg[ 5 ] 256
		reg[ 6 ] 0
		reg[ 7 ] 32768
end state

@@@
state:
	pc 11
	memory:
		mem[ 0 ] 8519697
		mem[ 1 ] 8585234
		mem[ 2 ] 8650768
		mem[ 3 ] 8847379
		mem[ 4 ] 4456452
		mem[ 5 ] 4390915
		mem[ 6 ] 6029317
		mem[ 7 ] 19398657
		mem[ 8 ] 1114113
		mem[ 9 ] 4456452
		mem[ 10 ] 4390915
		mem[ 11 ] 1179650
		mem[ 12 ] 2359300
		mem[ 13 ] 20709377
		mem[ 14 ] 16842741
		mem[ 15 ] 25165824
		mem[ 16 ] 1
		mem[ 17 ] 6203
		mem[ 18 ] 1429
		mem[ 19 ] 32768
	registers:
		reg[ 0 ] 0
		reg[ 1 ] 2512215
		reg[ 2 ] 1587968
		reg[ 3 ] 1429
		reg[ 4 ] 256
		reg[ 5 ] 256
		reg[ 6 ] 0
		reg[ 7 ] 32768
end state

@@@
state:
	pc 12
	memory:
		mem[ 0 ] 8519697
		mem[ 1 ] 8585234
		mem[ 2 ] 8650768
		mem[ 3 ] 8847379
		mem[ 4 ] 4456452
		mem[ 5 ] 4390915
		mem[ 6 ] 6029317
		mem[ 7 ] 19398657
		mem[ 8 ] 1114113
		mem[ 9 ] 4456452
		mem[ 10 ] 4390915
		mem[ 11 ] 1179650
		mem[ 12 ] 2359300
		mem[ 13 ] 20709377
		mem[ 14 ] 16842741
		mem[ 15 ] 25165824
		mem[ 16 ] 1
		mem[ 17 ] 6203
		mem[ 18 ] 1429
		mem[ 19 ] 32768
	registers:
		reg[ 0 ] 0
		reg[ 1 ] 2512215
		reg[ 2 ] 3175936
		reg[ 3 ] 1429
		reg[ 4 ] 256
		reg[ 5 ] 256
		reg[ 6 ] 0
		reg[ 7 ] 32768
end state

@@@
state:
	pc 13
	memory:
		mem[ 0 ] 8519697
		mem[ 1 ] 8585234
		mem[ 2 ] 8650768
		mem[ 3 ] 8847379
		mem[ 4 ] 4456452
		mem[ 5 ] 4390915
		mem[ 6 ] 6029317
		mem[ 7 ] 19398657
		mem[ 8 ] 1114113
		mem[ 9 ] 4456452
		mem[ 10 ] 4390915
		mem[ 11 ] 1179650
		mem[ 12 ] 2359300
		mem[ 13 ] 20709377
		mem[ 14 ] 16842741
		mem[ 15 ] 25165824
		mem[ 16 ] 1
		mem[ 17 ] 6203
		mem[ 18 ] 1429
		mem[ 19 ] 32768
	registers:
		reg[ 0 ] 0
		reg[ 1 ] 2512215
		reg[ 2 ] 3175936
		reg[ 3 ] 1429
		reg[ 4 ] 512
		reg[ 5 ] 256
		reg[ 6 ] 0
		reg[ 7 ] 32768
end state

@@@
state:
	pc 14
	memory:
		mem[ 0 ] 8519697
		mem[ 1 ] 8585234
		mem[ 2 ] 8650768
		mem[ 3 ] 8847379
		mem[ 4 ] 4456452
		mem[ 5 ] 4390915
		mem[ 6 ] 6029317
		mem[ 7 ] 19398657
		mem[ 8 ] 1114113
		mem[ 9 ] 4456452
		mem[ 10 ] 4390915
		mem[ 11 ] 1179650
		mem[ 12 ] 2359300
		mem[ 13 ] 20709377
		mem[ 14 ] 16842741
		mem[ 15 ] 25165824
		mem[ 16 ] 1
		mem[ 17 ] 6203
		mem[ 18 ] 1429
		mem[ 19 ] 32768
	registers:
		reg[ 0 ] 0
		reg[ 1 ] 2512215
		reg[ 2 ] 3175936
		reg[ 3 ] 1429
		reg[ 4 ] 512
		reg[ 5 ] 256
		reg[ 6 ] 0
		reg[ 7 ] 32768
end state

@@@
state:
	pc 4
	memory:
		mem[ 0 ] 8519697
		mem[ 1 ] 8585234
		mem[ 2 ] 8650768
		mem[ 3 ] 8847379
		mem[ 4 ] 4456452
		mem[ 5 ] 4390915
		mem[ 6 ] 6029317
		mem[ 7 ] 19398657
		mem[ 8 ] 1114113
		mem[ 9 ] 4456452
		mem[ 10 ] 4390915
		mem[ 11 ] 1179650
		mem[ 12 ] 2359300
		mem[ 13 ] 20709377
		mem[ 14 ] 16842741
		mem[ 15 ] 25165824
		mem[ 16 ] 1
		mem[ 17 ] 6203
		mem[ 18 ] 1429
		mem[ 19 ] 32768
	registers:
		reg[ 0 ] 0
		reg[ 1 ] 2512215
		reg[ 2 ] 3175936
		reg[ 3 ] 1429
		reg[ 4 ] 512
		reg[ 5 ] 256
		reg[ 6 ] 0
		reg[ 7 ] 32768
end state

@@@
state:
	pc 5
	memory:
		mem[ 0 ] 8519697
		mem[ 1 ] 8585234
		mem[ 2 ] 8650768
		mem[ 3 ] 8847379
		mem[ 4 ] 4456452
		mem[ 5 ] 4390915
		mem[ 6 ] 6029317
		mem[ 7 ] 19398657
		mem[ 8 ] 1114113
		mem[ 9 ] 4456452
		mem[ 10 ] 4390915
		mem[ 11 ] 1179650
		mem[ 12 ] 2359300
		mem[ 13 ] 20709377
		mem[ 14 ] 16842741
		mem[ 15 ] 25165824
		mem[ 16 ] 1
		mem[ 17 ] 6203
		mem[ 18 ] 1429
		mem[ 19 ] 32768
	registers:
		reg[ 0 ] 0
		reg[ 1 ] 2512215
		reg[ 2 ] 3175936
		reg[ 3 ] 1429
		reg[ 4 ] -513
		reg[ 5 ] 256
		reg[ 6 ] 0
		reg[ 7 ] 32768
end state

@@@
state:
	pc 6
	memory:
		mem[ 0 ] 8519697
		mem[ 1 ] 8585234
		mem[ 2 ] 8650768
		mem[ 3 ] 8847379
		mem[ 4 ] 4456452
		mem[ 5 ] 4390915
		mem[ 6 ] 6029317
		mem[ 7 ] 19398657
		mem[ 8 ] 1114113
		mem[ 9 ] 4456452
		mem[ 10 ] 4390915
		mem[ 11 ] 1179650
		mem[ 12 ] 2359300
		mem[ 13 ] 20709377
		mem[ 14 ] 16842741
		mem[ 15 ] 25165824
		mem[ 16 ] 1
		mem[ 17 ] 6203
		mem[ 18 ] 1429
		mem[ 19 ] 32768
	registers:
		reg[ 0 ] 0
		reg[ 1 ] 2512215
		reg[ 2 ] 3175936
		reg[ 3 ] -1430
		reg[ 4 ] -513
		reg[ 5 ] 256
		reg[ 6 ] 0
		reg[ 7 ] 32768
end state

@@@
state:
	pc 7
	memory:
		mem[ 0 ] 8519697
		mem[ 1 ] 8585234
		mem[ 2 ] 8650768
		mem[ 3 ] 8847379
		mem[ 4 ] 4456452
		mem[ 5 ] 4390915
		mem[ 6 ] 6029317
		mem[ 7 ] 19398657
		mem[ 8 ] 1114113
		mem[ 9 ] 4456452
		mem[ 10 ] 4390915
		mem[ 11 ] 1179650
		mem[ 12 ] 2359300
		mem[ 13 ] 20709377
		mem[ 14 ] 16842741
		mem[ 15 ] 25165824
		mem[ 16 ] 1
		mem[ 17 ] 6203
		mem[ 18 ] 1429
		mem[ 19 ] 32768
	registers:
		reg[ 0 ] 0
		reg[ 1 ] 2512215
		reg[ 2 ] 3175936
		reg[ 3 ] -1430
		reg[ 4 ] -513
		reg[ 5 ] 0
		reg[ 6 ] 0
		reg[ 7 ] 32768
end state

@@@
state:
	pc 9
	memory:
		mem[ 0 ] 8519697
		mem[ 1 ] 8585234
		mem[ 2 ] 8650768
		mem[ 3 ] 8847379
		mem[ 4 ] 4456452
		mem[ 5 ] 4390915
		mem[ 6 ] 6029317
		mem[ 7 ] 19398657
		mem[ 8 ] 1114113
		mem[ 9 ] 4456452
		mem[ 10 ] 4390915
		mem[ 11 ] 1179650
		mem[ 12 ] 2359300
		mem[ 13 ] 20709377
		mem[ 14 ] 16842741
		mem[ 15 ] 25165824
		mem[ 16 ] 1
		mem[ 17 ] 6203
		mem[ 18 ] 1429
		mem[ 19 ] 32768
	registers:
		reg[ 0 ] 0
		reg[ 1 ] 2512215
		reg[ 2 ] 3175936
		reg[ 3 ] -1430
		reg[ 4 ] -513
		reg[ 5 ] 0
		reg[ 6 ] 0
		reg[ 7 ] 32768
end state

@@@
state:
	pc 10
	memory:
		mem[ 0 ] 8519697
		mem[ 1 ] 8585234
		mem[ 2 ] 8650768
		mem[ 3 ] 8847379
		mem[ 4 ] 4456452
		mem[ 5 ] 4390915
		mem[ 6 ] 6029317
		mem[ 7 ] 19398657
		mem[ 8 ] 1114113
		mem[ 9 ] 4456452
		mem[ 10 ] 4390915
		mem[ 11 ] 1179650
		mem[ 12 ] 2359300
		mem[ 13 ] 20709377
		mem[ 14 ] 16842741
		mem[ 15 ] 25165824
		mem[ 16 ] 1
		mem[ 17 ] 6203
		mem[ 18 ] 1429
		mem[ 19 ] 32768
	registers:
		reg[ 0 ] 0
		reg[ 1 ] 2512215
		reg[ 2 ] 3175936
		reg[ 3 ] -1430
		reg[ 4 ] 512
		reg[ 5 ] 0
		reg[ 6 ] 0
		reg[ 7 ] 32768
end state

@@@
state:
	pc 11
	memory:
		mem[ 0 ] 8519697
		mem[ 1 ] 8585234
		mem[ 2 ] 8650768
		mem[ 3 ] 8847379
		mem[ 4 ] 4456452
		mem[ 5 ] 4390915
		mem[ 6 ] 6029317
		mem[ 7 ] 19398657
		mem[ 8 ] 1114113
		mem[ 9 ] 4456452
		mem[ 10 ] 4390915
		mem[ 11 ] 1179650
		mem[ 12 ] 2359300
		mem[ 13 ] 20709377
		mem[ 14 ] 16842741
		mem[ 15 ] 25165824
		mem[ 16 ] 1
		mem[ 17 ] 6203
		mem[ 18 ] 1429
		mem[ 19 ] 32768
	registers:
		reg[ 0 ] 0
		reg[ 1 ] 2512215
		reg[ 2 ] 3175936
		reg[ 3 ] 1429
		reg[ 4 ] 512
		reg[ 5 ] 0
		reg[ 6 ] 0
		reg[ 7 ] 32768
end state

@@@
state:
	pc 12
	memory:
		mem[ 0 ] 8519697
		mem[ 1 ] 8585234
		mem[ 2 ] 8650768
		mem[ 3 ] 8847379
		mem[ 4 ] 4456452
		mem[ 5 ] 4390915
		mem[ 6 ] 6029317
		mem[ 7 ] 19398657
		mem[ 8 ] 1114113
		mem[ 9 ] 4456452
		mem[ 10 ] 4390915
		mem[ 11 ] 1179650
		mem[ 12 ] 2359300
		mem[ 13 ] 20709377
		mem[ 14 ] 16842741
		mem[ 15 ] 25165824
		mem[ 16 ] 1
		mem[ 17 ] 6203
		mem[ 18 ] 1429
		mem[ 19 ] 32768
	registers:
		reg[ 0 ] 0
		reg[ 1 ] 2512215
		reg[ 2 ] 6351872
		reg[ 3 ] 1429
		reg[ 4 ] 512
		reg[ 5 ] 0
		reg[ 6 ] 0
		reg[ 7 ] 32768
end state

@@@
state:
	pc 13
	memory:
		mem[ 0 ] 8519697
		mem[ 1 ] 8585234
		mem[ 2 ] 8650768
		mem[ 3 ] 8847379
		mem[ 4 ] 4456452
		mem[ 5 ] 4390915
		mem[ 6 ] 6029317
		mem[ 7 ] 19398657
		mem[ 8 ] 1114113
		mem[ 9 ] 4456452
		mem[ 10 ] 4390915
		mem[ 11 ] 1179650
		mem[ 12 ] 2359300
		mem[ 13 ] 20709377
		mem[ 14 ] 16842741
		mem[ 15 ] 25165824
		mem[ 16 ] 1
		mem[ 17 ] 6203
		mem[ 18 ] 1429
		mem[ 19 ] 32768
	registers:
		reg[ 0 ] 0
		reg[ 1 ] 2512215
		reg[ 2 ] 6351872
		reg[ 3 ] 1429
		reg[ 4 ] 1024
		reg[ 5 ] 0
		reg[ 6 ] 0
		reg[ 7 ] 32768
end state

@@@
state:
	pc 14
	memory:
		mem[ 0 ] 8519697
		mem[ 1 ] 8585234
		mem[ 2 ] 8650768
		mem[ 3 ] 8847379
		mem[ 4 ] 4456452
		mem[ 5 ] 4390915
		mem[ 6 ] 6029317
		mem[ 7 ] 19398657
		mem[ 8 ] 1114113
		mem[ 9 ] 4456452
		mem[ 10 ] 4390915
		mem[ 11 ] 1179650
		mem[ 12 ] 2359300
		mem[ 13 ] 20709377
		mem[ 14 ] 16842741
		mem[ 15 ] 25165824
		mem[ 16 ] 1
		mem[ 17 ] 6203
		mem[ 18 ] 1429
		mem[ 19 ] 32768
	registers:
		reg[ 0 ] 0
		reg[ 1 ] 2512215
		reg[ 2 ] 6351872
		reg[ 3 ] 1429
		reg[ 4 ] 1024
		reg[ 5 ] 0
		reg[ 6 ] 0
		reg[ 7 ] 32768
end state

@@@
state:
	pc 4
	memory:
		mem[ 0 ] 8519697
		mem[ 1 ] 8585234
		mem[ 2 ] 8650768
		mem[ 3 ] 8847379
		mem[ 4 ] 4456452
		mem[ 5 ] 4390915
		mem[ 6 ] 6029317
		mem[ 7 ] 19398657
		mem[ 8 ] 1114113
		mem[ 9 ] 4456452
		mem[ 10 ] 4390915
		mem[ 11 ] 1179650
		mem[ 12 ] 2359300
		mem[ 13 ] 20709377
		mem[ 14 ] 16842741
		mem[ 15 ] 25165824
		mem[ 16 ] 1
		mem[ 17 ] 6203
		mem[ 18 ] 1429
		mem[ 19 ] 32768
	registers:
		reg[ 0 ] 0
		reg[ 1 ] 2512215
		reg[ 2 ] 6351872
		reg[ 3 ] 1429
		reg[ 4 ] 1024
		reg[ 5 ] 0
		reg[ 6 ] 0
		reg[ 7 ] 32768
end state

@@@
state:
	pc 5
	memory:
		mem[ 0 ] 8519697
		mem[ 1 ] 8585234
		mem[ 2 ] 8650768
		mem[ 3 ] 8847379
		mem[ 4 ] 4456452
		mem[ 5 ] 4390915
		mem[ 6 ] 6029317
		mem[ 7 ] 19398657
		mem[ 8 ] 1114113
		mem[ 9 ] 4456452
		mem[ 10 ] 4390915
		mem[ 11 ] 1179650
		mem[ 12 ] 2359300
		mem[ 13 ] 20709377
		mem[ 14 ] 16842741
		mem[ 15 ] 25165824
		mem[ 16 ] 1
		mem[ 17 ] 6203
		mem[ 18 ] 1429
		mem[ 19 ] 32768
	registers:
		reg[ 0 ] 0
		reg[ 1 ] 2512215
		reg[ 2 ] 6351872
		reg[ 3 ] 1429
		reg[ 4 ] -1025
		reg[ 5 ] 0
		reg[ 6 ] 0
		reg[ 7 ] 32768
end state

@@@
state:
	pc 6
	memory:
		mem[ 0 ] 8519697
		mem[ 1 ] 8585234
		mem[ 2 ] 8650768
		mem[ 3 ] 8847379
		mem[ 4 ] 4456452
		mem[ 5 ] 4390915
		mem[ 6 ] 6029317
		mem[ 7 ] 19398657
		mem[ 8 ] 1114113
		mem[ 9 ] 4456452
		mem[ 10 ] 4390915
		mem[ 11 ] 1179650
		mem[ 12 ] 2359300
		mem[ 13 ] 20709377
		mem[ 14 ] 16842741
		mem[ 15 ] 25165824
		mem[ 16 ] 1
		mem[ 17 ] 6203
		mem[ 18 ] 1429
		mem[ 19 ] 32768
	registers:
		reg[ 0 ] 0
		reg[ 1 ] 2512215
		reg[ 2 ] 6351872
		reg[ 3 ] -1430
		reg[ 4 ] -1025
		reg[ 5 ] 0
		reg[ 6 ] 0
		reg[ 7 ] 32768
end state

@@@
state:
	pc 7
	memory:
		mem[ 0 ] 8519697
		mem[ 1 ] 8585234
		mem[ 2 ] 8650768
		mem[ 3 ] 8847379
		mem[ 4 ] 4456452
		mem[ 5 ] 4390915
		mem[ 6 ] 6029317
		mem[ 7 ] 19398657
		mem[ 8 ] 1114113
		mem[ 9 ] 4456452
		mem[ 10 ] 4390915
		mem[ 11 ] 1179650
		mem[ 12 ] 2359300
		mem[ 13 ] 20709377
		mem[ 14 ] 16842741
		mem[ 15 ] 25165824
		mem[ 16 ] 1
		mem[ 17 ] 6203
		mem[ 18 ] 1429
		mem[ 19 ] 32768
	registers:
		reg[ 0 ] 0
		reg[ 1 ] 2512215
		reg[ 2 ] 6351872
		reg[ 3 ] -1430
		reg[ 4 ] -1025
		reg[ 5 ] 1024
		reg[ 6 ] 0
		reg[ 7 ] 32768
end state

@@@
state:
	pc 8
	memory:
		mem[ 0 ] 8519697
		mem[ 1 ] 8585234
		mem[ 2 ] 8650768
		mem[ 3 ] 8847379
		mem[ 4 ] 4456452
		mem[ 5 ] 4390915
		mem[ 6 ] 6029317
		mem[ 7 ] 19398657
		mem[ 8 ] 1114113
		mem[ 9 ] 4456452
		mem[ 10 ] 4390915
		mem[ 11 ] 1179650
		mem[ 12 ] 2359300
		mem[ 13 ] 20709377
		mem[ 14 ] 16842741
		mem[ 15 ] 25165824
		mem[ 16 ] 1
		mem[ 17 ] 6203
		mem[ 18 ] 1429
		mem[ 19 ] 32768
	registers:
		reg[ 0 ] 0
		reg[ 1 ] 2512215
		reg[ 2 ] 6351872
		reg[ 3 ] -1430
		reg[ 4 ] -1025
		reg[ 5 ] 1024
		reg[ 6 ] 0
		reg[ 7 ] 32768
end state

@@@
state:
	pc 9
	memory:
		mem[ 0 ] 8519697
		mem[ 1 ] 8585234
		mem[ 2 ] 8650768
		mem[ 3 ] 8847379
		mem[ 4 ] 4456452
		mem[ 5 ] 4390915
		mem[ 6 ] 6029317
		mem[ 7 ] 19398657
		mem[ 8 ] 1114113
		mem[ 9 ] 4456452
		mem[ 10 ] 4390915
		mem[ 11 ] 1179650
		mem[ 12 ] 2359300
		mem[ 13 ] 20709377
		mem[ 14 ] 16842741
		mem[ 15 ] 25165824
		mem[ 16 ] 1
		mem[ 17 ] 6203
		mem[ 18 ] 1429
		mem[ 19 ] 32768
	registers:
		reg[ 0 ] 0
		reg[ 1 ] 8864087
		reg[ 2 ] 6351872
		reg[ 3 ] -1430
		reg[ 4 ] -1025
		reg[ 5 ] 1024
		reg[ 6 ] 0
		reg[ 7 ] 32768
end state

@@@
state:
	pc 10
	memory:
		mem[ 0 ] 8519697
		mem[ 1 ] 8585234
		mem[ 2 ] 8650768
		mem[ 3 ] 8847379
		mem[ 4 ] 4456452
		mem[ 5 ] 4390915
		mem[ 6 ] 6029317
		mem[ 7 ] 19398657
		mem[ 8 ] 1114113
		mem[ 9 ] 4456452
		mem[ 10 ] 4390915
		mem[ 11 ] 1179650
		mem[ 12 ] 2359300
		mem[ 13 ] 20709377
		mem[ 14 ] 16842741
		mem[ 15 ] 25165824
		mem[ 16 ] 1
		mem[ 17 ] 6203
		mem[ 18 ] 1429
		mem[ 19 ] 32768
	registers:
		reg[ 0 ] 0
		reg[ 1 ] 8864087
		reg[ 2 ] 6351872
		reg[ 3 ] -1430
		reg[ 4 ] 1024
		reg[ 5 ] 1024
		reg[ 6 ] 0
		reg[ 7 ] 32768
end state

@@@
state:
	pc 11
	memory:
		mem[ 0 ] 8519697
		mem[ 1 ] 8585234
		mem[ 2 ] 8650768
		mem[ 3 ] 8847379
		mem[ 4 ] 4456452
		mem[ 5 ] 4390915
		mem[ 6 ] 6029317
		mem[ 7 ] 19398657
		mem[ 8 ] 1114113
		mem[ 9 ] 4456452
		mem[ 10 ] 4390915
		mem[ 11 ] 1179650
		mem[ 12 ] 2359300
		mem[ 13 ] 20709377
		mem[ 14 ] 16842741
		mem[ 15 ] 25165824
		mem[ 16 ] 1
		mem[ 17 ] 6203
		mem[ 18 ] 1429
		mem[ 19 ] 32768
	registers:
		reg[ 0 ] 0
		reg[ 1 ] 8864087
		reg[ 2 ] 6351872
		reg[ 3 ] 1429
		reg[ 4 ] 1024
		reg[ 5 ] 1024
		reg[ 6 ] 0
		reg[ 7 ] 32768
end state

@@@
state:
	pc 12
	memory:
		mem[ 0 ] 8519697
		mem[ 1 ] 8585234
		mem[ 2 ] 8650768
		mem[ 3 ] 8847379
		mem[ 4 ] 4456452
		mem[ 5 ] 4390915
		mem[ 6 ] 6029317
		mem[ 7 ] 19398657
		mem[ 8 ] 1114113
		mem[ 9 ] 4456452
		mem[ 10 ] 4390915
		mem[ 11 ] 1179650
		mem[ 12 ] 2359300
		mem[ 13 ] 20709377
		mem[ 14 ] 16842741
		mem[ 15 ] 25165824
		mem[ 16 ] 1
		mem[ 17 ] 6203
		mem[ 18 ] 1429
		mem[ 19 ] 32768
	registers:
		reg[ 0 ] 0
		reg[ 1 ] 8864087
		reg[ 2 ] 12703744
		reg[ 3 ] 1429
		reg[ 4 ] 1024
		reg[ 5 ] 1024
		reg[ 6 ] 0
		reg[ 7 ] 32768
end state

@@@
state:
	pc 13
	memory:
		mem[ 0 ] 8519697
		mem[ 1 ] 8585234
		mem[ 2 ] 8650768
		mem[ 3 ] 8847379
		mem[ 4 ] 4456452
		mem[ 5 ] 4390915
		mem[ 6 ] 6029317
		mem[ 7 ] 19398657
		mem[ 8 ] 1114113
		mem[ 9 ] 4456452
		mem[ 10 ] 4390915
		mem[ 11 ] 1179650
		mem[ 12 ] 2359300
		mem[ 13 ] 20709377
		mem[ 14 ] 16842741
		mem[ 15 ] 25165824
		mem[ 16 ] 1
		mem[ 17 ] 6203
		mem[ 18 ] 1429
		mem[ 19 ] 32768
	registers:
		reg[ 0 ] 0
		reg[ 1 ] 8864087
		reg[ 2 ] 12703744
		reg[ 3 ] 1429
		reg[ 4 ] 2048
		reg[ 5 ] 1024
		reg[ 6 ] 0
		reg[ 7 ] 32768
end state

@@@
state:
	pc 14
	memory:
		mem[ 0 ] 8519697
		mem[ 1 ] 8585234
		mem[ 2 ] 8650768
		mem[ 3 ] 8847379
		mem[ 4 ] 4456452
		mem[ 5 ] 4390915
		mem[ 6 ] 6029317
		mem[ 7 ] 19398657
		mem[ 8 ] 1114113
		mem[ 9 ] 4456452
		mem[ 10 ] 4390915
		mem[ 11 ] 1179650
		mem[ 12 ] 2359300
		mem[ 13 ] 20709377
		mem[ 14 ] 16842741
		mem[ 15 ] 25165824
		mem[ 16 ] 1
		mem[ 17 ] 6203
		mem[ 18 ] 1429
		mem[ 19 ] 32768
	registers:
		reg[ 0 ] 0
		reg[ 1 ] 8864087
		reg[ 2 ] 12703744
		reg[ 3 ] 1429
		reg[ 4 ] 2048
		reg[ 5 ] 1024
		reg[ 6 ] 0
		reg[ 7 ] 32768
end state

@@@
state:
	pc 4
	memory:
		mem[ 0 ] 8519697
		mem[ 1 ] 8585234
		mem[ 2 ] 8650768
		mem[ 3 ] 8847379
		mem[ 4 ] 4456452
		mem[ 5 ] 4390915
		mem[ 6 ] 6029317
		mem[ 7 ] 19398657
		mem[ 8 ] 1114113
		mem[ 9 ] 4456452
		mem[ 10 ] 4390915
		mem[ 11 ] 1179650
		mem[ 12 ] 2359300
		mem[ 13 ] 20709377
		mem[ 14 ] 16842741
		mem[ 15 ] 25165824
		mem[ 16 ] 1
		mem[ 17 ] 6203
		mem[ 18 ] 1429
		mem[ 19 ] 32768
	registers:
		reg[ 0 ] 0
		reg[ 1 ] 8864087
		reg[ 2 ] 12703744
		reg[ 3 ] 1429
		reg[ 4 ] 2048
		reg[ 5 ] 1024
		reg[ 6 ] 0
		reg[ 7 ] 32768
end state

@@@
state:
	pc 5
	memory:
		mem[ 0 ] 8519697
		mem[ 1 ] 8585234
		mem[ 2 ] 8650768
		mem[ 3 ] 8847379
		mem[ 4 ] 4456452
		mem[ 5 ] 4390915
		mem[ 6 ] 6029317
		mem[ 7 ] 19398657
		mem[ 8 ] 1114113
		mem[ 9 ] 4456452
		mem[ 10 ] 4390915
		mem[ 11 ] 1179650
		mem[ 12 ] 2359300
		mem[ 13 ] 20709377
		mem[ 14 ] 16842741
		mem[ 15 ] 25165824
		mem[ 16 ] 1
		mem[ 17 ] 6203
		mem[ 18 ] 1429
		mem[ 19 ] 32768
	registers:
		reg[ 0 ] 0
		reg[ 1 ] 8864087
		reg[ 2 ] 12703744
		reg[ 3 ] 1429
		reg[ 4 ] -2049
		reg[ 5 ] 1024
		reg[ 6 ] 0
		reg[ 7 ] 32768
end state

@@@
state:
	pc 6
	memory:
		mem[ 0 ] 8519697
		mem[ 1 ] 8585234
		mem[ 2 ] 8650768
		mem[ 3 ] 8847379
		mem[ 4 ] 4456452
		mem[ 5 ] 4390915
		mem[ 6 ] 6029317
		mem[ 7 ] 19398657
		mem[ 8 ] 1114113
		mem[ 9 ] 4456452
		mem[ 10 ] 4390915
		mem[ 11 ] 1179650
		mem[ 12 ] 2359300
		mem[ 13 ] 20709377
		mem[ 14 ] 16842741
		mem[ 15 ] 25165824
		mem[ 16 ] 1
		mem[ 17 ] 6203
		mem[ 18 ] 1429
		mem[ 19 ] 32768
	registers:
		reg[ 0 ] 0
		reg[ 1 ] 8864087
		reg[ 2 ] 12703744
		reg[ 3 ] -1430
		reg[ 4 ] -2049
		reg[ 5 ] 1024
		reg[ 6 ] 0
		reg[ 7 ] 32768
end state

@@@
state:
	pc 7
	memory:
		mem[ 0 ] 8519697
		mem[ 1 ] 8585234
		mem[ 2 ] 8650768
		mem[ 3 ] 8847379
		mem[ 4 ] 4456452
		mem[ 5 ] 4390915
		mem[ 6 ] 6029317
		mem[ 7 ] 19398657
		mem[ 8 ] 1114113
		mem[ 9 ] 4456452
		mem[ 10 ] 4390915
		mem[ 11 ] 1179650
		mem[ 12 ] 2359300
		mem[ 13 ] 20709377
		mem[ 14 ] 16842741
		mem[ 15 ] 25165824
		mem[ 16 ] 1
		mem[ 17 ] 6203
		mem[ 18 ] 1429
		mem[ 19 ] 32768
	registers:
		reg[ 0 ] 0
		reg[ 1 ] 8864087
		reg[ 2 ] 12703744
		reg[ 3 ] -1430
		reg[ 4 ] -2049
		reg[ 5 ] 0
		reg[ 6 ] 0
		reg[ 7 ] 32768
end state

@@@
state:
	pc 9
	memory:
		mem[ 0 ] 8519697
		mem[ 1 ] 8585234
		mem[ 2 ] 8650768
		mem[ 3 ] 8847379
		mem[ 4 ] 4456452
		mem[ 5 ] 4390915
		mem[ 6 ] 6029317
		mem[ 7 ] 19398657
		mem[ 8 ] 1114113
		mem[ 9 ] 4456452
		mem[ 10 ] 4390915
		mem[ 11 ] 1179650
		mem[ 12 ] 2359300
		mem[ 13 ] 20709377
		mem[ 14 ] 16842741
		mem[ 15 ] 25165824
		mem[ 16 ] 1
		mem[ 17 ] 6203
		mem[ 18 ] 1429
		mem[ 19 ] 32768
	registers:
		reg[ 0 ] 0
		reg[ 1 ] 8864087
		reg[ 2 ] 12703744
		reg[ 3 ] -1430
		reg[ 4 ] -2049
		reg[ 5 ] 0
		reg[ 6 ] 0
		reg[ 7 ] 32768
end state

@@@
state:
	pc 10
	memory:
		mem[ 0 ] 8519697
		mem[ 1 ] 8585234
		mem[ 2 ] 8650768
		mem[ 3 ] 8847379
		mem[ 4 ] 4456452
		mem[ 5 ] 4390915
		mem[ 6 ] 6029317
		mem[ 7 ] 19398657
		mem[ 8 ] 1114113
		mem[ 9 ] 4456452
		mem[ 10 ] 4390915
		mem[ 11 ] 1179650
		mem[ 12 ] 2359300
		mem[ 13 ] 20709377
		mem[ 14 ] 16842741
		mem[ 15 ] 25165824
		mem[ 16 ] 1
		mem[ 17 ] 6203
		mem[ 18 ] 1429
		mem[ 19 ] 32768
	registers:
		reg[ 0 ] 0
		reg[ 1 ] 8864087
		reg[ 2 ] 12703744
		reg[ 3 ] -1430
		reg[ 4 ] 2048
		reg[ 5 ] 0
		reg[ 6 ] 0
		reg[ 7 ] 32768
end state

@@@
state:
	pc 11
	memory:
		mem[ 0 ] 8519697
		mem[ 1 ] 8585234
		mem[ 2 ] 8650768
		mem[ 3 ] 8847379
		mem[ 4 ] 4456452
		mem[ 5 ] 4390915
		mem[ 6 ] 6029317
		mem[ 7 ] 19398657
		mem[ 8 ] 1114113
		mem[ 9 ] 4456452
		mem[ 10 ] 4390915
		mem[ 11 ] 1179650
		mem[ 12 ] 2359300
		mem[ 13 ] 20709377
		mem[ 14 ] 16842741
		mem[ 15 ] 25165824
		mem[ 16 ] 1
		mem[ 17 ] 6203
		mem[ 18 ] 1429
		mem[ 19 ] 32768
	registers:
		reg[ 0 ] 0
		reg[ 1 ] 8864087
		reg[ 2 ] 12703744
		reg[ 3 ] 1429
		reg[ 4 ] 2048
		reg[ 5 ] 0
		reg[ 6 ] 0
		reg[ 7 ] 32768
end state

@@@
state:
	pc 12
	memory:
		mem[ 0 ] 8519697
		mem[ 1 ] 8585234
		mem[ 2 ] 8650768
		mem[ 3 ] 8847379
		mem[ 4 ] 4456452
		mem[ 5 ] 4390915
		mem[ 6 ] 6029317
		mem[ 7 ] 19398657
		mem[ 8 ] 1114113
		mem[ 9 ] 4456452
		mem[ 10 ] 4390915
		mem[ 11 ] 1179650
		mem[ 12 ] 2359300
		mem[ 13 ] 20709377
		mem[ 14 ] 16842741
		mem[ 15 ] 25165824
		mem[ 16 ] 1
		mem[ 17 ] 6203
		mem[ 18 ] 1429
		mem[ 19 ] 32768
	registers:
		reg[ 0 ] 0
		reg[ 1 ] 8864087
		reg[ 2 ] 25407488
		reg[ 3 ] 1429
		reg[ 4 ] 2048
		reg[ 5 ] 0
		reg[ 6 ] 0
		reg[ 7 ] 32768
end state

@@@
state:
	pc 13
	memory:
		mem[ 0 ] 8519697
		mem[ 1 ] 8585234
		mem[ 2 ] 8650768
		mem[ 3 ] 8847379
		mem[ 4 ] 4456452
		mem[ 5 ] 4390915
		mem[ 6 ] 6029317
		mem[ 7 ] 19398657
		mem[ 8 ] 1114113
		mem[ 9 ] 4456452
		mem[ 10 ] 4390915
		mem[ 11 ] 1179650
		mem[ 12 ] 2359300
		mem[ 13 ] 20709377
		mem[ 14 ] 16842741
		mem[ 15 ] 25165824
		mem[ 16 ] 1
		mem[ 17 ] 6203
		mem[ 18 ] 1429
		mem[ 19 ] 32768
	registers:
		reg[ 0 ] 0
		reg[ 1 ] 8864087
		reg[ 2 ] 25407488
		reg[ 3 ] 1429
		reg[ 4 ] 4096
		reg[ 5 ] 0
		reg[ 6 ] 0
		reg[ 7 ] 32768
end state

@@@
state:
	pc 14
	memory:
		mem[ 0 ] 8519697
		mem[ 1 ] 8585234
		mem[ 2 ] 8650768
		mem[ 3 ] 8847379
		mem[ 4 ] 4456452
		mem[ 5 ] 4390915
		mem[ 6 ] 6029317
		mem[ 7 ] 19398657
		mem[ 8 ] 1114113
		mem[ 9 ] 4456452
		mem[ 10 ] 4390915
		mem[ 11 ] 1179650
		mem[ 12 ] 2359300
		mem[ 13 ] 20709377
		mem[ 14 ] 16842741
		mem[ 15 ] 25165824
		mem[ 16 ] 1
		mem[ 17 ] 6203
		mem[ 18 ] 1429
		mem[ 19 ] 32768
	registers:
		reg[ 0 ] 0
		reg[ 1 ] 8864087
		reg[ 2 ] 25407488
		reg[ 3 ] 1429
		reg[ 4 ] 4096
		reg[ 5 ] 0
		reg[ 6 ] 0
		reg[ 7 ] 32768
end state

@@@
state:
	pc 4
	memory:
		mem[ 0 ] 8519697
		mem[ 1 ] 8585234
		mem[ 2 ] 8650768
		mem[ 3 ] 8847379
		mem[ 4 ] 4456452
		mem[ 5 ] 4390915
		mem[ 6 ] 6029317
		mem[ 7 ] 19398657
		mem[ 8 ] 1114113
		mem[ 9 ] 4456452
		mem[ 10 ] 4390915
		mem[ 11 ] 1179650
		mem[ 12 ] 2359300
		mem[ 13 ] 20709377
		mem[ 14 ] 16842741
		mem[ 15 ] 25165824
		mem[ 16 ] 1
		mem[ 17 ] 6203
		mem[ 18 ] 1429
		mem[ 19 ] 32768
	registers:
		reg[ 0 ] 0
		reg[ 1 ] 8864087
		reg[ 2 ] 25407488
		reg[ 3 ] 1429
		reg[ 4 ] 4096
		reg[ 5 ] 0
		reg[ 6 ] 0
		reg[ 7 ] 32768
end state

@@@
state:
	pc 5
	memory:
		mem[ 0 ] 8519697
		mem[ 1 ] 8585234
		mem[ 2 ] 8650768
		mem[ 3 ] 8847379
		mem[ 4 ] 4456452
		mem[ 5 ] 4390915
		mem[ 6 ] 6029317
		mem[ 7 ] 19398657
		mem[ 8 ] 1114113
		mem[ 9 ] 4456452
		mem[ 10 ] 4390915
		mem[ 11 ] 1179650
		mem[ 12 ] 2359300
		mem[ 13 ] 20709377
		mem[ 14 ] 16842741
		mem[ 15 ] 25165824
		mem[ 16 ] 1
		mem[ 17 ] 6203
		mem[ 18 ] 1429
		mem[ 19 ] 32768
	registers:
		reg[ 0 ] 0
		reg[ 1 ] 8864087
		reg[ 2 ] 25407488
		reg[ 3 ] 1429
		reg[ 4 ] -4097
		reg[ 5 ] 0
		reg[ 6 ] 0
		reg[ 7 ] 32768
end state

@@@
state:
	pc 6
	memory:
		mem[ 0 ] 8519697
		mem[ 1 ] 8585234
		mem[ 2 ] 8650768
		mem[ 3 ] 8847379
		mem[ 4 ] 4456452
		mem[ 5 ] 4390915
		mem[ 6 ] 6029317
		mem[ 7 ] 19398657
		mem[ 8 ] 1114113
		mem[ 9 ] 4456452
		mem[ 10 ] 4390915
		mem[ 11 ] 1179650
		mem[ 12 ] 2359300
		mem[ 13 ] 20709377
		mem[ 14 ] 16842741
		mem[ 15 ] 25165824
		mem[ 16 ] 1
		mem[ 17 ] 6203
		mem[ 18 ] 1429
		mem[ 19 ] 32768
	registers:
		reg[ 0 ] 0
		reg[ 1 ] 8864087
		reg[ 2 ] 25407488
		reg[ 3 ] -1430
		reg[ 4 ] -4097
		reg[ 5 ] 0
		reg[ 6 ] 0
		reg[ 7 ] 32768
end state

@@@
state:
	pc 7
	memory:
		mem[ 0 ] 8519697
		mem[ 1 ] 8585234
		mem[ 2 ] 8650768
		mem[ 3 ] 8847379
		mem[ 4 ] 4456452
		mem[ 5 ] 4390915
		mem[ 6 ] 6029317
		mem[ 7 ] 19398657
		mem[ 8 ] 1114113
		mem[ 9 ] 4456452
		mem[ 10 ] 4390915
		mem[ 11 ] 1179650
		mem[ 12 ] 2359300
		mem[ 13 ] 20709377
		mem[ 14 ] 16842741
		mem[ 15 ] 25165824
		mem[ 16 ] 1
		mem[ 17 ] 6203
		mem[ 18 ] 1429
		mem[ 19 ] 32768
	registers:
		reg[ 0 ] 0
		reg[ 1 ] 8864087
		reg[ 2 ] 25407488
		reg[ 3 ] -1430
		reg[ 4 ] -4097
		reg[ 5 ] 0
		reg[ 6 ] 0
		reg[ 7 ] 32768
end state

@@@
state:
	pc 9
	memory:
		mem[ 0 ] 8519697
		mem[ 1 ] 8585234
		mem[ 2 ] 8650768
		mem[ 3 ] 8847379
		mem[ 4 ] 4456452
		mem[ 5 ] 4390915
		mem[ 6 ] 6029317
		mem[ 7 ] 19398657
		mem[ 8 ] 1114113
		mem[ 9 ] 4456452
		mem[ 10 ] 4390915
		mem[ 11 ] 1179650
		mem[ 12 ] 2359300
		mem[ 13 ] 20709377
		mem[ 14 ] 16842741
		mem[ 15 ] 25165824
		mem[ 16 ] 1
		mem[ 17 ] 6203
		mem[ 18 ] 1429
		mem[ 19 ] 32768
	registers:
		reg[ 0 ] 0
		reg[ 1 ] 8864087
		reg[ 2 ] 25407488
		reg[ 3 ] -1430
		reg[ 4 ] -4097
		reg[ 5 ] 0
		reg[ 6 ] 0
		reg[ 7 ] 32768
end state

@@@
state:
	pc 10
	memory:
		mem[ 0 ] 8519697
		mem[ 1 ] 8585234
		mem[ 2 ] 8650768
		mem[ 3 ] 8847379
		mem[ 4 ] 4456452
		mem[ 5 ] 4390915
		mem[ 6 ] 6029317
		mem[ 7 ] 19398657
		mem[ 8 ] 1114113
		mem[ 9 ] 4456452
		mem[ 10 ] 4390915
		mem[ 11 ] 1179650
		mem[ 12 ] 2359300
		mem[ 13 ] 20709377
		mem[ 14 ] 16842741
		mem[ 15 ] 25165824
		mem[ 16 ] 1
		mem[ 17 ] 6203
		mem[ 18 ] 1429
		mem[ 19 ] 32768
	registers:
		reg[ 0 ] 0
		reg[ 1 ] 8864087
		reg[ 2 ] 25407488
		reg[ 3 ] -1430
		reg[ 4 ] 4096
		reg[ 5 ] 0
		reg[ 6 ] 0
		reg[ 7 ] 32768
end state

@@@
state:
	pc 11
	memory:
		mem[ 0 ] 8519697
		mem[ 1 ] 8585234
		mem[ 2 ] 8650768
		mem[ 3 ] 8847379
		mem[ 4 ] 4456452
		mem[ 5 ] 4390915
		mem[ 6 ] 6029317
		mem[ 7 ] 19398657
		mem[ 8 ] 1114113
		mem[ 9 ] 4456452
		mem[ 10 ] 4390915
		mem[ 11 ] 1179650
		mem[ 12 ] 2359300
		mem[ 13 ] 20709377
		mem[ 14 ] 16842741
		mem[ 15 ] 25165824
		mem[ 16 ] 1
		mem[ 17 ] 6203
		mem[ 18 ] 1429
		mem[ 19 ] 32768
	registers:
		reg[ 0 ] 0
		reg[ 1 ] 8864087
		reg[ 2 ] 25407488
		reg[ 3 ] 1429
		reg[ 4 ] 4096
		reg[ 5 ] 0
		reg[ 6 ] 0
		reg[ 7 ] 32768
end state

@@@
state:
	pc 12
	memory:
		mem[ 0 ] 8519697
		mem[ 1 ] 8585234
		mem[ 2 ] 8650768
		mem[ 3 ] 8847379
		mem[ 4 ] 4456452
		mem[ 5 ] 4390915
		mem[ 6 ] 6029317
		mem[ 7 ] 19398657
		mem[ 8 ] 1114113
		mem[ 9 ] 4456452
		mem[ 10 ] 4390915
		mem[ 11 ] 1179650
		mem[ 12 ] 2359300
		mem[ 13 ] 20709377
		mem[ 14 ] 16842741
		mem[ 15 ] 25165824
		mem[ 16 ] 1
		mem[ 17 ] 6203
		mem[ 18 ] 1429
		mem[ 19 ] 32768
	registers:
		reg[ 0 ] 0
		reg[ 1 ] 8864087
		reg[ 2 ] 50814976
		reg[ 3 ] 1429
		reg[ 4 ] 4096
		reg[ 5 ] 0
		reg[ 6 ] 0
		reg[ 7 ] 32768
end state

@@@
state:
	pc 13
	memory:
		mem[ 0 ] 8519697
		mem[ 1 ] 8585234
		mem[ 2 ] 8650768
		mem[ 3 ] 8847379
		mem[ 4 ] 4456452
		mem[ 5 ] 4390915
		mem[ 6 ] 6029317
		mem[ 7 ] 19398657
		mem[ 8 ] 1114113
		mem[ 9 ] 4456452
		mem[ 10 ] 4390915
		mem[ 11 ] 1179650
		mem[ 12 ] 2359300
		mem[ 13 ] 20709377
		mem[ 14 ] 16842741
		mem[ 15 ] 25165824
		mem[ 16 ] 1
		mem[ 17 ] 6203
		mem[ 18 ] 1429
		mem[ 19 ] 32768
	registers:
		reg[ 0 ] 0
		reg[ 1 ] 8864087
		reg[ 2 ] 50814976
		reg[ 3 ] 1429
		reg[ 4 ] 8192
		reg[ 5 ] 0
		reg[ 6 ] 0
		reg[ 7 ] 32768
end state

@@@
state:
	pc 14
	memory:
		mem[ 0 ] 8519697
		mem[ 1 ] 8585234
		mem[ 2 ] 8650768
		mem[ 3 ] 8847379
		mem[ 4 ] 4456452
		mem[ 5 ] 4390915
		mem[ 6 ] 6029317
		mem[ 7 ] 19398657
		mem[ 8 ] 1114113
		mem[ 9 ] 4456452
		mem[ 10 ] 4390915
		mem[ 11 ] 1179650
		mem[ 12 ] 2359300
		mem[ 13 ] 20709377
		mem[ 14 ] 16842741
		mem[ 15 ] 25165824
		mem[ 16 ] 1
		mem[ 17 ] 6203
		mem[ 18 ] 1429
		mem[ 19 ] 32768
	registers:
		reg[ 0 ] 0
		reg[ 1 ] 8864087
		reg[ 2 ] 50814976
		reg[ 3 ] 1429
		reg[ 4 ] 8192
		reg[ 5 ] 0
		reg[ 6 ] 0
		reg[ 7 ] 32768
end state

@@@
state:
	pc 4
	memory:
		mem[ 0 ] 8519697
		mem[ 1 ] 8585234
		mem[ 2 ] 8650768
		mem[ 3 ] 8847379
		mem[ 4 ] 4456452
		mem[ 5 ] 4390915
		mem[ 6 ] 6029317
		mem[ 7 ] 19398657
		mem[ 8 ] 1114113
		mem[ 9 ] 4456452
		mem[ 10 ] 4390915
		mem[ 11 ] 1179650
		mem[ 12 ] 2359300
		mem[ 13 ] 20709377
		mem[ 14 ] 16842741
		mem[ 15 ] 25165824
		mem[ 16 ] 1
		mem[ 17 ] 6203
		mem[ 18 ] 1429
		mem[ 19 ] 32768
	registers:
		reg[ 0 ] 0
		reg[ 1 ] 8864087
		reg[ 2 ] 50814976
		reg[ 3 ] 1429
		reg[ 4 ] 8192
		reg[ 5 ] 0
		reg[ 6 ] 0
		reg[ 7 ] 32768
end state

@@@
state:
	pc 5
	memory:
		mem[ 0 ] 8519697
		mem[ 1 ] 8585234
		mem[ 2 ] 8650768
		mem[ 3 ] 8847379
		mem[ 4 ] 4456452
		mem[ 5 ] 4390915
		mem[ 6 ] 6029317
		mem[ 7 ] 19398657
		mem[ 8 ] 1114113
		mem[ 9 ] 4456452
		mem[ 10 ] 4390915
		mem[ 11 ] 1179650
		mem[ 12 ] 2359300
		mem[ 13 ] 20709377
		mem[ 14 ] 16842741
		mem[ 15 ] 25165824
		mem[ 16 ] 1
		mem[ 17 ] 6203
		mem[ 18 ] 1429
		mem[ 19 ] 32768
	registers:
		reg[ 0 ] 0
		reg[ 1 ] 8864087
		reg[ 2 ] 50814976
		reg[ 3 ] 1429
		reg[ 4 ] -8193
		reg[ 5 ] 0
		reg[ 6 ] 0
		reg[ 7 ] 32768
end state

@@@
state:
	pc 6
	memory:
		mem[ 0 ] 8519697
		mem[ 1 ] 8585234
		mem[ 2 ] 8650768
		mem[ 3 ] 8847379
		mem[ 4 ] 4456452
		mem[ 5 ] 4390915
		mem[ 6 ] 6029317
		mem[ 7 ] 19398657
		mem[ 8 ] 1114113
		mem[ 9 ] 4456452
		mem[ 10 ] 4390915
		mem[ 11 ] 1179650
		mem[ 12 ] 2359300
		mem[ 13 ] 20709377
		mem[ 14 ] 16842741
		mem[ 15 ] 25165824
		mem[ 16 ] 1
		mem[ 17 ] 6203
		mem[ 18 ] 1429
		mem[ 19 ] 32768
	registers:
		reg[ 0 ] 0
		reg[ 1 ] 8864087
		reg[ 2 ] 50814976
		reg[ 3 ] -1430
		reg[ 4 ] -8193
		reg[ 5 ] 0
		reg[ 6 ] 0
		reg[ 7 ] 32768
end state

@@@
state:
	pc 7
	memory:
		mem[ 0 ] 8519697
		mem[ 1 ] 8585234
		mem[ 2 ] 8650768
		mem[ 3 ] 8847379
		mem[ 4 ] 4456452
		mem[ 5 ] 4390915
		mem[ 6 ] 6029317
		mem[ 7 ] 19398657
		mem[ 8 ] 1114113
		mem[ 9 ] 4456452
		mem[ 10 ] 4390915
		mem[ 11 ] 1179650
		mem[ 12 ] 2359300
		mem[ 13 ] 20709377
		mem[ 14 ] 16842741
		mem[ 15 ] 25165824
		mem[ 16 ] 1
		mem[ 17 ] 6203
		mem[ 18 ] 1429
		mem[ 19 ] 32768
	registers:
		reg[ 0 ] 0
		reg[ 1 ] 8864087
		reg[ 2 ] 50814976
		reg[ 3 ] -1430
		reg[ 4 ] -8193
		reg[ 5 ] 0
		reg[ 6 ] 0
		reg[ 7 ] 32768
end state

@@@
state:
	pc 9
	memory:
		mem[ 0 ] 8519697
		mem[ 1 ] 8585234
		mem[ 2 ] 8650768
		mem[ 3 ] 8847379
		mem[ 4 ] 4456452
		mem[ 5 ] 4390915
		mem[ 6 ] 6029317
		mem[ 7 ] 19398657
		mem[ 8 ] 1114113
		mem[ 9 ] 4456452
		mem[ 10 ] 4390915
		mem[ 11 ] 1179650
		mem[ 12 ] 2359300
		mem[ 13 ] 20709377
		mem[ 14 ] 16842741
		mem[ 15 ] 25165824
		mem[ 16 ] 1
		mem[ 17 ] 6203
		mem[ 18 ] 1429
		mem[ 19 ] 32768
	registers:
		reg[ 0 ] 0
		reg[ 1 ] 8864087
		reg[ 2 ] 50814976
		reg[ 3 ] -1430
		reg[ 4 ] -8193
		reg[ 5 ] 0
		reg[ 6 ] 0
		reg[ 7 ] 32768
end state

@@@
state:
	pc 10
	memory:
		mem[ 0 ] 8519697
		mem[ 1 ] 8585234
		mem[ 2 ] 8650768
		mem[ 3 ] 8847379
		mem[ 4 ] 4456452
		mem[ 5 ] 4390915
		mem[ 6 ] 6029317
		mem[ 7 ] 19398657
		mem[ 8 ] 1114113
		mem[ 9 ] 4456452
		mem[ 10 ] 4390915
		mem[ 11 ] 1179650
		mem[ 12 ] 2359300
		mem[ 13 ] 20709377
		mem[ 14 ] 16842741
		mem[ 15 ] 25165824
		mem[ 16 ] 1
		mem[ 17 ] 6203
		mem[ 18 ] 1429
		mem[ 19 ] 32768
	registers:
		reg[ 0 ] 0
		reg[ 1 ] 8864087
		reg[ 2 ] 50814976
		reg[ 3 ] -1430
		reg[ 4 ] 8192
		reg[ 5 ] 0
		reg[ 6 ] 0
		reg[ 7 ] 32768
end state

@@@
state:
	pc 11
	memory:
		mem[ 0 ] 8519697
		mem[ 1 ] 8585234
		mem[ 2 ] 8650768
		mem[ 3 ] 8847379
		mem[ 4 ] 4456452
		mem[ 5 ] 4390915
		mem[ 6 ] 6029317
		mem[ 7 ] 19398657
		mem[ 8 ] 1114113
		mem[ 9 ] 4456452
		mem[ 10 ] 4390915
		mem[ 11 ] 1179650
		mem[ 12 ] 2359300
		mem[ 13 ] 20709377
		mem[ 14 ] 16842741
		mem[ 15 ] 25165824
		mem[ 16 ] 1
		mem[ 17 ] 6203
		mem[ 18 ] 1429
		mem[ 19 ] 32768
	registers:
		reg[ 0 ] 0
		reg[ 1 ] 8864087
		reg[ 2 ] 50814976
		reg[ 3 ] 1429
		reg[ 4 ] 8192
		reg[ 5 ] 0
		reg[ 6 ] 0
		reg[ 7 ] 32768
end state

@@@
state:
	pc 12
	memory:
		mem[ 0 ] 8519697
		mem[ 1 ] 8585234
		mem[ 2 ] 8650768
		mem[ 3 ] 8847379
		mem[ 4 ] 4456452
		mem[ 5 ] 4390915
		mem[ 6 ] 6029317
		mem[ 7 ] 19398657
		mem[ 8 ] 1114113
		mem[ 9 ] 4456452
		mem[ 10 ] 4390915
		mem[ 11 ] 1179650
		mem[ 12 ] 2359300
		mem[ 13 ] 20709377
		mem[ 14 ] 16842741
		mem[ 15 ] 25165824
		mem[ 16 ] 1
		mem[ 17 ] 6203
		mem[ 18 ] 1429
		mem[ 19 ] 32768
	registers:
		reg[ 0 ] 0
		reg[ 1 ] 8864087
		reg[ 2 ] 101629952
		reg[ 3 ] 1429
		reg[ 4 ] 8192
		reg[ 5 ] 0
		reg[ 6 ] 0
		reg[ 7 ] 32768
end state

@@@
state:
	pc 13
	memory:
		mem[ 0 ] 8519697
		mem[ 1 ] 8585234
		mem[ 2 ] 8650768
		mem[ 3 ] 8847379
		mem[ 4 ] 4456452
		mem[ 5 ] 4390915
		mem[ 6 ] 6029317
		mem[ 7 ] 19398657
		mem[ 8 ] 1114113
		mem[ 9 ] 4456452
		mem[ 10 ] 4390915
		mem[ 11 ] 1179650
		mem[ 12 ] 2359300
		mem[ 13 ] 20709377
		mem[ 14 ] 16842741
		mem[ 15 ] 25165824
		mem[ 16 ] 1
		mem[ 17 ] 6203
		mem[ 18 ] 1429
		mem[ 19 ] 32768
	registers:
		reg[ 0 ] 0
		reg[ 1 ] 8864087
		reg[ 2 ] 101629952
		reg[ 3 ] 1429
		reg[ 4 ] 16384
		reg[ 5 ] 0
		reg[ 6 ] 0
		reg[ 7 ] 32768
end state

@@@
state:
	pc 14
	memory:
		mem[ 0 ] 8519697
		mem[ 1 ] 8585234
		mem[ 2 ] 8650768
		mem[ 3 ] 8847379
		mem[ 4 ] 4456452
		mem[ 5 ] 4390915
		mem[ 6 ] 6029317
		mem[ 7 ] 19398657
		mem[ 8 ] 1114113
		mem[ 9 ] 4456452
		mem[ 10 ] 4390915
		mem[ 11 ] 1179650
		mem[ 12 ] 2359300
		mem[ 13 ] 20709377
		mem[ 14 ] 16842741
		mem[ 15 ] 25165824
		mem[ 16 ] 1
		mem[ 17 ] 6203
		mem[ 18 ] 1429
		mem[ 19 ] 32768
	registers:
		reg[ 0 ] 0
		reg[ 1 ] 8864087
		reg[ 2 ] 101629952
		reg[ 3 ] 1429
		reg[ 4 ] 16384
		reg[ 5 ] 0
		reg[ 6 ] 0
		reg[ 7 ] 32768
end state

@@@
state:
	pc 4
	memory:
		mem[ 0 ] 8519697
		mem[ 1 ] 8585234
		mem[ 2 ] 8650768
		mem[ 3 ] 8847379
		mem[ 4 ] 4456452
		mem[ 5 ] 4390915
		mem[ 6 ] 6029317
		mem[ 7 ] 19398657
		mem[ 8 ] 1114113
		mem[ 9 ] 4456452
		mem[ 10 ] 4390915
		mem[ 11 ] 1179650
		mem[ 12 ] 2359300
		mem[ 13 ] 20709377
		mem[ 14 ] 16842741
		mem[ 15 ] 25165824
		mem[ 16 ] 1
		mem[ 17 ] 6203
		mem[ 18 ] 1429
		mem[ 19 ] 32768
	registers:
		reg[ 0 ] 0
		reg[ 1 ] 8864087
		reg[ 2 ] 101629952
		reg[ 3 ] 1429
		reg[ 4 ] 16384
		reg[ 5 ] 0
		reg[ 6 ] 0
		reg[ 7 ] 32768
end state

@@@
state:
	pc 5
	memory:
		mem[ 0 ] 8519697
		mem[ 1 ] 8585234
		mem[ 2 ] 8650768
		mem[ 3 ] 8847379
		mem[ 4 ] 4456452
		mem[ 5 ] 4390915
		mem[ 6 ] 6029317
		mem[ 7 ] 19398657
		mem[ 8 ] 1114113
		mem[ 9 ] 4456452
		mem[ 10 ] 4390915
		mem[ 11 ] 1179650
		mem[ 12 ] 2359300
		mem[ 13 ] 20709377
		mem[ 14 ] 16842741
		mem[ 15 ] 25165824
		mem[ 16 ] 1
		mem[ 17 ] 6203
		mem[ 18 ] 1429
		mem[ 19 ] 32768
	registers:
		reg[ 0 ] 0
		reg[ 1 ] 8864087
		reg[ 2 ] 101629952
		reg[ 3 ] 1429
		reg[ 4 ] -16385
		reg[ 5 ] 0
		reg[ 6 ] 0
		reg[ 7 ] 32768
end state

@@@
state:
	pc 6
	memory:
		mem[ 0 ] 8519697
		mem[ 1 ] 8585234
		mem[ 2 ] 8650768
		mem[ 3 ] 8847379
		mem[ 4 ] 4456452
		mem[ 5 ] 4390915
		mem[ 6 ] 6029317
		mem[ 7 ] 19398657
		mem[ 8 ] 1114113
		mem[ 9 ] 4456452
		mem[ 10 ] 4390915
		mem[ 11 ] 1179650
		mem[ 12 ] 2359300
		mem[ 13 ] 20709377
		mem[ 14 ] 16842741
		mem[ 15 ] 25165824
		mem[ 16 ] 1
		mem[ 17 ] 6203
		mem[ 18 ] 1429
		mem[ 19 ] 32768
	registers:
		reg[ 0 ] 0
		reg[ 1 ] 8864087
		reg[ 2 ] 101629952
		reg[ 3 ] -1430
		reg[ 4 ] -16385
		reg[ 5 ] 0
		reg[ 6 ] 0
		reg[ 7 ] 32768
end state

@@@
state:
	pc 7
	memory:
		mem[ 0 ] 8519697
		mem[ 1 ] 8585234
		mem[ 2 ] 8650768
		mem[ 3 ] 8847379
		mem[ 4 ] 4456452
		mem[ 5 ] 4390915
		mem[ 6 ] 6029317
		mem[ 7 ] 19398657
		mem[ 8 ] 1114113
		mem[ 9 ] 4456452
		mem[ 10 ] 4390915
		mem[ 11 ] 1179650
		mem[ 12 ] 2359300
		mem[ 13 ] 20709377
		mem[ 14 ] 16842741
		mem[ 15 ] 25165824
		mem[ 16 ] 1
		mem[ 17 ] 6203
		mem[ 18 ] 1429
		mem[ 19 ] 32768
	registers:
		reg[ 0 ] 0
		reg[ 1 ] 8864087
		reg[ 2 ] 101629952
		reg[ 3 ] -1430
		reg[ 4 ] -16385
		reg[ 5 ] 0
		reg[ 6 ] 0
		reg[ 7 ] 32768
end state

@@@
state:
	pc 9
	memory:
		mem[ 0 ] 8519697
		mem[ 1 ] 8585234
		mem[ 2 ] 8650768
		mem[ 3 ] 8847379
		mem[ 4 ] 4456452
		mem[ 5 ] 4390915
		mem[ 6 ] 6029317
		mem[ 7 ] 19398657
		mem[ 8 ] 1114113
		mem[ 9 ] 4456452
		mem[ 10 ] 4390915
		mem[ 11 ] 1179650
		mem[ 12 ] 2359300
		mem[ 13 ] 20709377
		mem[ 14 ] 16842741
		mem[ 15 ] 25165824
		mem[ 16 ] 1
		mem[ 17 ] 6203
		mem[ 18 ] 1429
		mem[ 19 ] 32768
	registers:
		reg[ 0 ] 0
		reg[ 1 ] 8864087
		reg[ 2 ] 101629952
		reg[ 3 ] -1430
		reg[ 4 ] -16385
		reg[ 5 ] 0
		reg[ 6 ] 0
		reg[ 7 ] 32768
end state

@@@
state:
	pc 10
	memory:
		mem[ 0 ] 8519697
		mem[ 1 ] 8585234
		mem[ 2 ] 8650768
		mem[ 3 ] 8847379
		mem[ 4 ] 4456452
		mem[ 5 ] 4390915
		mem[ 6 ] 6029317
		mem[ 7 ] 19398657
		mem[ 8 ] 1114113
		mem[ 9 ] 4456452
		mem[ 10 ] 4390915
		mem[ 11 ] 1179650
		mem[ 12 ] 2359300
		mem[ 13 ] 20709377
		mem[ 14 ] 16842741
		mem[ 15 ] 25165824
		mem[ 16 ] 1
		mem[ 17 ] 6203
		mem[ 18 ] 1429
		mem[ 19 ] 32768
	registers:
		reg[ 0 ] 0
		reg[ 1 ] 8864087
		reg[ 2 ] 101629952
		reg[ 3 ] -1430
		reg[ 4 ] 16384
		reg[ 5 ] 0
		reg[ 6 ] 0
		reg[ 7 ] 32768
end state

@@@
state:
	pc 11
	memory:
		mem[ 0 ] 8519697
		mem[ 1 ] 8585234
		mem[ 2 ] 8650768
		mem[ 3 ] 8847379
		mem[ 4 ] 4456452
		mem[ 5 ] 4390915
		mem[ 6 ] 6029317
		mem[ 7 ] 19398657
		mem[ 8 ] 1114113
		mem[ 9 ] 4456452
		mem[ 10 ] 4390915
		mem[ 11 ] 1179650
		mem[ 12 ] 2359300
		mem[ 13 ] 20709377
		mem[ 14 ] 16842741
		mem[ 15 ] 25165824
		mem[ 16 ] 1
		mem[ 17 ] 6203
		mem[ 18 ] 1429
		mem[ 19 ] 32768
	registers:
		reg[ 0 ] 0
		reg[ 1 ] 8864087
		reg[ 2 ] 101629952
		reg[ 3 ] 1429
		reg[ 4 ] 16384
		reg[ 5 ] 0
		reg[ 6 ] 0
		reg[ 7 ] 32768
end state

@@@
state:
	pc 12
	memory:
		mem[ 0 ] 8519697
		mem[ 1 ] 8585234
		mem[ 2 ] 8650768
		mem[ 3 ] 8847379
		mem[ 4 ] 4456452
		mem[ 5 ] 4390915
		mem[ 6 ] 6029317
		mem[ 7 ] 19398657
		mem[ 8 ] 1114113
		mem[ 9 ] 4456452
		mem[ 10 ] 4390915
		mem[ 11 ] 1179650
		mem[ 12 ] 2359300
		mem[ 13 ] 20709377
		mem[ 14 ] 16842741
		mem[ 15 ] 25165824
		mem[ 16 ] 1
		mem[ 17 ] 6203
		mem[ 18 ] 1429
		mem[ 19 ] 32768
	registers:
		reg[ 0 ] 0
		reg[ 1 ] 8864087
		reg[ 2 ] 203259904
		reg[ 3 ] 1429
		reg[ 4 ] 16384
		reg[ 5 ] 0
		reg[ 6 ] 0
		reg[ 7 ] 32768
end state

@@@
state:
	pc 13
	memory:
		mem[ 0 ] 8519697
		mem[ 1 ] 8585234
		mem[ 2 ] 8650768
		mem[ 3 ] 8847379
		mem[ 4 ] 4456452
		mem[ 5 ] 4390915
		mem[ 6 ] 6029317
		mem[ 7 ] 19398657
		mem[ 8 ] 1114113
		mem[ 9 ] 4456452
		mem[ 10 ] 4390915
		mem[ 11 ] 1179650
		mem[ 12 ] 2359300
		mem[ 13 ] 20709377
		mem[ 14 ] 16842741
		mem[ 15 ] 25165824
		mem[ 16 ] 1
		mem[ 17 ] 6203
		mem[ 18 ] 1429
		mem[ 19 ] 32768
	registers:
		reg[ 0 ] 0
		reg[ 1 ] 8864087
		reg[ 2 ] 203259904
		reg[ 3 ] 1429
		reg[ 4 ] 32768
		reg[ 5 ] 0
		reg[ 6 ] 0
		reg[ 7 ] 32768
end state

@@@
state:
	pc 15
	memory:
		mem[ 0 ] 8519697
		mem[ 1 ] 8585234
		mem[ 2 ] 8650768
		mem[ 3 ] 8847379
		mem[ 4 ] 4456452
		mem[ 5 ] 4390915
		mem[ 6 ] 6029317
		mem[ 7 ] 19398657
		mem[ 8 ] 1114113
		mem[ 9 ] 4456452
		mem[ 10 ] 4390915
		mem[ 11 ] 1179650
		mem[ 12 ] 2359300
		mem[ 13 ] 20709377
		mem[ 14 ] 16842741
		mem[ 15 ] 25165824
		mem[ 16 ] 1
		mem[ 17 ] 6203
		mem[ 18 ] 1429
		mem[ 19 ] 32768
	registers:
		reg[ 0 ] 0
		reg[ 1 ] 8864087
		reg[ 2 ] 203259904
		reg[ 3 ] 1429
		reg[ 4 ] 32768
		reg[ 5 ] 0
		reg[ 6 ] 0
		reg[ 7 ] 32768
end state
machine halted
total of 160 instructions executed
final state of machine:

@@@
state:
	pc 16
	memory:
		mem[ 0 ] 8519697
		mem[ 1 ] 8585234
		mem[ 2 ] 8650768
		mem[ 3 ] 8847379
		mem[ 4 ] 4456452
		mem[ 5 ] 4390915
		mem[ 6 ] 6029317
		mem[ 7 ] 19398657
		mem[ 8 ] 1114113
		mem[ 9 ] 4456452
		mem[ 10 ] 4390915
		mem[ 11 ] 1179650
		mem[ 12 ] 2359300
		mem[ 13 ] 20709377
		mem[ 14 ] 16842741
		mem[ 15 ] 25165824
		mem[ 16 ] 1
		mem[ 17 ] 6203
		mem[ 18 ] 1429
		mem[ 19 ] 32768
	registers:
		reg[ 0 ] 0
		reg[ 1 ] 8864087
		reg[ 2 ] 203259904
		reg[ 3 ] 1429
		reg[ 4 ] 32768
		reg[ 5 ] 0
		reg[ 6 ] 0
		reg[ 7 ] 32768
end state
