memory[0]=8519694
memory[1]=8781842
memory[2]=24576000
memory[3]=12648463
memory[4]=25165824
memory[5]=8781841
memory[6]=8650768
memory[7]=786437
memory[8]=65540
memory[9]=327681
memory[10]=1441794
memory[11]=17825793
memory[12]=16842746
memory[13]=25034752
memory[14]=10
memory[15]=0
memory[16]=1
memory[17]=-1
memory[18]=5

@@@
state:
	pc 0
	memory:
		mem[ 0 ] 8519694
		mem[ 1 ] 8781842
		mem[ 2 ] 24576000
		mem[ 3 ] 12648463
		mem[ 4 ] 25165824
		mem[ 5 ] 8781841
		mem[ 6 ] 8650768
		mem[ 7 ] 786437
		mem[ 8 ] 65540
		mem[ 9 ] 327681
		mem[ 10 ] 1441794
		mem[ 11 ] 17825793
		mem[ 12 ] 16842746
		mem[ 13 ] 25034752
		mem[ 14 ] 10
		mem[ 15 ] 0
		mem[ 16 ] 1
		mem[ 17 ] -1
		mem[ 18 ] 5
	registers:
		reg[ 0 ] 0
		reg[ 1 ] 0
		reg[ 2 ] 0
		reg[ 3 ] 0
		reg[ 4 ] 0
		reg[ 5 ] 0
		reg[ 6 ] 0
		reg[ 7 ] 0
end state

@@@
state:
	pc 1
	memory:
		mem[ 0 ] 8519694
		mem[ 1 ] 8781842
		mem[ 2 ] 24576000
		mem[ 3 ] 12648463
		mem[ 4 ] 25165824
		mem[ 5 ] 8781841
		mem[ 6 ] 8650768
		mem[ 7 ] 786437
		mem[ 8 ] 65540
		mem[ 9 ] 327681
		mem[ 10 ] 1441794
		mem[ 11 ] 17825793
		mem[ 12 ] 16842746
		mem[ 13 ] 25034752
		mem[ 14 ] 10
		mem[ 15 ] 0
		mem[ 16 ] 1
		mem[ 17 ] -1
		mem[ 18 ] 5
	registers:
		reg[ 0 ] 0
		reg[ 1 ] 0
		reg[ 2 ] 10
		reg[ 3 ] 0
		reg[ 4 ] 0
		reg[ 5 ] 0
		reg[ 6 ] 0
		reg[ 7 ] 0
end state

@@@
state:
	pc 2
	memory:
		mem[ 0 ] 8519694
		mem[ 1 ] 8781842
		mem[ 2 ] 24576000
		mem[ 3 ] 12648463
		mem[ 4 ] 25165824
		mem[ 5 ] 8781841
		mem[ 6 ] 8650768
		mem[ 7 ] 786437
		mem[ 8 ] 65540
		mem[ 9 ] 327681
		mem[ 10 ] 1441794
		mem[ 11 ] 17825793
		mem[ 12 ] 16842746
		mem[ 13 ] 25034752
		mem[ 14 ] 10
		mem[ 15 ] 0
		mem[ 16 ] 1
		mem[ 17 ] -1
		mem[ 18 ] 5
	registers:
		reg[ 0 ] 0
		reg[ 1 ] 0
		reg[ 2 ] 10
		reg[ 3 ] 0
		reg[ 4 ] 0
		reg[ 5 ] 0
		reg[ 6 ] 5
		reg[ 7 ] 0
end state

@@@
state:
	pc 5
	memory:
		mem[ 0 ] 8519694
		mem[ 1 ] 8781842
		mem[ 2 ] 24576000
		mem[ 3 ] 12648463
		mem[ 4 ] 25165824
		mem[ 5 ] 8781841
		mem[ 6 ] 8650768
		mem[ 7 ] 786437
		mem[ 8 ] 65540
		mem[ 9 ] 327681
		mem[ 10 ] 1441794
		mem[ 11 ] 17825793
		mem[ 12 ] 16842746
		mem[ 13 ] 25034752
		mem[ 14 ] 10
		mem[ 15 ] 0
		mem[ 16 ] 1
		mem[ 17 ] -1
		mem[ 18 ] 5
	registers:
		reg[ 0 ] 0
		reg[ 1 ] 0
		reg[ 2 ] 10
		reg[ 3 ] 0
		reg[ 4 ] 0
		reg[ 5 ] 0
		reg[ 6 ] 5
		reg[ 7 ] 3
end state

@@@
state:
	pc 6
	memory:
		mem[ 0 ] 8519694
		mem[ 1 ] 8781842
		mem[ 2 ] 24576000
		mem[ 3 ] 12648463
		mem[ 4 ] 25165824
		mem[ 5 ] 8781841
		mem[ 6 ] 8650768
		mem[ 7 ] 786437
		mem[ 8 ] 65540
		mem[ 9 ] 327681
		mem[ 10 ] 1441794
		mem[ 11 ] 17825793
		mem[ 12 ] 16842746
		mem[ 13 ] 25034752
		mem[ 14 ] 10
		mem[ 15 ] 0
		mem[ 16 ] 1
		mem[ 17 ] -1
		mem[ 18 ] 5
	registers:
		reg[ 0 ] 0
		reg[ 1 ] 0
		reg[ 2 ] 10
		reg[ 3 ] 0
		reg[ 4 ] 0
		reg[ 5 ] 0
		reg[ 6 ] -1
		reg[ 7 ] 3
end state

@@@
state:
	pc 7
	memory:
		mem[ 0 ] 8519694
		mem[ 1 ] 8781842
		mem[ 2 ] 24576000
		mem[ 3 ] 12648463
		mem[ 4 ] 25165824
		mem[ 5 ] 8781841
		mem[ 6 ] 8650768
		mem[ 7 ] 786437
		mem[ 8 ] 65540
		mem[ 9 ] 327681
		mem[ 10 ] 1441794
		mem[ 11 ] 17825793
		mem[ 12 ] 16842746
		mem[ 13 ] 25034752
		mem[ 14 ] 10
		mem[ 15 ] 0
		mem[ 16 ] 1
		mem[ 17 ] -1
		mem[ 18 ] 5
	registers:
		reg[ 0 ] 0
		reg[ 1 ] 0
		reg[ 2 ] 10
		reg[ 3 ] 0
		reg[ 4 ] 1
		reg[ 5 ] 0
		reg[ 6 ] -1
		reg[ 7 ] 3
end state

@@@
state:
	pc 8
	memory:
		mem[ 0 ] 8519694
		mem[ 1 ] 8781842
		mem[ 2 ] 24576000
		mem[ 3 ] 12648463
		mem[ 4 ] 25165824
		mem[ 5 ] 8781841
		mem[ 6 ] 8650768
		mem[ 7 ] 786437
		mem[ 8 ] 65540
		mem[ 9 ] 327681
		mem[ 10 ] 1441794
		mem[ 11 ] 17825793
		mem[ 12 ] 16842746
		mem[ 13 ] 25034752
		mem[ 14 ] 10
		mem[ 15 ] 0
		mem[ 16 ] 1
		mem[ 17 ] -1
		mem[ 18 ] 5
	registers:
		reg[ 0 ] 0
		reg[ 1 ] 0
		reg[ 2 ] 10
		reg[ 3 ] 0
		reg[ 4 ] 1
		reg[ 5 ] 1
		reg[ 6 ] -1
		reg[ 7 ] 3
end state

@@@
state:
	pc 9
	memory:
		mem[ 0 ] 8519694
		mem[ 1 ] 8781842
		mem[ 2 ] 24576000
		mem[ 3 ] 12648463
		mem[ 4 ] 25165824
		mem[ 5 ] 8781841
		mem[ 6 ] 8650768
		mem[ 7 ] 786437
		mem[ 8 ] 65540
		mem[ 9 ] 327681
		mem[ 10 ] 1441794
		mem[ 11 ] 17825793
		mem[ 12 ] 16842746
		mem[ 13 ] 25034752
		mem[ 14 ] 10
		mem[ 15 ] 0
		mem[ 16 ] 1
		mem[ 17 ] -1
		mem[ 18 ] 5
	registers:
		reg[ 0 ] 0
		reg[ 1 ] 0
		reg[ 2 ] 10
		reg[ 3 ] 0
		reg[ 4 ] 0
		reg[ 5 ] 1
		reg[ 6 ] -1
		reg[ 7 ] 3
end state

@@@
state:
	pc 10
	memory:
		mem[ 0 ] 8519694
		mem[ 1 ] 8781842
		mem[ 2 ] 24576000
		mem[ 3 ] 12648463
		mem[ 4 ] 25165824
		mem[ 5 ] 8781841
		mem[ 6 ] 8650768
		mem[ 7 ] 786437
		mem[ 8 ] 65540
		mem[ 9 ] 327681
		mem[ 10 ] 1441794
		mem[ 11 ] 17825793
		mem[ 12 ] 16842746
		mem[ 13 ] 25034752
		mem[ 14 ] 10
		mem[ 15 ] 0
		mem[ 16 ] 1
		mem[ 17 ] -1
		mem[ 18 ] 5
	registers:
		reg[ 0 ] 0
		reg[ 1 ] 1
		reg[ 2 ] 10
		reg[ 3 ] 0
		reg[ 4 ] 0
		reg[ 5 ] 1
		reg[ 6 ] -1
		reg[ 7 ] 3
end state

@@@
state:
	pc 11
	memory:
		mem[ 0 ] 8519694
		mem[ 1 ] 8781842
		mem[ 2 ] 24576000
		mem[ 3 ] 12648463
		mem[ 4 ] 25165824
		mem[ 5 ] 8781841
		mem[ 6 ] 8650768
		mem[ 7 ] 786437
		mem[ 8 ] 65540
		mem[ 9 ] 327681
		mem[ 10 ] 1441794
		mem[ 11 ] 17825793
		mem[ 12 ] 16842746
		mem[ 13 ] 25034752
		mem[ 14 ] 10
		mem[ 15 ] 0
		mem[ 16 ] 1
		mem[ 17 ] -1
		mem[ 18 ] 5
	registers:
		reg[ 0 ] 0
		reg[ 1 ] 1
		reg[ 2 ] 9
		reg[ 3 ] 0
		reg[ 4 ] 0
		reg[ 5 ] 1
		reg[ 6 ] -1
		reg[ 7 ] 3
end state

@@@
state:
	pc 12
	memory:
		mem[ 0 ] 8519694
		mem[ 1 ] 8781842
		mem[ 2 ] 24576000
		mem[ 3 ] 12648463
		mem[ 4 ] 25165824
		mem[ 5 ] 8781841
		mem[ 6 ] 8650768
		mem[ 7 ] 786437
		mem[ 8 ] 65540
		mem[ 9 ] 327681
		mem[ 10 ] 1441794
		mem[ 11 ] 17825793
		mem[ 12 ] 16842746
		mem[ 13 ] 25034752
		mem[ 14 ] 10
		mem[ 15 ] 0
		mem[ 16 ] 1
		mem[ 17 ] -1
		mem[ 18 ] 5
	registers:
		reg[ 0 ] 0
		reg[ 1 ] 1
		reg[ 2 ] 9
		reg[ 3 ] 0
		reg[ 4 ] 0
		reg[ 5 ] 1
		reg[ 6 ] -1
		reg[ 7 ] 3
end state

@@@
state:
	pc 7
	memory:
		mem[ 0 ] 8519694
		mem[ 1 ] 8781842
		mem[ 2 ] 24576000
		mem[ 3 ] 12648463
		mem[ 4 ] 25165824
		mem[ 5 ] 8781841
		mem[ 6 ] 8650768
		mem[ 7 ] 786437
		mem[ 8 ] 65540
		mem[ 9 ] 327681
		mem[ 10 ] 1441794
		mem[ 11 ] 17825793
		mem[ 12 ] 16842746
		mem[ 13 ] 25034752
		mem[ 14 ] 10
		mem[ 15 ] 0
		mem[ 16 ] 1
		mem[ 17 ] -1
		mem[ 18 ] 5
	registers:
		reg[ 0 ] 0
		reg[ 1 ] 1
		reg[ 2 ] 9
		reg[ 3 ] 0
		reg[ 4 ] 0
		reg[ 5 ] 1
		reg[ 6 ] -1
		reg[ 7 ] 3
end state

@@@
state:
	pc 8
	memory:
		mem[ 0 ] 8519694
		mem[ 1 ] 8781842
		mem[ 2 ] 24576000
		mem[ 3 ] 12648463
		mem[ 4 ] 25165824
		mem[ 5 ] 8781841
		mem[ 6 ] 8650768
		mem[ 7 ] 786437
		mem[ 8 ] 65540
		mem[ 9 ] 327681
		mem[ 10 ] 1441794
		mem[ 11 ] 17825793
		mem[ 12 ] 16842746
		mem[ 13 ] 25034752
		mem[ 14 ] 10
		mem[ 15 ] 0
		mem[ 16 ] 1
		mem[ 17 ] -1
		mem[ 18 ] 5
	registers:
		reg[ 0 ] 0
		reg[ 1 ] 1
		reg[ 2 ] 9
		reg[ 3 ] 0
		reg[ 4 ] 0
		reg[ 5 ] 1
		reg[ 6 ] -1
		reg[ 7 ] 3
end state

@@@
state:
	pc 9
	memory:
		mem[ 0 ] 8519694
		mem[ 1 ] 8781842
		mem[ 2 ] 24576000
		mem[ 3 ] 12648463
		mem[ 4 ] 25165824
		mem[ 5 ] 8781841
		mem[ 6 ] 8650768
		mem[ 7 ] 786437
		mem[ 8 ] 65540
		mem[ 9 ] 327681
		mem[ 10 ] 1441794
		mem[ 11 ] 17825793
		mem[ 12 ] 16842746
		mem[ 13 ] 25034752
		mem[ 14 ] 10
		mem[ 15 ] 0
		mem[ 16 ] 1
		mem[ 17 ] -1
		mem[ 18 ] 5
	registers:
		reg[ 0 ] 0
		reg[ 1 ] 1
		reg[ 2 ] 9
		reg[ 3 ] 0
		reg[ 4 ] 1
		reg[ 5 ] 1
		reg[ 6 ] -1
		reg[ 7 ] 3
end state

@@@
state:
	pc 10
	memory:
		mem[ 0 ] 8519694
		mem[ 1 ] 8781842
		mem[ 2 ] 24576000
		mem[ 3 ] 12648463
		mem[ 4 ] 25165824
		mem[ 5 ] 8781841
		mem[ 6 ] 8650768
		mem[ 7 ] 786437
		mem[ 8 ] 65540
		mem[ 9 ] 327681
		mem[ 10 ] 1441794
		mem[ 11 ] 17825793
		mem[ 12 ] 16842746
		mem[ 13 ] 25034752
		mem[ 14 ] 10
		mem[ 15 ] 0
		mem[ 16 ] 1
		mem[ 17 ] -1
		mem[ 18 ] 5
	registers:
		reg[ 0 ] 0
		reg[ 1 ] 1
		reg[ 2 ] 9
		reg[ 3 ] 0
		reg[ 4 ] 1
		reg[ 5 ] 1
		reg[ 6 ] -1
		reg[ 7 ] 3
end state

@@@
state:
	pc 11
	memory:
		mem[ 0 ] 8519694
		mem[ 1 ] 8781842
		mem[ 2 ] 24576000
		mem[ 3 ] 12648463
		mem[ 4 ] 25165824
		mem[ 5 ] 8781841
		mem[ 6 ] 8650768
		mem[ 7 ] 786437
		mem[ 8 ] 65540
		mem[ 9 ] 327681
		mem[ 10 ] 1441794
		mem[ 11 ] 17825793
		mem[ 12 ] 16842746
		mem[ 13 ] 25034752
		mem[ 14 ] 10
		mem[ 15 ] 0
		mem[ 16 ] 1
		mem[ 17 ] -1
		mem[ 18 ] 5
	registers:
		reg[ 0 ] 0
		reg[ 1 ] 1
		reg[ 2 ] 8
		reg[ 3 ] 0
		reg[ 4 ] 1
		reg[ 5 ] 1
		reg[ 6 ] -1
		reg[ 7 ] 3
end state

@@@
state:
	pc 12
	memory:
		mem[ 0 ] 8519694
		mem[ 1 ] 8781842
		mem[ 2 ] 24576000
		mem[ 3 ] 12648463
		mem[ 4 ] 25165824
		mem[ 5 ] 8781841
		mem[ 6 ] 8650768
		mem[ 7 ] 786437
		mem[ 8 ] 65540
		mem[ 9 ] 327681
		mem[ 10 ] 1441794
		mem[ 11 ] 17825793
		mem[ 12 ] 16842746
		mem[ 13 ] 25034752
		mem[ 14 ] 10
		mem[ 15 ] 0
		mem[ 16 ] 1
		mem[ 17 ] -1
		mem[ 18 ] 5
	registers:
		reg[ 0 ] 0
		reg[ 1 ] 1
		reg[ 2 ] 8
		reg[ 3 ] 0
		reg[ 4 ] 1
		reg[ 5 ] 1
		reg[ 6 ] -1
		reg[ 7 ] 3
end state

@@@
state:
	pc 7
	memory:
		mem[ 0 ] 8519694
		mem[ 1 ] 8781842
		mem[ 2 ] 24576000
		mem[ 3 ] 12648463
		mem[ 4 ] 25165824
		mem[ 5 ] 8781841
		mem[ 6 ] 8650768
		mem[ 7 ] 786437
		mem[ 8 ] 65540
		mem[ 9 ] 327681
		mem[ 10 ] 1441794
		mem[ 11 ] 17825793
		mem[ 12 ] 16842746
		mem[ 13 ] 25034752
		mem[ 14 ] 10
		mem[ 15 ] 0
		mem[ 16 ] 1
		mem[ 17 ] -1
		mem[ 18 ] 5
	registers:
		reg[ 0 ] 0
		reg[ 1 ] 1
		reg[ 2 ] 8
		reg[ 3 ] 0
		reg[ 4 ] 1
		reg[ 5 ] 1
		reg[ 6 ] -1
		reg[ 7 ] 3
end state

@@@
state:
	pc 8
	memory:
		mem[ 0 ] 8519694
		mem[ 1 ] 8781842
		mem[ 2 ] 24576000
		mem[ 3 ] 12648463
		mem[ 4 ] 25165824
		mem[ 5 ] 8781841
		mem[ 6 ] 8650768
		mem[ 7 ] 786437
		mem[ 8 ] 65540
		mem[ 9 ] 327681
		mem[ 10 ] 1441794
		mem[ 11 ] 17825793
		mem[ 12 ] 16842746
		mem[ 13 ] 25034752
		mem[ 14 ] 10
		mem[ 15 ] 0
		mem[ 16 ] 1
		mem[ 17 ] -1
		mem[ 18 ] 5
	registers:
		reg[ 0 ] 0
		reg[ 1 ] 1
		reg[ 2 ] 8
		reg[ 3 ] 0
		reg[ 4 ] 1
		reg[ 5 ] 2
		reg[ 6 ] -1
		reg[ 7 ] 3
end state

@@@
state:
	pc 9
	memory:
		mem[ 0 ] 8519694
		mem[ 1 ] 8781842
		mem[ 2 ] 24576000
		mem[ 3 ] 12648463
		mem[ 4 ] 25165824
		mem[ 5 ] 8781841
		mem[ 6 ] 8650768
		mem[ 7 ] 786437
		mem[ 8 ] 65540
		mem[ 9 ] 327681
		mem[ 10 ] 1441794
		mem[ 11 ] 17825793
		mem[ 12 ] 16842746
		mem[ 13 ] 25034752
		mem[ 14 ] 10
		mem[ 15 ] 0
		mem[ 16 ] 1
		mem[ 17 ] -1
		mem[ 18 ] 5
	registers:
		reg[ 0 ] 0
		reg[ 1 ] 1
		reg[ 2 ] 8
		reg[ 3 ] 0
		reg[ 4 ] 1
		reg[ 5 ] 2
		reg[ 6 ] -1
		reg[ 7 ] 3
end state

@@@
state:
	pc 10
	memory:
		mem[ 0 ] 8519694
		mem[ 1 ] 8781842
		mem[ 2 ] 24576000
		mem[ 3 ] 12648463
		mem[ 4 ] 25165824
		mem[ 5 ] 8781841
		mem[ 6 ] 8650768
		mem[ 7 ] 786437
		mem[ 8 ] 65540
		mem[ 9 ] 327681
		mem[ 10 ] 1441794
		mem[ 11 ] 17825793
		mem[ 12 ] 16842746
		mem[ 13 ] 25034752
		mem[ 14 ] 10
		mem[ 15 ] 0
		mem[ 16 ] 1
		mem[ 17 ] -1
		mem[ 18 ] 5
	registers:
		reg[ 0 ] 0
		reg[ 1 ] 2
		reg[ 2 ] 8
		reg[ 3 ] 0
		reg[ 4 ] 1
		reg[ 5 ] 2
		reg[ 6 ] -1
		reg[ 7 ] 3
end state

@@@
state:
	pc 11
	memory:
		mem[ 0 ] 8519694
		mem[ 1 ] 8781842
		mem[ 2 ] 24576000
		mem[ 3 ] 12648463
		mem[ 4 ] 25165824
		mem[ 5 ] 8781841
		mem[ 6 ] 8650768
		mem[ 7 ] 786437
		mem[ 8 ] 65540
		mem[ 9 ] 327681
		mem[ 10 ] 1441794
		mem[ 11 ] 17825793
		mem[ 12 ] 16842746
		mem[ 13 ] 25034752
		mem[ 14 ] 10
		mem[ 15 ] 0
		mem[ 16 ] 1
		mem[ 17 ] -1
		mem[ 18 ] 5
	registers:
		reg[ 0 ] 0
		reg[ 1 ] 2
		reg[ 2 ] 7
		reg[ 3 ] 0
		reg[ 4 ] 1
		reg[ 5 ] 2
		reg[ 6 ] -1
		reg[ 7 ] 3
end state

@@@
state:
	pc 12
	memory:
		mem[ 0 ] 8519694
		mem[ 1 ] 8781842
		mem[ 2 ] 24576000
		mem[ 3 ] 12648463
		mem[ 4 ] 25165824
		mem[ 5 ] 8781841
		mem[ 6 ] 8650768
		mem[ 7 ] 786437
		mem[ 8 ] 65540
		mem[ 9 ] 327681
		mem[ 10 ] 1441794
		mem[ 11 ] 17825793
		mem[ 12 ] 16842746
		mem[ 13 ] 25034752
		mem[ 14 ] 10
		mem[ 15 ] 0
		mem[ 16 ] 1
		mem[ 17 ] -1
		mem[ 18 ] 5
	registers:
		reg[ 0 ] 0
		reg[ 1 ] 2
		reg[ 2 ] 7
		reg[ 3 ] 0
		reg[ 4 ] 1
		reg[ 5 ] 2
		reg[ 6 ] -1
		reg[ 7 ] 3
end state

@@@
state:
	pc 7
	memory:
		mem[ 0 ] 8519694
		mem[ 1 ] 8781842
		mem[ 2 ] 24576000
		mem[ 3 ] 12648463
		mem[ 4 ] 25165824
		mem[ 5 ] 8781841
		mem[ 6 ] 8650768
		mem[ 7 ] 786437
		mem[ 8 ] 65540
		mem[ 9 ] 327681
		mem[ 10 ] 1441794
		mem[ 11 ] 17825793
		mem[ 12 ] 16842746
		mem[ 13 ] 25034752
		mem[ 14 ] 10
		mem[ 15 ] 0
		mem[ 16 ] 1
		mem[ 17 ] -1
		mem[ 18 ] 5
	registers:
		reg[ 0 ] 0
		reg[ 1 ] 2
		reg[ 2 ] 7
		reg[ 3 ] 0
		reg[ 4 ] 1
		reg[ 5 ] 2
		reg[ 6 ] -1
		reg[ 7 ] 3
end state

@@@
state:
	pc 8
	memory:
		mem[ 0 ] 8519694
		mem[ 1 ] 8781842
		mem[ 2 ] 24576000
		mem[ 3 ] 12648463
		mem[ 4 ] 25165824
		mem[ 5 ] 8781841
		mem[ 6 ] 8650768
		mem[ 7 ] 786437
		mem[ 8 ] 65540
		mem[ 9 ] 327681
		mem[ 10 ] 1441794
		mem[ 11 ] 17825793
		mem[ 12 ] 16842746
		mem[ 13 ] 25034752
		mem[ 14 ] 10
		mem[ 15 ] 0
		mem[ 16 ] 1
		mem[ 17 ] -1
		mem[ 18 ] 5
	registers:
		reg[ 0 ] 0
		reg[ 1 ] 2
		reg[ 2 ] 7
		reg[ 3 ] 0
		reg[ 4 ] 1
		reg[ 5 ] 3
		reg[ 6 ] -1
		reg[ 7 ] 3
end state

@@@
state:
	pc 9
	memory:
		mem[ 0 ] 8519694
		mem[ 1 ] 8781842
		mem[ 2 ] 24576000
		mem[ 3 ] 12648463
		mem[ 4 ] 25165824
		mem[ 5 ] 8781841
		mem[ 6 ] 8650768
		mem[ 7 ] 786437
		mem[ 8 ] 65540
		mem[ 9 ] 327681
		mem[ 10 ] 1441794
		mem[ 11 ] 17825793
		mem[ 12 ] 16842746
		mem[ 13 ] 25034752
		mem[ 14 ] 10
		mem[ 15 ] 0
		mem[ 16 ] 1
		mem[ 17 ] -1
		mem[ 18 ] 5
	registers:
		reg[ 0 ] 0
		reg[ 1 ] 2
		reg[ 2 ] 7
		reg[ 3 ] 0
		reg[ 4 ] 2
		reg[ 5 ] 3
		reg[ 6 ] -1
		reg[ 7 ] 3
end state

@@@
state:
	pc 10
	memory:
		mem[ 0 ] 8519694
		mem[ 1 ] 8781842
		mem[ 2 ] 24576000
		mem[ 3 ] 12648463
		mem[ 4 ] 25165824
		mem[ 5 ] 8781841
		mem[ 6 ] 8650768
		mem[ 7 ] 786437
		mem[ 8 ] 65540
		mem[ 9 ] 327681
		mem[ 10 ] 1441794
		mem[ 11 ] 17825793
		mem[ 12 ] 16842746
		mem[ 13 ] 25034752
		mem[ 14 ] 10
		mem[ 15 ] 0
		mem[ 16 ] 1
		mem[ 17 ] -1
		mem[ 18 ] 5
	registers:
		reg[ 0 ] 0
		reg[ 1 ] 3
		reg[ 2 ] 7
		reg[ 3 ] 0
		reg[ 4 ] 2
		reg[ 5 ] 3
		reg[ 6 ] -1
		reg[ 7 ] 3
end state

@@@
state:
	pc 11
	memory:
		mem[ 0 ] 8519694
		mem[ 1 ] 8781842
		mem[ 2 ] 24576000
		mem[ 3 ] 12648463
		mem[ 4 ] 25165824
		mem[ 5 ] 8781841
		mem[ 6 ] 8650768
		mem[ 7 ] 786437
		mem[ 8 ] 65540
		mem[ 9 ] 327681
		mem[ 10 ] 1441794
		mem[ 11 ] 17825793
		mem[ 12 ] 16842746
		mem[ 13 ] 25034752
		mem[ 14 ] 10
		mem[ 15 ] 0
		mem[ 16 ] 1
		mem[ 17 ] -1
		mem[ 18 ] 5
	registers:
		reg[ 0 ] 0
		reg[ 1 ] 3
		reg[ 2 ] 6
		reg[ 3 ] 0
		reg[ 4 ] 2
		reg[ 5 ] 3
		reg[ 6 ] -1
		reg[ 7 ] 3
end state

@@@
state:
	pc 12
	memory:
		mem[ 0 ] 8519694
		mem[ 1 ] 8781842
		mem[ 2 ] 24576000
		mem[ 3 ] 12648463
		mem[ 4 ] 25165824
		mem[ 5 ] 8781841
		mem[ 6 ] 8650768
		mem[ 7 ] 786437
		mem[ 8 ] 65540
		mem[ 9 ] 327681
		mem[ 10 ] 1441794
		mem[ 11 ] 17825793
		mem[ 12 ] 16842746
		mem[ 13 ] 25034752
		mem[ 14 ] 10
		mem[ 15 ] 0
		mem[ 16 ] 1
		mem[ 17 ] -1
		mem[ 18 ] 5
	registers:
		reg[ 0 ] 0
		reg[ 1 ] 3
		reg[ 2 ] 6
		reg[ 3 ] 0
		reg[ 4 ] 2
		reg[ 5 ] 3
		reg[ 6 ] -1
		reg[ 7 ] 3
end state

@@@
state:
	pc 7
	memory:
		mem[ 0 ] 8519694
		mem[ 1 ] 8781842
		mem[ 2 ] 24576000
		mem[ 3 ] 12648463
		mem[ 4 ] 25165824
		mem[ 5 ] 8781841
		mem[ 6 ] 8650768
		mem[ 7 ] 786437
		mem[ 8 ] 65540
		mem[ 9 ] 327681
		mem[ 10 ] 1441794
		mem[ 11 ] 17825793
		mem[ 12 ] 16842746
		mem[ 13 ] 25034752
		mem[ 14 ] 10
		mem[ 15 ] 0
		mem[ 16 ] 1
		mem[ 17 ] -1
		mem[ 18 ] 5
	registers:
		reg[ 0 ] 0
		reg[ 1 ] 3
		reg[ 2 ] 6
		reg[ 3 ] 0
		reg[ 4 ] 2
		reg[ 5 ] 3
		reg[ 6 ] -1
		reg[ 7 ] 3
end state

@@@
state:
	pc 8
	memory:
		mem[ 0 ] 8519694
		mem[ 1 ] 8781842
		mem[ 2 ] 24576000
		mem[ 3 ] 12648463
		mem[ 4 ] 25165824
		mem[ 5 ] 8781841
		mem[ 6 ] 8650768
		mem[ 7 ] 786437
		mem[ 8 ] 65540
		mem[ 9 ] 327681
		mem[ 10 ] 1441794
		mem[ 11 ] 17825793
		mem[ 12 ] 16842746
		mem[ 13 ] 25034752
		mem[ 14 ] 10
		mem[ 15 ] 0
		mem[ 16 ] 1
		mem[ 17 ] -1
		mem[ 18 ] 5
	registers:
		reg[ 0 ] 0
		reg[ 1 ] 3
		reg[ 2 ] 6
		reg[ 3 ] 0
		reg[ 4 ] 2
		reg[ 5 ] 5
		reg[ 6 ] -1
		reg[ 7 ] 3
end state

@@@
state:
	pc 9
	memory:
		mem[ 0 ] 8519694
		mem[ 1 ] 8781842
		mem[ 2 ] 24576000
		mem[ 3 ] 12648463
		mem[ 4 ] 25165824
		mem[ 5 ] 8781841
		mem[ 6 ] 8650768
		mem[ 7 ] 786437
		mem[ 8 ] 65540
		mem[ 9 ] 327681
		mem[ 10 ] 1441794
		mem[ 11 ] 17825793
		mem[ 12 ] 16842746
		mem[ 13 ] 25034752
		mem[ 14 ] 10
		mem[ 15 ] 0
		mem[ 16 ] 1
		mem[ 17 ] -1
		mem[ 18 ] 5
	registers:
		reg[ 0 ] 0
		reg[ 1 ] 3
		reg[ 2 ] 6
		reg[ 3 ] 0
		reg[ 4 ] 3
		reg[ 5 ] 5
		reg[ 6 ] -1
		reg[ 7 ] 3
end state

@@@
state:
	pc 10
	memory:
		mem[ 0 ] 8519694
		mem[ 1 ] 8781842
		mem[ 2 ] 24576000
		mem[ 3 ] 12648463
		mem[ 4 ] 25165824
		mem[ 5 ] 8781841
		mem[ 6 ] 8650768
		mem[ 7 ] 786437
		mem[ 8 ] 65540
		mem[ 9 ] 327681
		mem[ 10 ] 1441794
		mem[ 11 ] 17825793
		mem[ 12 ] 16842746
		mem[ 13 ] 25034752
		mem[ 14 ] 10
		mem[ 15 ] 0
		mem[ 16 ] 1
		mem[ 17 ] -1
		mem[ 18 ] 5
	registers:
		reg[ 0 ] 0
		reg[ 1 ] 5
		reg[ 2 ] 6
		reg[ 3 ] 0
		reg[ 4 ] 3
		reg[ 5 ] 5
		reg[ 6 ] -1
		reg[ 7 ] 3
end state

@@@
state:
	pc 11
	memory:
		mem[ 0 ] 8519694
		mem[ 1 ] 8781842
		mem[ 2 ] 24576000
		mem[ 3 ] 12648463
		mem[ 4 ] 25165824
		mem[ 5 ] 8781841
		mem[ 6 ] 8650768
		mem[ 7 ] 786437
		mem[ 8 ] 65540
		mem[ 9 ] 327681
		mem[ 10 ] 1441794
		mem[ 11 ] 17825793
		mem[ 12 ] 16842746
		mem[ 13 ] 25034752
		mem[ 14 ] 10
		mem[ 15 ] 0
		mem[ 16 ] 1
		mem[ 17 ] -1
		mem[ 18 ] 5
	registers:
		reg[ 0 ] 0
		reg[ 1 ] 5
		reg[ 2 ] 5
		reg[ 3 ] 0
		reg[ 4 ] 3
		reg[ 5 ] 5
		reg[ 6 ] -1
		reg[ 7 ] 3
end state

@@@
state:
	pc 12
	memory:
		mem[ 0 ] 8519694
		mem[ 1 ] 8781842
		mem[ 2 ] 24576000
		mem[ 3 ] 12648463
		mem[ 4 ] 25165824
		mem[ 5 ] 8781841
		mem[ 6 ] 8650768
		mem[ 7 ] 786437
		mem[ 8 ] 65540
		mem[ 9 ] 327681
		mem[ 10 ] 1441794
		mem[ 11 ] 17825793
		mem[ 12 ] 16842746
		mem[ 13 ] 25034752
		mem[ 14 ] 10
		mem[ 15 ] 0
		mem[ 16 ] 1
		mem[ 17 ] -1
		mem[ 18 ] 5
	registers:
		reg[ 0 ] 0
		reg[ 1 ] 5
		reg[ 2 ] 5
		reg[ 3 ] 0
		reg[ 4 ] 3
		reg[ 5 ] 5
		reg[ 6 ] -1
		reg[ 7 ] 3
end state

@@@
state:
	pc 7
	memory:
		mem[ 0 ] 8519694
		mem[ 1 ] 8781842
		mem[ 2 ] 24576000
		mem[ 3 ] 12648463
		mem[ 4 ] 25165824
		mem[ 5 ] 8781841
		mem[ 6 ] 8650768
		mem[ 7 ] 786437
		mem[ 8 ] 65540
		mem[ 9 ] 327681
		mem[ 10 ] 1441794
		mem[ 11 ] 17825793
		mem[ 12 ] 16842746
		mem[ 13 ] 25034752
		mem[ 14 ] 10
		mem[ 15 ] 0
		mem[ 16 ] 1
		mem[ 17 ] -1
		mem[ 18 ] 5
	registers:
		reg[ 0 ] 0
		reg[ 1 ] 5
		reg[ 2 ] 5
		reg[ 3 ] 0
		reg[ 4 ] 3
		reg[ 5 ] 5
		reg[ 6 ] -1
		reg[ 7 ] 3
end state

@@@
state:
	pc 8
	memory:
		mem[ 0 ] 8519694
		mem[ 1 ] 8781842
		mem[ 2 ] 24576000
		mem[ 3 ] 12648463
		mem[ 4 ] 25165824
		mem[ 5 ] 8781841
		mem[ 6 ] 8650768
		mem[ 7 ] 786437
		mem[ 8 ] 65540
		mem[ 9 ] 327681
		mem[ 10 ] 1441794
		mem[ 11 ] 17825793
		mem[ 12 ] 16842746
		mem[ 13 ] 25034752
		mem[ 14 ] 10
		mem[ 15 ] 0
		mem[ 16 ] 1
		mem[ 17 ] -1
		mem[ 18 ] 5
	registers:
		reg[ 0 ] 0
		reg[ 1 ] 5
		reg[ 2 ] 5
		reg[ 3 ] 0
		reg[ 4 ] 3
		reg[ 5 ] 8
		reg[ 6 ] -1
		reg[ 7 ] 3
end state

@@@
state:
	pc 9
	memory:
		mem[ 0 ] 8519694
		mem[ 1 ] 8781842
		mem[ 2 ] 24576000
		mem[ 3 ] 12648463
		mem[ 4 ] 25165824
		mem[ 5 ] 8781841
		mem[ 6 ] 8650768
		mem[ 7 ] 786437
		mem[ 8 ] 65540
		mem[ 9 ] 327681
		mem[ 10 ] 1441794
		mem[ 11 ] 17825793
		mem[ 12 ] 16842746
		mem[ 13 ] 25034752
		mem[ 14 ] 10
		mem[ 15 ] 0
		mem[ 16 ] 1
		mem[ 17 ] -1
		mem[ 18 ] 5
	registers:
		reg[ 0 ] 0
		reg[ 1 ] 5
		reg[ 2 ] 5
		reg[ 3 ] 0
		reg[ 4 ] 5
		reg[ 5 ] 8
		reg[ 6 ] -1
		reg[ 7 ] 3
end state

@@@
state:
	pc 10
	memory:
		mem[ 0 ] 8519694
		mem[ 1 ] 8781842
		mem[ 2 ] 24576000
		mem[ 3 ] 12648463
		mem[ 4 ] 25165824
		mem[ 5 ] 8781841
		mem[ 6 ] 8650768
		mem[ 7 ] 786437
		mem[ 8 ] 65540
		mem[ 9 ] 327681
		mem[ 10 ] 1441794
		mem[ 11 ] 17825793
		mem[ 12 ] 16842746
		mem[ 13 ] 25034752
		mem[ 14 ] 10
		mem[ 15 ] 0
		mem[ 16 ] 1
		mem[ 17 ] -1
		mem[ 18 ] 5
	registers:
		reg[ 0 ] 0
		reg[ 1 ] 8
		reg[ 2 ] 5
		reg[ 3 ] 0
		reg[ 4 ] 5
		reg[ 5 ] 8
		reg[ 6 ] -1
		reg[ 7 ] 3
end state

@@@
state:
	pc 11
	memory:
		mem[ 0 ] 8519694
		mem[ 1 ] 8781842
		mem[ 2 ] 24576000
		mem[ 3 ] 12648463
		mem[ 4 ] 25165824
		mem[ 5 ] 8781841
		mem[ 6 ] 8650768
		mem[ 7 ] 786437
		mem[ 8 ] 65540
		mem[ 9 ] 327681
		mem[ 10 ] 1441794
		mem[ 11 ] 17825793
		mem[ 12 ] 16842746
		mem[ 13 ] 25034752
		mem[ 14 ] 10
		mem[ 15 ] 0
		mem[ 16 ] 1
		mem[ 17 ] -1
		mem[ 18 ] 5
	registers:
		reg[ 0 ] 0
		reg[ 1 ] 8
		reg[ 2 ] 4
		reg[ 3 ] 0
		reg[ 4 ] 5
		reg[ 5 ] 8
		reg[ 6 ] -1
		reg[ 7 ] 3
end state

@@@
state:
	pc 12
	memory:
		mem[ 0 ] 8519694
		mem[ 1 ] 8781842
		mem[ 2 ] 24576000
		mem[ 3 ] 12648463
		mem[ 4 ] 25165824
		mem[ 5 ] 8781841
		mem[ 6 ] 8650768
		mem[ 7 ] 786437
		mem[ 8 ] 65540
		mem[ 9 ] 327681
		mem[ 10 ] 1441794
		mem[ 11 ] 17825793
		mem[ 12 ] 16842746
		mem[ 13 ] 25034752
		mem[ 14 ] 10
		mem[ 15 ] 0
		mem[ 16 ] 1
		mem[ 17 ] -1
		mem[ 18 ] 5
	registers:
		reg[ 0 ] 0
		reg[ 1 ] 8
		reg[ 2 ] 4
		reg[ 3 ] 0
		reg[ 4 ] 5
		reg[ 5 ] 8
		reg[ 6 ] -1
		reg[ 7 ] 3
end state

@@@
state:
	pc 7
	memory:
		mem[ 0 ] 8519694
		mem[ 1 ] 8781842
		mem[ 2 ] 24576000
		mem[ 3 ] 12648463
		mem[ 4 ] 25165824
		mem[ 5 ] 8781841
		mem[ 6 ] 8650768
		mem[ 7 ] 786437
		mem[ 8 ] 65540
		mem[ 9 ] 327681
		mem[ 10 ] 1441794
		mem[ 11 ] 17825793
		mem[ 12 ] 16842746
		mem[ 13 ] 25034752
		mem[ 14 ] 10
		mem[ 15 ] 0
		mem[ 16 ] 1
		mem[ 17 ] -1
		mem[ 18 ] 5
	registers:
		reg[ 0 ] 0
		reg[ 1 ] 8
		reg[ 2 ] 4
		reg[ 3 ] 0
		reg[ 4 ] 5
		reg[ 5 ] 8
		reg[ 6 ] -1
		reg[ 7 ] 3
end state

@@@
state:
	pc 8
	memory:
		mem[ 0 ] 8519694
		mem[ 1 ] 8781842
		mem[ 2 ] 24576000
		mem[ 3 ] 12648463
		mem[ 4 ] 25165824
		mem[ 5 ] 8781841
		mem[ 6 ] 8650768
		mem[ 7 ] 786437
		mem[ 8 ] 65540
		mem[ 9 ] 327681
		mem[ 10 ] 1441794
		mem[ 11 ] 17825793
		mem[ 12 ] 16842746
		mem[ 13 ] 25034752
		mem[ 14 ] 10
		mem[ 15 ] 0
		mem[ 16 ] 1
		mem[ 17 ] -1
		mem[ 18 ] 5
	registers:
		reg[ 0 ] 0
		reg[ 1 ] 8
		reg[ 2 ] 4
		reg[ 3 ] 0
		reg[ 4 ] 5
		reg[ 5 ] 13
		reg[ 6 ] -1
		reg[ 7 ] 3
end state

@@@
state:
	pc 9
	memory:
		mem[ 0 ] 8519694
		mem[ 1 ] 8781842
		mem[ 2 ] 24576000
		mem[ 3 ] 12648463
		mem[ 4 ] 25165824
		mem[ 5 ] 8781841
		mem[ 6 ] 8650768
		mem[ 7 ] 786437
		mem[ 8 ] 65540
		mem[ 9 ] 327681
		mem[ 10 ] 1441794
		mem[ 11 ] 17825793
		mem[ 12 ] 16842746
		mem[ 13 ] 25034752
		mem[ 14 ] 10
		mem[ 15 ] 0
		mem[ 16 ] 1
		mem[ 17 ] -1
		mem[ 18 ] 5
	registers:
		reg[ 0 ] 0
		reg[ 1 ] 8
		reg[ 2 ] 4
		reg[ 3 ] 0
		reg[ 4 ] 8
		reg[ 5 ] 13
		reg[ 6 ] -1
		reg[ 7 ] 3
end state

@@@
state:
	pc 10
	memory:
		mem[ 0 ] 8519694
		mem[ 1 ] 8781842
		mem[ 2 ] 24576000
		mem[ 3 ] 12648463
		mem[ 4 ] 25165824
		mem[ 5 ] 8781841
		mem[ 6 ] 8650768
		mem[ 7 ] 786437
		mem[ 8 ] 65540
		mem[ 9 ] 327681
		mem[ 10 ] 1441794
		mem[ 11 ] 17825793
		mem[ 12 ] 16842746
		mem[ 13 ] 25034752
		mem[ 14 ] 10
		mem[ 15 ] 0
		mem[ 16 ] 1
		mem[ 17 ] -1
		mem[ 18 ] 5
	registers:
		reg[ 0 ] 0
		reg[ 1 ] 13
		reg[ 2 ] 4
		reg[ 3 ] 0
		reg[ 4 ] 8
		reg[ 5 ] 13
		reg[ 6 ] -1
		reg[ 7 ] 3
end state

@@@
state:
	pc 11
	memory:
		mem[ 0 ] 8519694
		mem[ 1 ] 8781842
		mem[ 2 ] 24576000
		mem[ 3 ] 12648463
		mem[ 4 ] 25165824
		mem[ 5 ] 8781841
		mem[ 6 ] 8650768
		mem[ 7 ] 786437
		mem[ 8 ] 65540
		mem[ 9 ] 327681
		mem[ 10 ] 1441794
		mem[ 11 ] 17825793
		mem[ 12 ] 16842746
		mem[ 13 ] 25034752
		mem[ 14 ] 10
		mem[ 15 ] 0
		mem[ 16 ] 1
		mem[ 17 ] -1
		mem[ 18 ] 5
	registers:
		reg[ 0 ] 0
		reg[ 1 ] 13
		reg[ 2 ] 3
		reg[ 3 ] 0
		reg[ 4 ] 8
		reg[ 5 ] 13
		reg[ 6 ] -1
		reg[ 7 ] 3
end state

@@@
state:
	pc 12
	memory:
		mem[ 0 ] 8519694
		mem[ 1 ] 8781842
		mem[ 2 ] 24576000
		mem[ 3 ] 12648463
		mem[ 4 ] 25165824
		mem[ 5 ] 8781841
		mem[ 6 ] 8650768
		mem[ 7 ] 786437
		mem[ 8 ] 65540
		mem[ 9 ] 327681
		mem[ 10 ] 1441794
		mem[ 11 ] 17825793
		mem[ 12 ] 16842746
		mem[ 13 ] 25034752
		mem[ 14 ] 10
		mem[ 15 ] 0
		mem[ 16 ] 1
		mem[ 17 ] -1
		mem[ 18 ] 5
	registers:
		reg[ 0 ] 0
		reg[ 1 ] 13
		reg[ 2 ] 3
		reg[ 3 ] 0
		reg[ 4 ] 8
		reg[ 5 ] 13
		reg[ 6 ] -1
		reg[ 7 ] 3
end state

@@@
state:
	pc 7
	memory:
		mem[ 0 ] 8519694
		mem[ 1 ] 8781842
		mem[ 2 ] 24576000
		mem[ 3 ] 12648463
		mem[ 4 ] 25165824
		mem[ 5 ] 8781841
		mem[ 6 ] 8650768
		mem[ 7 ] 786437
		mem[ 8 ] 65540
		mem[ 9 ] 327681
		mem[ 10 ] 1441794
		mem[ 11 ] 17825793
		mem[ 12 ] 16842746
		mem[ 13 ] 25034752
		mem[ 14 ] 10
		mem[ 15 ] 0
		mem[ 16 ] 1
		mem[ 17 ] -1
		mem[ 18 ] 5
	registers:
		reg[ 0 ] 0
		reg[ 1 ] 13
		reg[ 2 ] 3
		reg[ 3 ] 0
		reg[ 4 ] 8
		reg[ 5 ] 13
		reg[ 6 ] -1
		reg[ 7 ] 3
end state

@@@
state:
	pc 8
	memory:
		mem[ 0 ] 8519694
		mem[ 1 ] 8781842
		mem[ 2 ] 24576000
		mem[ 3 ] 12648463
		mem[ 4 ] 25165824
		mem[ 5 ] 8781841
		mem[ 6 ] 8650768
		mem[ 7 ] 786437
		mem[ 8 ] 65540
		mem[ 9 ] 327681
		mem[ 10 ] 1441794
		mem[ 11 ] 17825793
		mem[ 12 ] 16842746
		mem[ 13 ] 25034752
		mem[ 14 ] 10
		mem[ 15 ] 0
		mem[ 16 ] 1
		mem[ 17 ] -1
		mem[ 18 ] 5
	registers:
		reg[ 0 ] 0
		reg[ 1 ] 13
		reg[ 2 ] 3
		reg[ 3 ] 0
		reg[ 4 ] 8
		reg[ 5 ] 21
		reg[ 6 ] -1
		reg[ 7 ] 3
end state

@@@
state:
	pc 9
	memory:
		mem[ 0 ] 8519694
		mem[ 1 ] 8781842
		mem[ 2 ] 24576000
		mem[ 3 ] 12648463
		mem[ 4 ] 25165824
		mem[ 5 ] 8781841
		mem[ 6 ] 8650768
		mem[ 7 ] 786437
		mem[ 8 ] 65540
		mem[ 9 ] 327681
		mem[ 10 ] 1441794
		mem[ 11 ] 17825793
		mem[ 12 ] 16842746
		mem[ 13 ] 25034752
		mem[ 14 ] 10
		mem[ 15 ] 0
		mem[ 16 ] 1
		mem[ 17 ] -1
		mem[ 18 ] 5
	registers:
		reg[ 0 ] 0
		reg[ 1 ] 13
		reg[ 2 ] 3
		reg[ 3 ] 0
		reg[ 4 ] 13
		reg[ 5 ] 21
		reg[ 6 ] -1
		reg[ 7 ] 3
end state

@@@
state:
	pc 10
	memory:
		mem[ 0 ] 8519694
		mem[ 1 ] 8781842
		mem[ 2 ] 24576000
		mem[ 3 ] 12648463
		mem[ 4 ] 25165824
		mem[ 5 ] 8781841
		mem[ 6 ] 8650768
		mem[ 7 ] 786437
		mem[ 8 ] 65540
		mem[ 9 ] 327681
		mem[ 10 ] 1441794
		mem[ 11 ] 17825793
		mem[ 12 ] 16842746
		mem[ 13 ] 25034752
		mem[ 14 ] 10
		mem[ 15 ] 0
		mem[ 16 ] 1
		mem[ 17 ] -1
		mem[ 18 ] 5
	registers:
		reg[ 0 ] 0
		reg[ 1 ] 21
		reg[ 2 ] 3
		reg[ 3 ] 0
		reg[ 4 ] 13
		reg[ 5 ] 21
		reg[ 6 ] -1
		reg[ 7 ] 3
end state

@@@
state:
	pc 11
	memory:
		mem[ 0 ] 8519694
		mem[ 1 ] 8781842
		mem[ 2 ] 24576000
		mem[ 3 ] 12648463
		mem[ 4 ] 25165824
		mem[ 5 ] 8781841
		mem[ 6 ] 8650768
		mem[ 7 ] 786437
		mem[ 8 ] 65540
		mem[ 9 ] 327681
		mem[ 10 ] 1441794
		mem[ 11 ] 17825793
		mem[ 12 ] 16842746
		mem[ 13 ] 25034752
		mem[ 14 ] 10
		mem[ 15 ] 0
		mem[ 16 ] 1
		mem[ 17 ] -1
		mem[ 18 ] 5
	registers:
		reg[ 0 ] 0
		reg[ 1 ] 21
		reg[ 2 ] 2
		reg[ 3 ] 0
		reg[ 4 ] 13
		reg[ 5 ] 21
		reg[ 6 ] -1
		reg[ 7 ] 3
end state

@@@
state:
	pc 12
	memory:
		mem[ 0 ] 8519694
		mem[ 1 ] 8781842
		mem[ 2 ] 24576000
		mem[ 3 ] 12648463
		mem[ 4 ] 25165824
		mem[ 5 ] 8781841
		mem[ 6 ] 8650768
		mem[ 7 ] 786437
		mem[ 8 ] 65540
		mem[ 9 ] 327681
		mem[ 10 ] 1441794
		mem[ 11 ] 17825793
		mem[ 12 ] 16842746
		mem[ 13 ] 25034752
		mem[ 14 ] 10
		mem[ 15 ] 0
		mem[ 16 ] 1
		mem[ 17 ] -1
		mem[ 18 ] 5
	registers:
		reg[ 0 ] 0
		reg[ 1 ] 21
		reg[ 2 ] 2
		reg[ 3 ] 0
		reg[ 4 ] 13
		reg[ 5 ] 21
		reg[ 6 ] -1
		reg[ 7 ] 3
end state

@@@
state:
	pc 7
	memory:
		mem[ 0 ] 8519694
		mem[ 1 ] 8781842
		mem[ 2 ] 24576000
		mem[ 3 ] 12648463
		mem[ 4 ] 25165824
		mem[ 5 ] 8781841
		mem[ 6 ] 8650768
		mem[ 7 ] 786437
		mem[ 8 ] 65540
		mem[ 9 ] 327681
		mem[ 10 ] 1441794
		mem[ 11 ] 17825793
		mem[ 12 ] 16842746
		mem[ 13 ] 25034752
		mem[ 14 ] 10
		mem[ 15 ] 0
		mem[ 16 ] 1
		mem[ 17 ] -1
		mem[ 18 ] 5
	registers:
		reg[ 0 ] 0
		reg[ 1 ] 21
		reg[ 2 ] 2
		reg[ 3 ] 0
		reg[ 4 ] 13
		reg[ 5 ] 21
		reg[ 6 ] -1
		reg[ 7 ] 3
end state

@@@
state:
	pc 8
	memory:
		mem[ 0 ] 8519694
		mem[ 1 ] 8781842
		mem[ 2 ] 24576000
		mem[ 3 ] 12648463
		mem[ 4 ] 25165824
		mem[ 5 ] 8781841
		mem[ 6 ] 8650768
		mem[ 7 ] 786437
		mem[ 8 ] 65540
		mem[ 9 ] 327681
		mem[ 10 ] 1441794
		mem[ 11 ] 17825793
		mem[ 12 ] 16842746
		mem[ 13 ] 25034752
		mem[ 14 ] 10
		mem[ 15 ] 0
		mem[ 16 ] 1
		mem[ 17 ] -1
		mem[ 18 ] 5
	registers:
		reg[ 0 ] 0
		reg[ 1 ] 21
		reg[ 2 ] 2
		reg[ 3 ] 0
		reg[ 4 ] 13
		reg[ 5 ] 34
		reg[ 6 ] -1
		reg[ 7 ] 3
end state

@@@
state:
	pc 9
	memory:
		mem[ 0 ] 8519694
		mem[ 1 ] 8781842
		mem[ 2 ] 24576000
		mem[ 3 ] 12648463
		mem[ 4 ] 25165824
		mem[ 5 ] 8781841
		mem[ 6 ] 8650768
		mem[ 7 ] 786437
		mem[ 8 ] 65540
		mem[ 9 ] 327681
		mem[ 10 ] 1441794
		mem[ 11 ] 17825793
		mem[ 12 ] 16842746
		mem[ 13 ] 25034752
		mem[ 14 ] 10
		mem[ 15 ] 0
		mem[ 16 ] 1
		mem[ 17 ] -1
		mem[ 18 ] 5
	registers:
		reg[ 0 ] 0
		reg[ 1 ] 21
		reg[ 2 ] 2
		reg[ 3 ] 0
		reg[ 4 ] 21
		reg[ 5 ] 34
		reg[ 6 ] -1
		reg[ 7 ] 3
end state

@@@
state:
	pc 10
	memory:
		mem[ 0 ] 8519694
		mem[ 1 ] 8781842
		mem[ 2 ] 24576000
		mem[ 3 ] 12648463
		mem[ 4 ] 25165824
		mem[ 5 ] 8781841
		mem[ 6 ] 8650768
		mem[ 7 ] 786437
		mem[ 8 ] 65540
		mem[ 9 ] 327681
		mem[ 10 ] 1441794
		mem[ 11 ] 17825793
		mem[ 12 ] 16842746
		mem[ 13 ] 25034752
		mem[ 14 ] 10
		mem[ 15 ] 0
		mem[ 16 ] 1
		mem[ 17 ] -1
		mem[ 18 ] 5
	registers:
		reg[ 0 ] 0
		reg[ 1 ] 34
		reg[ 2 ] 2
		reg[ 3 ] 0
		reg[ 4 ] 21
		reg[ 5 ] 34
		reg[ 6 ] -1
		reg[ 7 ] 3
end state

@@@
state:
	pc 11
	memory:
		mem[ 0 ] 8519694
		mem[ 1 ] 8781842
		mem[ 2 ] 24576000
		mem[ 3 ] 12648463
		mem[ 4 ] 25165824
		mem[ 5 ] 8781841
		mem[ 6 ] 8650768
		mem[ 7 ] 786437
		mem[ 8 ] 65540
		mem[ 9 ] 327681
		mem[ 10 ] 1441794
		mem[ 11 ] 17825793
		mem[ 12 ] 16842746
		mem[ 13 ] 25034752
		mem[ 14 ] 10
		mem[ 15 ] 0
		mem[ 16 ] 1
		mem[ 17 ] -1
		mem[ 18 ] 5
	registers:
		reg[ 0 ] 0
		reg[ 1 ] 34
		reg[ 2 ] 1
		reg[ 3 ] 0
		reg[ 4 ] 21
		reg[ 5 ] 34
		reg[ 6 ] -1
		reg[ 7 ] 3
end state

@@@
state:
	pc 12
	memory:
		mem[ 0 ] 8519694
		mem[ 1 ] 8781842
		mem[ 2 ] 24576000
		mem[ 3 ] 12648463
		mem[ 4 ] 25165824
		mem[ 5 ] 8781841
		mem[ 6 ] 8650768
		mem[ 7 ] 786437
		mem[ 8 ] 65540
		mem[ 9 ] 327681
		mem[ 10 ] 1441794
		mem[ 11 ] 17825793
		mem[ 12 ] 16842746
		mem[ 13 ] 25034752
		mem[ 14 ] 10
		mem[ 15 ] 0
		mem[ 16 ] 1
		mem[ 17 ] -1
		mem[ 18 ] 5
	registers:
		reg[ 0 ] 0
		reg[ 1 ] 34
		reg[ 2 ] 1
		reg[ 3 ] 0
		reg[ 4 ] 21
		reg[ 5 ] 34
		reg[ 6 ] -1
		reg[ 7 ] 3
end state

@@@
state:
	pc 7
	memory:
		mem[ 0 ] 8519694
		mem[ 1 ] 8781842
		mem[ 2 ] 24576000
		mem[ 3 ] 12648463
		mem[ 4 ] 25165824
		mem[ 5 ] 8781841
		mem[ 6 ] 8650768
		mem[ 7 ] 786437
		mem[ 8 ] 65540
		mem[ 9 ] 327681
		mem[ 10 ] 1441794
		mem[ 11 ] 17825793
		mem[ 12 ] 16842746
		mem[ 13 ] 25034752
		mem[ 14 ] 10
		mem[ 15 ] 0
		mem[ 16 ] 1
		mem[ 17 ] -1
		mem[ 18 ] 5
	registers:
		reg[ 0 ] 0
		reg[ 1 ] 34
		reg[ 2 ] 1
		reg[ 3 ] 0
		reg[ 4 ] 21
		reg[ 5 ] 34
		reg[ 6 ] -1
		reg[ 7 ] 3
end state

@@@
state:
	pc 8
	memory:
		mem[ 0 ] 8519694
		mem[ 1 ] 8781842
		mem[ 2 ] 24576000
		mem[ 3 ] 12648463
		mem[ 4 ] 25165824
		mem[ 5 ] 8781841
		mem[ 6 ] 8650768
		mem[ 7 ] 786437
		mem[ 8 ] 65540
		mem[ 9 ] 327681
		mem[ 10 ] 1441794
		mem[ 11 ] 17825793
		mem[ 12 ] 16842746
		mem[ 13 ] 25034752
		mem[ 14 ] 10
		mem[ 15 ] 0
		mem[ 16 ] 1
		mem[ 17 ] -1
		mem[ 18 ] 5
	registers:
		reg[ 0 ] 0
		reg[ 1 ] 34
		reg[ 2 ] 1
		reg[ 3 ] 0
		reg[ 4 ] 21
		reg[ 5 ] 55
		reg[ 6 ] -1
		reg[ 7 ] 3
end state

@@@
state:
	pc 9
	memory:
		mem[ 0 ] 8519694
		mem[ 1 ] 8781842
		mem[ 2 ] 24576000
		mem[ 3 ] 12648463
		mem[ 4 ] 25165824
		mem[ 5 ] 8781841
		mem[ 6 ] 8650768
		mem[ 7 ] 786437
		mem[ 8 ] 65540
		mem[ 9 ] 327681
		mem[ 10 ] 1441794
		mem[ 11 ] 17825793
		mem[ 12 ] 16842746
		mem[ 13 ] 25034752
		mem[ 14 ] 10
		mem[ 15 ] 0
		mem[ 16 ] 1
		mem[ 17 ] -1
		mem[ 18 ] 5
	registers:
		reg[ 0 ] 0
		reg[ 1 ] 34
		reg[ 2 ] 1
		reg[ 3 ] 0
		reg[ 4 ] 34
		reg[ 5 ] 55
		reg[ 6 ] -1
		reg[ 7 ] 3
end state

@@@
state:
	pc 10
	memory:
		mem[ 0 ] 8519694
		mem[ 1 ] 8781842
		mem[ 2 ] 24576000
		mem[ 3 ] 12648463
		mem[ 4 ] 25165824
		mem[ 5 ] 8781841
		mem[ 6 ] 8650768
		mem[ 7 ] 786437
		mem[ 8 ] 65540
		mem[ 9 ] 327681
		mem[ 10 ] 1441794
		mem[ 11 ] 17825793
		mem[ 12 ] 16842746
		mem[ 13 ] 25034752
		mem[ 14 ] 10
		mem[ 15 ] 0
		mem[ 16 ] 1
		mem[ 17 ] -1
		mem[ 18 ] 5
	registers:
		reg[ 0 ] 0
		reg[ 1 ] 55
		reg[ 2 ] 1
		reg[ 3 ] 0
		reg[ 4 ] 34
		reg[ 5 ] 55
		reg[ 6 ] -1
		reg[ 7 ] 3
end state

@@@
state:
	pc 11
	memory:
		mem[ 0 ] 8519694
		mem[ 1 ] 8781842
		mem[ 2 ] 24576000
		mem[ 3 ] 12648463
		mem[ 4 ] 25165824
		mem[ 5 ] 8781841
		mem[ 6 ] 8650768
		mem[ 7 ] 786437
		mem[ 8 ] 65540
		mem[ 9 ] 327681
		mem[ 10 ] 1441794
		mem[ 11 ] 17825793
		mem[ 12 ] 16842746
		mem[ 13 ] 25034752
		mem[ 14 ] 10
		mem[ 15 ] 0
		mem[ 16 ] 1
		mem[ 17 ] -1
		mem[ 18 ] 5
	registers:
		reg[ 0 ] 0
		reg[ 1 ] 55
		reg[ 2 ] 0
		reg[ 3 ] 0
		reg[ 4 ] 34
		reg[ 5 ] 55
		reg[ 6 ] -1
		reg[ 7 ] 3
end state

@@@
state:
	pc 13
	memory:
		mem[ 0 ] 8519694
		mem[ 1 ] 8781842
		mem[ 2 ] 24576000
		mem[ 3 ] 12648463
		mem[ 4 ] 25165824
		mem[ 5 ] 8781841
		mem[ 6 ] 8650768
		mem[ 7 ] 786437
		mem[ 8 ] 65540
		mem[ 9 ] 327681
		mem[ 10 ] 1441794
		mem[ 11 ] 17825793
		mem[ 12 ] 16842746
		mem[ 13 ] 25034752
		mem[ 14 ] 10
		mem[ 15 ] 0
		mem[ 16 ] 1
		mem[ 17 ] -1
		mem[ 18 ] 5
	registers:
		reg[ 0 ] 0
		reg[ 1 ] 55
		reg[ 2 ] 0
		reg[ 3 ] 0
		reg[ 4 ] 34
		reg[ 5 ] 55
		reg[ 6 ] -1
		reg[ 7 ] 3
end state

@@@
state:
	pc 3
	memory:
		mem[ 0 ] 8519694
		mem[ 1 ] 8781842
		mem[ 2 ] 24576000
		mem[ 3 ] 12648463
		mem[ 4 ] 25165824
		mem[ 5 ] 8781841
		mem[ 6 ] 8650768
		mem[ 7 ] 786437
		mem[ 8 ] 65540
		mem[ 9 ] 327681
		mem[ 10 ] 1441794
		mem[ 11 ] 17825793
		mem[ 12 ] 16842746
		mem[ 13 ] 25034752
		mem[ 14 ] 10
		mem[ 15 ] 0
		mem[ 16 ] 1
		mem[ 17 ] -1
		mem[ 18 ] 5
	registers:
		reg[ 0 ] 0
		reg[ 1 ] 55
		reg[ 2 ] 0
		reg[ 3 ] 0
		reg[ 4 ] 34
		reg[ 5 ] 55
		reg[ 6 ] 14
		reg[ 7 ] 3
end state

@@@
state:
	pc 4
	memory:
		mem[ 0 ] 8519694
		mem[ 1 ] 8781842
		mem[ 2 ] 24576000
		mem[ 3 ] 12648463
		mem[ 4 ] 25165824
		mem[ 5 ] 8781841
		mem[ 6 ] 8650768
		mem[ 7 ] 786437
		mem[ 8 ] 65540
		mem[ 9 ] 327681
		mem[ 10 ] 1441794
		mem[ 11 ] 17825793
		mem[ 12 ] 16842746
		mem[ 13 ] 25034752
		mem[ 14 ] 10
		mem[ 15 ] 55
		mem[ 16 ] 1
		mem[ 17 ] -1
		mem[ 18 ] 5
	registers:
		reg[ 0 ] 0
		reg[ 1 ] 55
		reg[ 2 ] 0
		reg[ 3 ] 0
		reg[ 4 ] 34
		reg[ 5 ] 55
		reg[ 6 ] 14
		reg[ 7 ] 3
end state
machine halted
total of 67 instructions executed
final state of machine:

@@@
state:
	pc 5
	memory:
		mem[ 0 ] 8519694
		mem[ 1 ] 8781842
		mem[ 2 ] 24576000
		mem[ 3 ] 12648463
		mem[ 4 ] 25165824
		mem[ 5 ] 8781841
		mem[ 6 ] 8650768
		mem[ 7 ] 786437
		mem[ 8 ] 65540
		mem[ 9 ] 327681
		mem[ 10 ] 1441794
		mem[ 11 ] 17825793
		mem[ 12 ] 16842746
		mem[ 13 ] 25034752
		mem[ 14 ] 10
		mem[ 15 ] 55
		mem[ 16 ] 1
		mem[ 17 ] -1
		mem[ 18 ] 5
	registers:
		reg[ 0 ] 0
		reg[ 1 ] 55
		reg[ 2 ] 0
		reg[ 3 ] 0
		reg[ 4 ] 34
		reg[ 5 ] 55
		reg[ 6 ] 14
		reg[ 7 ] 3
end state
